params,test_err, norm:  [1.13247841 0.86860362] 0.019893618486976863 11.57803289210542
params,test_err, norm:  [1.3082226  0.62018448] 0.016986026345711742 11.103240674098721
params,test_err, norm:  [1.42856529 0.3529778 ] 0.0159751856803115 11.103240674098721
params,test_err, norm:  [1.42807676 0.35149584] 0.015980043021090597 11.103240674098721
params,test_err, norm:  [1.43050248 0.34166012] 0.01606129167692095 11.103240674098721
params,test_err, norm:  [1.43049496 0.34165849] 0.01606124162217649 11.103240674098721
params,test_err, norm:  [1.43042298 0.34162889] 0.016060858199333276 11.103240674098721
RUNNING THE L-BFGS-B CODE

           * * *

Machine precision = 2.220D-16
 N =            2     M =           10

At X0         0 variables are exactly at the bounds

At iterate    0    f=  3.49733D-01    |proj g|=  3.24784D-02

At iterate    1    f=  3.47686D-01    |proj g|=  2.79181D-02

At iterate    2    f=  3.38947D-01    |proj g|=  2.11606D-02

At iterate    3    f=  3.34061D-01    |proj g|=  2.97671D-03

At iterate    4    f=  3.33973D-01    |proj g|=  2.67593D-03

At iterate    5    f=  3.31718D-01    |proj g|=  3.13054D-03

At iterate    6    f=  3.31289D-01    |proj g|=  2.47112D-03

At iterate    7    f=  3.33522D-01    |proj g|=  2.09147D-03

           * * *

Tit   = total number of iterations
Tnf   = total number of function evaluations
Tnint = total number of segments explored during Cauchy searches
Skip  = number of BFGS updates skipped
Nact  = number of active bounds at final generalized Cauchy point
Projg = norm of the final projected gradient
F     = final function value

           * * *

   N    Tit     Tnf  Tnint  Skip  Nact     Projg        F
    2      7     16      7     0     0   2.091D-03   3.335D-01
  F =  0.33352229630877722     

CONVERGENCE: REL_REDUCTION_OF_F_<=_FACTR*EPSMCH             

 Cauchy                time 0.000E+00 seconds.
 Subspace minimization time 0.000E+00 seconds.
 Line search           time 0.000E+00 seconds.

 Total User time 0.000E+00 seconds.

