params,test_err, norm:  [1.12704676 0.87642399] 0.018639022211387336 10.723741512506107
params,test_err, norm:  [1.28942339 0.60059094] 0.016735834651726393 10.23908595569438
params,test_err, norm:  [1.36574056 0.40805167] 0.015703306040834183 10.23908595569438
params,test_err, norm:  [1.39218605 0.23508526] 0.01714407799748773 10.23908595569438
RUNNING THE L-BFGS-B CODE

           * * *

Machine precision = 2.220D-16
 N =            2     M =           10

At X0         0 variables are exactly at the bounds

At iterate    0    f=  3.43740D-01    |proj g|=  2.70468D-02

At iterate    1    f=  3.37401D-01    |proj g|=  2.27221D-02

At iterate    2    f=  3.36517D-01    |proj g|=  1.79080D-02

At iterate    3    f=  3.31180D-01    |proj g|=  8.57663D-03

At iterate    4    f=  3.33321D-01    |proj g|=  1.43345D-02

           * * *

Tit   = total number of iterations
Tnf   = total number of function evaluations
Tnint = total number of segments explored during Cauchy searches
Skip  = number of BFGS updates skipped
Nact  = number of active bounds at final generalized Cauchy point
Projg = norm of the final projected gradient
F     = final function value

           * * *

   N    Tit     Tnf  Tnint  Skip  Nact     Projg        F
    2      4      9      5     0     0   1.433D-02   3.333D-01
  F =  0.33332084893355518     

CONVERGENCE: REL_REDUCTION_OF_F_<=_FACTR*EPSMCH             

 Cauchy                time 0.000E+00 seconds.
 Subspace minimization time 0.000E+00 seconds.
 Line search           time 0.000E+00 seconds.

 Total User time 0.000E+00 seconds.

