params,test_err, norm:  [1.12762051 0.87647734] 0.018402567057665024 10.25433529579904
params,test_err, norm:  [1.12762051 0.87647734] 0.018402567057665024 10.25433529579904
RUNNING THE L-BFGS-B CODE

           * * *

Machine precision = 2.220D-16
 N =            2     M =           10

At X0         0 variables are exactly at the bounds

At iterate    0    f=  3.46747D-01    |proj g|=  2.76205D-02

At iterate    1    f=  3.36490D-01    |proj g|=  2.10313D-02

At iterate    2    f=  3.39054D-01    |proj g|=  2.21956D-02

           * * *

Tit   = total number of iterations
Tnf   = total number of function evaluations
Tnint = total number of segments explored during Cauchy searches
Skip  = number of BFGS updates skipped
Nact  = number of active bounds at final generalized Cauchy point
Projg = norm of the final projected gradient
F     = final function value

           * * *

   N    Tit     Tnf  Tnint  Skip  Nact     Projg        F
    2      2      9      2     0     0   2.220D-02   3.391D-01
  F =  0.33905377728279384     

CONVERGENCE: REL_REDUCTION_OF_F_<=_FACTR*EPSMCH             

 Cauchy                time 0.000E+00 seconds.
 Subspace minimization time 0.000E+00 seconds.
 Line search           time 0.000E+00 seconds.

 Total User time 0.000E+00 seconds.

