params,test_err, norm:  [1.10019178 0.89979034] 0.009334990573329776 7.967357488184671
params,test_err, norm:  [1.10019178 0.89979034] 0.009334990573329776 7.967357488184671
params,test_err, norm:  [1.10405951 0.89554299] 0.009241095023794867 7.967357488184671
RUNNING THE L-BFGS-B CODE

           * * *

Machine precision = 2.220D-16
 N =            2     M =           10

At X0         0 variables are exactly at the bounds

At iterate    0    f=  3.55155D-01    |proj g|=  3.25374D-02

At iterate    1    f=  3.51356D-01    |proj g|=  3.18583D-02

At iterate    2    f=  3.50367D-01    |proj g|=  3.06104D-02

At iterate    3    f=  3.55460D-01    |proj g|=  3.22616D-02

           * * *

Tit   = total number of iterations
Tnf   = total number of function evaluations
Tnint = total number of segments explored during Cauchy searches
Skip  = number of BFGS updates skipped
Nact  = number of active bounds at final generalized Cauchy point
Projg = norm of the final projected gradient
F     = final function value

           * * *

   N    Tit     Tnf  Tnint  Skip  Nact     Projg        F
    2      3     18      4     0     0   3.226D-02   3.555D-01
  F =  0.35546032499645219     

CONVERGENCE: REL_REDUCTION_OF_F_<=_FACTR*EPSMCH             

 Cauchy                time 0.000E+00 seconds.
 Subspace minimization time 0.000E+00 seconds.
 Line search           time 0.000E+00 seconds.

 Total User time 0.000E+00 seconds.

