params,test_err, norm:  [1.1348733  0.87098946] 0.020662297958556224 11.886849597413343
params,test_err, norm:  [1.37686311 0.51855956] 0.015555028189423677 10.631163350320028
params,test_err, norm:  [1.42069485 0.40014505] 0.015459218307554975 10.631163350320028
params,test_err, norm:  [1.42064797 0.39972548] 0.0154599637664155 10.631163350320028
params,test_err, norm:  [1.42064797 0.39972548] 0.0154599637664155 10.631163350320028
RUNNING THE L-BFGS-B CODE

           * * *

Machine precision = 2.220D-16
 N =            2     M =           10

At X0         0 variables are exactly at the bounds

At iterate    0    f=  3.47103D-01    |proj g|=  3.48733D-02

At iterate    1    f=  3.46303D-01    |proj g|=  3.01876D-02

At iterate    2    f=  3.33909D-01    |proj g|=  1.31894D-02

At iterate    3    f=  3.30135D-01    |proj g|=  2.98471D-03

At iterate    4    f=  3.28028D-01    |proj g|=  4.30688D-03
  ys=-5.051E-07  -gs= 1.272E-06 BFGS update SKIPPED

At iterate    5    f=  3.31981D-01    |proj g|=  2.52444D-03

           * * *

Tit   = total number of iterations
Tnf   = total number of function evaluations
Tnint = total number of segments explored during Cauchy searches
Skip  = number of BFGS updates skipped
Nact  = number of active bounds at final generalized Cauchy point
Projg = norm of the final projected gradient
F     = final function value

           * * *

   N    Tit     Tnf  Tnint  Skip  Nact     Projg        F
    2      5     15      5     1     0   2.524D-03   3.320D-01
  F =  0.33198116363187535     

CONVERGENCE: REL_REDUCTION_OF_F_<=_FACTR*EPSMCH             

 Cauchy                time 0.000E+00 seconds.
 Subspace minimization time 0.000E+00 seconds.
 Line search           time 0.000E+00 seconds.

 Total User time 0.000E+00 seconds.

