params,test_err, norm:  [1.13439869 0.86738332] 0.019532292571048996 9.807451368736292
params,test_err, norm:  [1.22438983 0.80058068] 0.018649505524792467 9.254134563960925
params,test_err, norm:  [1.36636464 0.58870639] 0.016255327987692726 9.254134563960925
params,test_err, norm:  [1.47116585 0.38601294] 0.016071855033731545 9.254134563960925
params,test_err, norm:  [1.45847492 0.34846258] 0.016204755795872036 9.254134563960925
params,test_err, norm:  [1.41927708 0.32248219] 0.016079922841721654 9.254134563960925
params,test_err, norm:  [1.41927708 0.32248219] 0.016079922841721654 9.254134563960925
RUNNING THE L-BFGS-B CODE

           * * *

Machine precision = 2.220D-16
 N =            2     M =           10

At X0         0 variables are exactly at the bounds

At iterate    0    f=  3.50833D-01    |proj g|=  3.43987D-02

At iterate    1    f=  3.47171D-01    |proj g|=  2.48904D-02

At iterate    2    f=  3.39643D-01    |proj g|=  1.81520D-02

At iterate    3    f=  3.37496D-01    |proj g|=  1.46991D-02

At iterate    4    f=  3.36351D-01    |proj g|=  2.35089D-03

At iterate    5    f=  3.33015D-01    |proj g|=  2.66875D-03

At iterate    6    f=  3.28365D-01    |proj g|=  3.33913D-03

At iterate    7    f=  3.36134D-01    |proj g|=  1.91146D-03

           * * *

Tit   = total number of iterations
Tnf   = total number of function evaluations
Tnint = total number of segments explored during Cauchy searches
Skip  = number of BFGS updates skipped
Nact  = number of active bounds at final generalized Cauchy point
Projg = norm of the final projected gradient
F     = final function value

           * * *

   N    Tit     Tnf  Tnint  Skip  Nact     Projg        F
    2      7     16      8     0     0   1.911D-03   3.361D-01
  F =  0.33613414210671144     

CONVERGENCE: REL_REDUCTION_OF_F_<=_FACTR*EPSMCH             

 Cauchy                time 0.000E+00 seconds.
 Subspace minimization time 0.000E+00 seconds.
 Line search           time 0.000E+00 seconds.

 Total User time 0.000E+00 seconds.

