params,test_err, norm:  [1.10054525 0.89940029] 0.01877366658255668 10.613285028202084
params,test_err, norm:  [1.10054525 0.89940029] 0.01877366658255668 10.613285028202084
params,test_err, norm:  [1.10054802 0.89940089] 0.018773666926532356 10.613253211174397
RUNNING THE L-BFGS-B CODE

           * * *

Machine precision = 2.220D-16
 N =            2     M =           10

At X0         0 variables are exactly at the bounds

At iterate    0    f=  3.52588D-01    |proj g|=  3.09439D-02

At iterate    1    f=  3.48803D-01    |proj g|=  3.04156D-02

At iterate    2    f=  3.47304D-01    |proj g|=  2.92612D-02

At iterate    3    f=  3.52221D-01    |proj g|=  3.14945D-02

           * * *

Tit   = total number of iterations
Tnf   = total number of function evaluations
Tnint = total number of segments explored during Cauchy searches
Skip  = number of BFGS updates skipped
Nact  = number of active bounds at final generalized Cauchy point
Projg = norm of the final projected gradient
F     = final function value

           * * *

   N    Tit     Tnf  Tnint  Skip  Nact     Projg        F
    2      3     18      3     0     0   3.149D-02   3.522D-01
  F =  0.35222135887087896     

CONVERGENCE: REL_REDUCTION_OF_F_<=_FACTR*EPSMCH             

 Cauchy                time 0.000E+00 seconds.
 Subspace minimization time 0.000E+00 seconds.
 Line search           time 0.000E+00 seconds.

 Total User time 0.000E+00 seconds.

