params,test_err, norm:  [1.12925559 0.87604312] 0.018431704932240278 10.998653543922893
params,test_err, norm:  [1.33374328 0.7481433 ] 0.016924212882667013 9.142262758863778
params,test_err, norm:  [1.53869736 0.46272725] 0.016148685543195214 9.142262758863778
params,test_err, norm:  [1.53839668 0.46233391] 0.016148066958791566 9.142262758863778
RUNNING THE L-BFGS-B CODE

           * * *

Machine precision = 2.220D-16
 N =            2     M =           10

At X0         0 variables are exactly at the bounds

At iterate    0    f=  3.49181D-01    |proj g|=  2.92556D-02

At iterate    1    f=  3.42107D-01    |proj g|=  2.55873D-02

At iterate    2    f=  3.34302D-01    |proj g|=  1.44178D-02

At iterate    3    f=  3.29614D-01    |proj g|=  2.08178D-03

At iterate    4    f=  3.33006D-01    |proj g|=  2.75341D-03

           * * *

Tit   = total number of iterations
Tnf   = total number of function evaluations
Tnint = total number of segments explored during Cauchy searches
Skip  = number of BFGS updates skipped
Nact  = number of active bounds at final generalized Cauchy point
Projg = norm of the final projected gradient
F     = final function value

           * * *

   N    Tit     Tnf  Tnint  Skip  Nact     Projg        F
    2      4     10      4     0     0   2.753D-03   3.330D-01
  F =  0.33300620078336418     

CONVERGENCE: REL_REDUCTION_OF_F_<=_FACTR*EPSMCH             

 Cauchy                time 0.000E+00 seconds.
 Subspace minimization time 0.000E+00 seconds.
 Line search           time 0.000E+00 seconds.

 Total User time 0.000E+00 seconds.

