params,test_err, norm:  [1.13177455 0.87181923] 0.019628190936535176 12.088059715214849
params,test_err, norm:  [1.32893401 0.59267627] 0.016169409706174948 10.805618487325631
params,test_err, norm:  [1.38021133 0.42442191] 0.015439481831313861 10.805618487325631
params,test_err, norm:  [1.38919342 0.26455777] 0.016524035665882817 10.805618487325631
RUNNING THE L-BFGS-B CODE

           * * *

Machine precision = 2.220D-16
 N =            2     M =           10

At X0         0 variables are exactly at the bounds

At iterate    0    f=  3.46727D-01    |proj g|=  3.17746D-02

At iterate    1    f=  3.44736D-01    |proj g|=  2.72269D-02

At iterate    2    f=  3.38737D-01    |proj g|=  1.64111D-02

At iterate    3    f=  3.30697D-01    |proj g|=  7.85326D-03

At iterate    4    f=  3.31207D-01    |proj g|=  9.21924D-03

           * * *

Tit   = total number of iterations
Tnf   = total number of function evaluations
Tnint = total number of segments explored during Cauchy searches
Skip  = number of BFGS updates skipped
Nact  = number of active bounds at final generalized Cauchy point
Projg = norm of the final projected gradient
F     = final function value

           * * *

   N    Tit     Tnf  Tnint  Skip  Nact     Projg        F
    2      4      9      4     0     0   9.219D-03   3.312D-01
  F =  0.33120683468466405     

CONVERGENCE: REL_REDUCTION_OF_F_<=_FACTR*EPSMCH             

 Cauchy                time 0.000E+00 seconds.
 Subspace minimization time 0.000E+00 seconds.
 Line search           time 0.000E+00 seconds.

 Total User time 0.000E+00 seconds.

