params,test_err, norm:  [1.13019514 0.87456929] 0.018579752438627764 10.836080696764068
params,test_err, norm:  [1.42510983 0.37469933] 0.01585729215903992 10.836080696764068
params,test_err, norm:  [1.40476985 0.37148407] 0.015754003795644757 10.836080696764068
params,test_err, norm:  [1.40319018 0.37012096] 0.015748864233811992 10.836080696764068
RUNNING THE L-BFGS-B CODE

           * * *

Machine precision = 2.220D-16
 N =            2     M =           10

At X0         0 variables are exactly at the bounds

At iterate    0    f=  3.42723D-01    |proj g|=  3.01951D-02

At iterate    1    f=  3.41119D-01    |proj g|=  2.68237D-02

At iterate    2    f=  3.32692D-01    |proj g|=  2.33115D-03

At iterate    3    f=  3.31625D-01    |proj g|=  2.28625D-03

At iterate    4    f=  3.32295D-01    |proj g|=  2.69421D-03

           * * *

Tit   = total number of iterations
Tnf   = total number of function evaluations
Tnint = total number of segments explored during Cauchy searches
Skip  = number of BFGS updates skipped
Nact  = number of active bounds at final generalized Cauchy point
Projg = norm of the final projected gradient
F     = final function value

           * * *

   N    Tit     Tnf  Tnint  Skip  Nact     Projg        F
    2      4      9      4     0     0   2.694D-03   3.323D-01
  F =  0.33229481974654929     

CONVERGENCE: REL_REDUCTION_OF_F_<=_FACTR*EPSMCH             

 Cauchy                time 0.000E+00 seconds.
 Subspace minimization time 0.000E+00 seconds.
 Line search           time 0.000E+00 seconds.

 Total User time 0.000E+00 seconds.

