params,test_err, norm:  [1.13617629 0.86219427] 0.021522675756855427 12.008127891837223
params,test_err, norm:  [1.35299573 0.37072649] 0.015804143022204134 12.008127891837223
params,test_err, norm:  [1.3648767  0.27095489] 0.016426334544064308 12.008127891837223
params,test_err, norm:  [1.35328734 0.29309121] 0.016096026813550553 12.008127891837223
params,test_err, norm:  [1.35328734 0.29309121] 0.016096026813550553 12.008127891837223
params,test_err, norm:  [1.35328734 0.29309121] 0.016096026813550553 12.008127891837223
RUNNING THE L-BFGS-B CODE

           * * *

Machine precision = 2.220D-16
 N =            2     M =           10

At X0         0 variables are exactly at the bounds

At iterate    0    f=  3.53166D-01    |proj g|=  3.78057D-02

At iterate    1    f=  3.50881D-01    |proj g|=  3.55272D-02

At iterate    2    f=  3.35752D-01    |proj g|=  1.07023D-02

At iterate    3    f=  3.34454D-01    |proj g|=  3.48417D-03

At iterate    4    f=  3.29573D-01    |proj g|=  3.53195D-03

At iterate    5    f=  3.29099D-01    |proj g|=  2.38515D-03
  ys= 0.000E+00  -gs= 0.000E+00 BFGS update SKIPPED

At iterate    6    f=  3.34855D-01    |proj g|=  2.77712D-03

           * * *

Tit   = total number of iterations
Tnf   = total number of function evaluations
Tnint = total number of segments explored during Cauchy searches
Skip  = number of BFGS updates skipped
Nact  = number of active bounds at final generalized Cauchy point
Projg = norm of the final projected gradient
F     = final function value

           * * *

   N    Tit     Tnf  Tnint  Skip  Nact     Projg        F
    2      6     19      6     1     0   2.777D-03   3.349D-01
  F =  0.33485509671667413     

CONVERGENCE: REL_REDUCTION_OF_F_<=_FACTR*EPSMCH             

 Cauchy                time 0.000E+00 seconds.
 Subspace minimization time 0.000E+00 seconds.
 Line search           time 0.000E+00 seconds.

 Total User time 0.000E+00 seconds.

