params,test_err, norm:  [1.11790495 0.88409255] 0.017492488735184636 10.005198185790572
params,test_err, norm:  [1.12818615 0.86782672] 0.017335355655518497 9.893825021788883
RUNNING THE L-BFGS-B CODE

           * * *

Machine precision = 2.220D-16
 N =            2     M =           10

At X0         0 variables are exactly at the bounds

At iterate    0    f=  3.47922D-01    |proj g|=  3.16755D-02

At iterate    1    f=  3.42869D-01    |proj g|=  2.48808D-02

At iterate    2    f=  3.43119D-01    |proj g|=  2.50140D-02

           * * *

Tit   = total number of iterations
Tnf   = total number of function evaluations
Tnint = total number of segments explored during Cauchy searches
Skip  = number of BFGS updates skipped
Nact  = number of active bounds at final generalized Cauchy point
Projg = norm of the final projected gradient
F     = final function value

           * * *

   N    Tit     Tnf  Tnint  Skip  Nact     Projg        F
    2      2      8      2     0     0   2.501D-02   3.431D-01
  F =  0.34311925181360992     

CONVERGENCE: REL_REDUCTION_OF_F_<=_FACTR*EPSMCH             

 Cauchy                time 0.000E+00 seconds.
 Subspace minimization time 0.000E+00 seconds.
 Line search           time 0.000E+00 seconds.

 Total User time 0.000E+00 seconds.

