training
lr, dw 0.0001 1e-11
test tensor(0.1569, grad_fn=<MeanBackward0>) dev tensor(0.0006, grad_fn=<SelectBackward>)
test tensor(0.1470, grad_fn=<MeanBackward0>) dev tensor(0.0008, grad_fn=<SelectBackward>)
test tensor(0.1372, grad_fn=<MeanBackward0>) dev tensor(0.0006, grad_fn=<SelectBackward>)
test tensor(0.1250, grad_fn=<MeanBackward0>) dev tensor(0.0007, grad_fn=<SelectBackward>)
test tensor(0.1117, grad_fn=<MeanBackward0>) dev tensor(0.0009, grad_fn=<SelectBackward>)
test tensor(0.1003, grad_fn=<MeanBackward0>) dev tensor(0.0006, grad_fn=<SelectBackward>)
test tensor(0.0915, grad_fn=<MeanBackward0>) dev tensor(0.0005, grad_fn=<SelectBackward>)
test tensor(0.0815, grad_fn=<MeanBackward0>) dev tensor(0.0006, grad_fn=<SelectBackward>)
test tensor(0.0757, grad_fn=<MeanBackward0>) dev tensor(0.0003, grad_fn=<SelectBackward>)
test tensor(0.0666, grad_fn=<MeanBackward0>) dev tensor(0.0005, grad_fn=<SelectBackward>)
test tensor(0.0598, grad_fn=<MeanBackward0>) dev tensor(0.0007, grad_fn=<SelectBackward>)
test tensor(0.0549, grad_fn=<MeanBackward0>) dev tensor(0.0003, grad_fn=<SelectBackward>)
test tensor(0.0492, grad_fn=<MeanBackward0>) dev tensor(0.0004, grad_fn=<SelectBackward>)
test tensor(0.0433, grad_fn=<MeanBackward0>) dev tensor(0.0004, grad_fn=<SelectBackward>)
lr, dw 0.0001 1e-11
test tensor(0.1740, grad_fn=<MeanBackward0>) dev tensor(0.0009, grad_fn=<SelectBackward>)
test tensor(0.1658, grad_fn=<MeanBackward0>) dev tensor(0.0005, grad_fn=<SelectBackward>)
test tensor(0.1530, grad_fn=<MeanBackward0>) dev tensor(0.0015, grad_fn=<SelectBackward>)
test tensor(0.1429, grad_fn=<MeanBackward0>) dev tensor(0.0010, grad_fn=<SelectBackward>)
test tensor(0.1324, grad_fn=<MeanBackward0>) dev tensor(0.0007, grad_fn=<SelectBackward>)
test tensor(0.1181, grad_fn=<MeanBackward0>) dev tensor(0.0007, grad_fn=<SelectBackward>)
test tensor(0.1073, grad_fn=<MeanBackward0>) dev tensor(0.0009, grad_fn=<SelectBackward>)
lr, dw 0.0001 1e-11
test tensor(0.1062, grad_fn=<MeanBackward0>) dev tensor(0.0005, grad_fn=<SelectBackward>)
test tensor(0.1017, grad_fn=<MeanBackward0>) dev tensor(0.0006, grad_fn=<SelectBackward>)
test tensor(0.0961, grad_fn=<MeanBackward0>) dev tensor(0.0005, grad_fn=<SelectBackward>)
test tensor(0.0898, grad_fn=<MeanBackward0>) dev tensor(0.0004, grad_fn=<SelectBackward>)
test tensor(0.0832, grad_fn=<MeanBackward0>) dev tensor(0.0003, grad_fn=<SelectBackward>)
test tensor(0.0758, grad_fn=<MeanBackward0>) dev tensor(0.0003, grad_fn=<SelectBackward>)
test tensor(0.0674, grad_fn=<MeanBackward0>) dev tensor(0.0005, grad_fn=<SelectBackward>)
test tensor(0.0621, grad_fn=<MeanBackward0>) dev tensor(0.0003, grad_fn=<SelectBackward>)
test tensor(0.0551, grad_fn=<MeanBackward0>) dev tensor(0.0003, grad_fn=<SelectBackward>)
test tensor(0.0479, grad_fn=<MeanBackward0>) dev tensor(0.0005, grad_fn=<SelectBackward>)
test tensor(0.0431, grad_fn=<MeanBackward0>) dev tensor(0.0002, grad_fn=<SelectBackward>)
test tensor(0.0384, grad_fn=<MeanBackward0>) dev tensor(0.0002, grad_fn=<SelectBackward>)
test tensor(0.0340, grad_fn=<MeanBackward0>) dev tensor(0.0003, grad_fn=<SelectBackward>)
test tensor(0.0306, grad_fn=<MeanBackward0>) dev tensor(0.0001, grad_fn=<SelectBackward>)
test tensor(0.0266, grad_fn=<MeanBackward0>) dev tensor(0.0002, grad_fn=<SelectBackward>)
test tensor(0.0231, grad_fn=<MeanBackward0>) dev tensor(0.0002, grad_fn=<SelectBackward>)
test tensor(0.0200, grad_fn=<MeanBackward0>) dev tensor(0.0002, grad_fn=<SelectBackward>)
test tensor(0.0177, grad_fn=<MeanBackward0>) dev tensor(0.0001, grad_fn=<SelectBackward>)
test tensor(0.0150, grad_fn=<MeanBackward0>) dev tensor(0.0001, grad_fn=<SelectBackward>)
lr, dw 0.0001 1e-11
test tensor(0.1529, grad_fn=<MeanBackward0>) dev tensor(0.0008, grad_fn=<SelectBackward>)
test tensor(0.1436, grad_fn=<MeanBackward0>) dev tensor(0.0007, grad_fn=<SelectBackward>)
test tensor(0.1317, grad_fn=<MeanBackward0>) dev tensor(0.0010, grad_fn=<SelectBackward>)
test tensor(0.1218, grad_fn=<MeanBackward0>) dev tensor(0.0007, grad_fn=<SelectBackward>)
test tensor(0.1120, grad_fn=<MeanBackward0>) dev tensor(0.0006, grad_fn=<SelectBackward>)
test tensor(0.1031, grad_fn=<MeanBackward0>) dev tensor(0.0004, grad_fn=<SelectBackward>)
test tensor(0.0938, grad_fn=<MeanBackward0>) dev tensor(0.0004, grad_fn=<SelectBackward>)
test tensor(0.0853, grad_fn=<MeanBackward0>) dev tensor(0.0006, grad_fn=<SelectBackward>)
test tensor(0.0777, grad_fn=<MeanBackward0>) dev tensor(0.0006, grad_fn=<SelectBackward>)
test tensor(0.0710, grad_fn=<MeanBackward0>) dev tensor(0.0002, grad_fn=<SelectBackward>)
test tensor(0.0643, grad_fn=<MeanBackward0>) dev tensor(0.0005, grad_fn=<SelectBackward>)
test tensor(0.0591, grad_fn=<MeanBackward0>) dev tensor(0.0002, grad_fn=<SelectBackward>)
test tensor(0.0539, grad_fn=<MeanBackward0>) dev tensor(0.0002, grad_fn=<SelectBackward>)
test tensor(0.0482, grad_fn=<MeanBackward0>) dev tensor(0.0004, grad_fn=<SelectBackward>)
test tensor(0.0440, grad_fn=<MeanBackward0>) dev tensor(0.0001, grad_fn=<SelectBackward>)
test tensor(0.0389, grad_fn=<MeanBackward0>) dev tensor(0.0002, grad_fn=<SelectBackward>)
test tensor(0.0343, grad_fn=<MeanBackward0>) dev tensor(0.0003, grad_fn=<SelectBackward>)
test tensor(0.0306, grad_fn=<MeanBackward0>) dev tensor(0.0002, grad_fn=<SelectBackward>)
test tensor(0.0264, grad_fn=<MeanBackward0>) dev tensor(0.0002, grad_fn=<SelectBackward>)
test tensor(0.0234, grad_fn=<MeanBackward0>) dev tensor(0.0001, grad_fn=<SelectBackward>)
test tensor(0.0203, grad_fn=<MeanBackward0>) dev tensor(0.0001, grad_fn=<SelectBackward>)
test tensor(0.0177, grad_fn=<MeanBackward0>) dev tensor(7.2205e-05, grad_fn=<SelectBackward>)
test tensor(0.0164, grad_fn=<MeanBackward0>) dev tensor(7.4508e-05, grad_fn=<SelectBackward>)
test tensor(0.0135, grad_fn=<MeanBackward0>) dev tensor(0.0002, grad_fn=<SelectBackward>)
test tensor(0.0119, grad_fn=<MeanBackward0>) dev tensor(7.6087e-05, grad_fn=<SelectBackward>)
test tensor(0.0107, grad_fn=<MeanBackward0>) dev tensor(4.6955e-05, grad_fn=<SelectBackward>)
test tensor(0.0095, grad_fn=<MeanBackward0>) dev tensor(5.0057e-05, grad_fn=<SelectBackward>)
test tensor(0.0092, grad_fn=<MeanBackward0>) dev tensor(7.8487e-05, grad_fn=<SelectBackward>)
test tensor(0.0084, grad_fn=<MeanBackward0>) dev tensor(4.1640e-05, grad_fn=<SelectBackward>)
test tensor(0.0075, grad_fn=<MeanBackward0>) dev tensor(5.2361e-05, grad_fn=<SelectBackward>)
test tensor(0.0069, grad_fn=<MeanBackward0>) dev tensor(3.1833e-05, grad_fn=<SelectBackward>)
test tensor(0.0066, grad_fn=<MeanBackward0>) dev tensor(3.0093e-05, grad_fn=<SelectBackward>)
test tensor(0.0065, grad_fn=<MeanBackward0>) dev tensor(3.4894e-05, grad_fn=<SelectBackward>)
test tensor(0.0068, grad_fn=<MeanBackward0>) dev tensor(8.3562e-05, grad_fn=<SelectBackward>)
test tensor(0.0065, grad_fn=<MeanBackward0>) dev tensor(2.4409e-05, grad_fn=<SelectBackward>)
test tensor(0.0067, grad_fn=<MeanBackward0>) dev tensor(2.2840e-05, grad_fn=<SelectBackward>)
test tensor(0.0072, grad_fn=<MeanBackward0>) dev tensor(6.7727e-05, grad_fn=<SelectBackward>)
test tensor(0.0076, grad_fn=<MeanBackward0>) dev tensor(5.8957e-05, grad_fn=<SelectBackward>)
test tensor(0.0081, grad_fn=<MeanBackward0>) dev tensor(2.0948e-05, grad_fn=<SelectBackward>)
test tensor(0.0086, grad_fn=<MeanBackward0>) dev tensor(2.2204e-05, grad_fn=<SelectBackward>)
test tensor(0.0091, grad_fn=<MeanBackward0>) dev tensor(3.8270e-05, grad_fn=<SelectBackward>)
test tensor(0.0096, grad_fn=<MeanBackward0>) dev tensor(1.7332e-05, grad_fn=<SelectBackward>)
test tensor(0.0105, grad_fn=<MeanBackward0>) dev tensor(2.5755e-05, grad_fn=<SelectBackward>)
test tensor(0.0112, grad_fn=<MeanBackward0>) dev tensor(2.3717e-05, grad_fn=<SelectBackward>)
test tensor(0.0119, grad_fn=<MeanBackward0>) dev tensor(2.2921e-05, grad_fn=<SelectBackward>)
test tensor(0.0128, grad_fn=<MeanBackward0>) dev tensor(1.7022e-05, grad_fn=<SelectBackward>)
test tensor(0.0140, grad_fn=<MeanBackward0>) dev tensor(3.7835e-05, grad_fn=<SelectBackward>)
test tensor(0.0147, grad_fn=<MeanBackward0>) dev tensor(2.2533e-05, grad_fn=<SelectBackward>)
test tensor(0.0157, grad_fn=<MeanBackward0>) dev tensor(3.9213e-05, grad_fn=<SelectBackward>)
test tensor(0.0165, grad_fn=<MeanBackward0>) dev tensor(7.3948e-05, grad_fn=<SelectBackward>)
test tensor(0.0178, grad_fn=<MeanBackward0>) dev tensor(1.7907e-05, grad_fn=<SelectBackward>)
lr, dw 0.0001 1e-11
test tensor(0.1422, grad_fn=<MeanBackward0>) dev tensor(0.0007, grad_fn=<SelectBackward>)
test tensor(0.1336, grad_fn=<MeanBackward0>) dev tensor(0.0006, grad_fn=<SelectBackward>)
test tensor(0.1247, grad_fn=<MeanBackward0>) dev tensor(0.0008, grad_fn=<SelectBackward>)
test tensor(0.1152, grad_fn=<MeanBackward0>) dev tensor(0.0008, grad_fn=<SelectBackward>)
test tensor(0.1067, grad_fn=<MeanBackward0>) dev tensor(0.0007, grad_fn=<SelectBackward>)
test tensor(0.0977, grad_fn=<MeanBackward0>) dev tensor(0.0005, grad_fn=<SelectBackward>)
test tensor(0.0887, grad_fn=<MeanBackward0>) dev tensor(0.0005, grad_fn=<SelectBackward>)
test tensor(0.0813, grad_fn=<MeanBackward0>) dev tensor(0.0003, grad_fn=<SelectBackward>)
test tensor(0.0733, grad_fn=<MeanBackward0>) dev tensor(0.0004, grad_fn=<SelectBackward>)
test tensor(0.0666, grad_fn=<MeanBackward0>) dev tensor(0.0004, grad_fn=<SelectBackward>)
test tensor(0.0612, grad_fn=<MeanBackward0>) dev tensor(0.0003, grad_fn=<SelectBackward>)
test tensor(0.0557, grad_fn=<MeanBackward0>) dev tensor(0.0002, grad_fn=<SelectBackward>)
test tensor(0.0501, grad_fn=<MeanBackward0>) dev tensor(0.0003, grad_fn=<SelectBackward>)
test tensor(0.0449, grad_fn=<MeanBackward0>) dev tensor(0.0003, grad_fn=<SelectBackward>)
test tensor(0.0402, grad_fn=<MeanBackward0>) dev tensor(0.0003, grad_fn=<SelectBackward>)
test tensor(0.0361, grad_fn=<MeanBackward0>) dev tensor(0.0002, grad_fn=<SelectBackward>)
test tensor(0.0324, grad_fn=<MeanBackward0>) dev tensor(0.0001, grad_fn=<SelectBackward>)
test tensor(0.0288, grad_fn=<MeanBackward0>) dev tensor(0.0001, grad_fn=<SelectBackward>)
test tensor(0.0252, grad_fn=<MeanBackward0>) dev tensor(0.0001, grad_fn=<SelectBackward>)
test tensor(0.0223, grad_fn=<MeanBackward0>) dev tensor(0.0001, grad_fn=<SelectBackward>)
test tensor(0.0197, grad_fn=<MeanBackward0>) dev tensor(9.8092e-05, grad_fn=<SelectBackward>)
test tensor(0.0169, grad_fn=<MeanBackward0>) dev tensor(0.0001, grad_fn=<SelectBackward>)
test tensor(0.0145, grad_fn=<MeanBackward0>) dev tensor(0.0002, grad_fn=<SelectBackward>)
test tensor(0.0129, grad_fn=<MeanBackward0>) dev tensor(8.0496e-05, grad_fn=<SelectBackward>)
test tensor(0.0112, grad_fn=<MeanBackward0>) dev tensor(6.4033e-05, grad_fn=<SelectBackward>)
test tensor(0.0100, grad_fn=<MeanBackward0>) dev tensor(5.4293e-05, grad_fn=<SelectBackward>)
test tensor(0.0084, grad_fn=<MeanBackward0>) dev tensor(7.3689e-05, grad_fn=<SelectBackward>)
test tensor(0.0075, grad_fn=<MeanBackward0>) dev tensor(3.9085e-05, grad_fn=<SelectBackward>)
test tensor(0.0066, grad_fn=<MeanBackward0>) dev tensor(5.6881e-05, grad_fn=<SelectBackward>)
test tensor(0.0059, grad_fn=<MeanBackward0>) dev tensor(8.7534e-05, grad_fn=<SelectBackward>)
test tensor(0.0053, grad_fn=<MeanBackward0>) dev tensor(5.5901e-05, grad_fn=<SelectBackward>)
test tensor(0.0051, grad_fn=<MeanBackward0>) dev tensor(3.4526e-05, grad_fn=<SelectBackward>)
test tensor(0.0047, grad_fn=<MeanBackward0>) dev tensor(0.0001, grad_fn=<SelectBackward>)
test tensor(0.0045, grad_fn=<MeanBackward0>) dev tensor(4.2050e-05, grad_fn=<SelectBackward>)
test tensor(0.0044, grad_fn=<MeanBackward0>) dev tensor(2.8269e-05, grad_fn=<SelectBackward>)
test tensor(0.0044, grad_fn=<MeanBackward0>) dev tensor(5.7804e-05, grad_fn=<SelectBackward>)
test tensor(0.0045, grad_fn=<MeanBackward0>) dev tensor(2.9748e-05, grad_fn=<SelectBackward>)
test tensor(0.0047, grad_fn=<MeanBackward0>) dev tensor(2.5776e-05, grad_fn=<SelectBackward>)
test tensor(0.0050, grad_fn=<MeanBackward0>) dev tensor(2.3136e-05, grad_fn=<SelectBackward>)
test tensor(0.0055, grad_fn=<MeanBackward0>) dev tensor(3.6675e-05, grad_fn=<SelectBackward>)
test tensor(0.0060, grad_fn=<MeanBackward0>) dev tensor(2.2782e-05, grad_fn=<SelectBackward>)
test tensor(0.0064, grad_fn=<MeanBackward0>) dev tensor(2.9246e-05, grad_fn=<SelectBackward>)
test tensor(0.0071, grad_fn=<MeanBackward0>) dev tensor(1.7925e-05, grad_fn=<SelectBackward>)
test tensor(0.0076, grad_fn=<MeanBackward0>) dev tensor(3.4792e-05, grad_fn=<SelectBackward>)
test tensor(0.0084, grad_fn=<MeanBackward0>) dev tensor(2.5935e-05, grad_fn=<SelectBackward>)
test tensor(0.0089, grad_fn=<MeanBackward0>) dev tensor(1.6332e-05, grad_fn=<SelectBackward>)
test tensor(0.0093, grad_fn=<MeanBackward0>) dev tensor(7.5742e-05, grad_fn=<SelectBackward>)
test tensor(0.0101, grad_fn=<MeanBackward0>) dev tensor(1.6516e-05, grad_fn=<SelectBackward>)
test tensor(0.0108, grad_fn=<MeanBackward0>) dev tensor(0.0002, grad_fn=<SelectBackward>)
test tensor(0.0116, grad_fn=<MeanBackward0>) dev tensor(5.2194e-05, grad_fn=<SelectBackward>)
test tensor(0.0127, grad_fn=<MeanBackward0>) dev tensor(0.0001, grad_fn=<SelectBackward>)
lr, dw 0.0001 1e-11
test tensor(0.1047, grad_fn=<MeanBackward0>) dev tensor(0.0006, grad_fn=<SelectBackward>)
test tensor(0.0934, grad_fn=<MeanBackward0>) dev tensor(0.0007, grad_fn=<SelectBackward>)
test tensor(0.0818, grad_fn=<MeanBackward0>) dev tensor(0.0005, grad_fn=<SelectBackward>)
test tensor(0.0721, grad_fn=<MeanBackward0>) dev tensor(0.0002, grad_fn=<SelectBackward>)
test tensor(0.0597, grad_fn=<MeanBackward0>) dev tensor(0.0004, grad_fn=<SelectBackward>)
test tensor(0.0513, grad_fn=<MeanBackward0>) dev tensor(0.0004, grad_fn=<SelectBackward>)
test tensor(0.0445, grad_fn=<MeanBackward0>) dev tensor(0.0002, grad_fn=<SelectBackward>)
test tensor(0.0382, grad_fn=<MeanBackward0>) dev tensor(0.0002, grad_fn=<SelectBackward>)
test tensor(0.0322, grad_fn=<MeanBackward0>) dev tensor(0.0002, grad_fn=<SelectBackward>)
test tensor(0.0260, grad_fn=<MeanBackward0>) dev tensor(0.0003, grad_fn=<SelectBackward>)
test tensor(0.0220, grad_fn=<MeanBackward0>) dev tensor(0.0001, grad_fn=<SelectBackward>)
test tensor(0.0179, grad_fn=<MeanBackward0>) dev tensor(0.0001, grad_fn=<SelectBackward>)
test tensor(0.0146, grad_fn=<MeanBackward0>) dev tensor(0.0002, grad_fn=<SelectBackward>)
test tensor(0.0118, grad_fn=<MeanBackward0>) dev tensor(0.0001, grad_fn=<SelectBackward>)
test tensor(0.0103, grad_fn=<MeanBackward0>) dev tensor(4.4802e-05, grad_fn=<SelectBackward>)
test tensor(0.0091, grad_fn=<MeanBackward0>) dev tensor(7.7458e-05, grad_fn=<SelectBackward>)
test tensor(0.0076, grad_fn=<MeanBackward0>) dev tensor(3.5882e-05, grad_fn=<SelectBackward>)
test tensor(0.0068, grad_fn=<MeanBackward0>) dev tensor(3.5657e-05, grad_fn=<SelectBackward>)
test tensor(0.0067, grad_fn=<MeanBackward0>) dev tensor(4.8425e-05, grad_fn=<SelectBackward>)
test tensor(0.0064, grad_fn=<MeanBackward0>) dev tensor(3.4194e-05, grad_fn=<SelectBackward>)
test tensor(0.0066, grad_fn=<MeanBackward0>) dev tensor(2.5848e-05, grad_fn=<SelectBackward>)
test tensor(0.0070, grad_fn=<MeanBackward0>) dev tensor(2.3945e-05, grad_fn=<SelectBackward>)
test tensor(0.0076, grad_fn=<MeanBackward0>) dev tensor(2.2758e-05, grad_fn=<SelectBackward>)
test tensor(0.0083, grad_fn=<MeanBackward0>) dev tensor(2.6633e-05, grad_fn=<SelectBackward>)
test tensor(0.0089, grad_fn=<MeanBackward0>) dev tensor(2.4116e-05, grad_fn=<SelectBackward>)
test tensor(0.0096, grad_fn=<MeanBackward0>) dev tensor(5.8805e-05, grad_fn=<SelectBackward>)
test tensor(0.0108, grad_fn=<MeanBackward0>) dev tensor(4.6270e-05, grad_fn=<SelectBackward>)
test tensor(0.0119, grad_fn=<MeanBackward0>) dev tensor(3.6300e-05, grad_fn=<SelectBackward>)
lr, dw 0.0001 1e-11
test tensor(0.1507, grad_fn=<MeanBackward0>) dev tensor(0.0007, grad_fn=<SelectBackward>)
test tensor(0.1447, grad_fn=<MeanBackward0>) dev tensor(0.0008, grad_fn=<SelectBackward>)
test tensor(0.1375, grad_fn=<MeanBackward0>) dev tensor(0.0009, grad_fn=<SelectBackward>)
test tensor(0.1294, grad_fn=<MeanBackward0>) dev tensor(0.0007, grad_fn=<SelectBackward>)
test tensor(0.1200, grad_fn=<MeanBackward0>) dev tensor(0.0007, grad_fn=<SelectBackward>)
test tensor(0.1106, grad_fn=<MeanBackward0>) dev tensor(0.0006, grad_fn=<SelectBackward>)
test tensor(0.1012, grad_fn=<MeanBackward0>) dev tensor(0.0006, grad_fn=<SelectBackward>)
test tensor(0.0924, grad_fn=<MeanBackward0>) dev tensor(0.0005, grad_fn=<SelectBackward>)
test tensor(0.0824, grad_fn=<MeanBackward0>) dev tensor(0.0004, grad_fn=<SelectBackward>)
test tensor(0.0740, grad_fn=<MeanBackward0>) dev tensor(0.0003, grad_fn=<SelectBackward>)
test tensor(0.0664, grad_fn=<MeanBackward0>) dev tensor(0.0003, grad_fn=<SelectBackward>)
test tensor(0.0602, grad_fn=<MeanBackward0>) dev tensor(0.0002, grad_fn=<SelectBackward>)
test tensor(0.0542, grad_fn=<MeanBackward0>) dev tensor(0.0002, grad_fn=<SelectBackward>)
test tensor(0.0478, grad_fn=<MeanBackward0>) dev tensor(0.0002, grad_fn=<SelectBackward>)
test tensor(0.0430, grad_fn=<MeanBackward0>) dev tensor(0.0002, grad_fn=<SelectBackward>)
test tensor(0.0387, grad_fn=<MeanBackward0>) dev tensor(0.0002, grad_fn=<SelectBackward>)
test tensor(0.0342, grad_fn=<MeanBackward0>) dev tensor(0.0002, grad_fn=<SelectBackward>)
test tensor(0.0310, grad_fn=<MeanBackward0>) dev tensor(0.0001, grad_fn=<SelectBackward>)
test tensor(0.0277, grad_fn=<MeanBackward0>) dev tensor(0.0001, grad_fn=<SelectBackward>)
test tensor(0.0243, grad_fn=<MeanBackward0>) dev tensor(0.0001, grad_fn=<SelectBackward>)
test tensor(0.0215, grad_fn=<MeanBackward0>) dev tensor(0.0001, grad_fn=<SelectBackward>)
test tensor(0.0195, grad_fn=<MeanBackward0>) dev tensor(7.8911e-05, grad_fn=<SelectBackward>)
test tensor(0.0173, grad_fn=<MeanBackward0>) dev tensor(7.1796e-05, grad_fn=<SelectBackward>)
test tensor(0.0147, grad_fn=<MeanBackward0>) dev tensor(0.0002, grad_fn=<SelectBackward>)
test tensor(0.0131, grad_fn=<MeanBackward0>) dev tensor(0.0002, grad_fn=<SelectBackward>)
test tensor(0.0132, grad_fn=<MeanBackward0>) dev tensor(0.0001, grad_fn=<SelectBackward>)
test tensor(0.0112, grad_fn=<MeanBackward0>) dev tensor(7.5872e-05, grad_fn=<SelectBackward>)
test tensor(0.0102, grad_fn=<MeanBackward0>) dev tensor(0.0001, grad_fn=<SelectBackward>)
lr, dw 0.0001 1e-11
test tensor(0.1505, grad_fn=<MeanBackward0>) dev tensor(0.0007, grad_fn=<SelectBackward>)
test tensor(0.1390, grad_fn=<MeanBackward0>) dev tensor(0.0012, grad_fn=<SelectBackward>)
test tensor(0.1306, grad_fn=<MeanBackward0>) dev tensor(0.0008, grad_fn=<SelectBackward>)
test tensor(0.1207, grad_fn=<MeanBackward0>) dev tensor(0.0011, grad_fn=<SelectBackward>)
test tensor(0.1137, grad_fn=<MeanBackward0>) dev tensor(0.0005, grad_fn=<SelectBackward>)
test tensor(0.1054, grad_fn=<MeanBackward0>) dev tensor(0.0006, grad_fn=<SelectBackward>)
test tensor(0.0983, grad_fn=<MeanBackward0>) dev tensor(0.0004, grad_fn=<SelectBackward>)
test tensor(0.0911, grad_fn=<MeanBackward0>) dev tensor(0.0003, grad_fn=<SelectBackward>)
test tensor(0.0832, grad_fn=<MeanBackward0>) dev tensor(0.0006, grad_fn=<SelectBackward>)
test tensor(0.0769, grad_fn=<MeanBackward0>) dev tensor(0.0007, grad_fn=<SelectBackward>)
test tensor(0.0713, grad_fn=<MeanBackward0>) dev tensor(0.0004, grad_fn=<SelectBackward>)
test tensor(0.0659, grad_fn=<MeanBackward0>) dev tensor(0.0003, grad_fn=<SelectBackward>)
test tensor(0.0606, grad_fn=<MeanBackward0>) dev tensor(0.0003, grad_fn=<SelectBackward>)
test tensor(0.0558, grad_fn=<MeanBackward0>) dev tensor(0.0002, grad_fn=<SelectBackward>)
test tensor(0.0512, grad_fn=<MeanBackward0>) dev tensor(0.0002, grad_fn=<SelectBackward>)
test tensor(0.0464, grad_fn=<MeanBackward0>) dev tensor(0.0002, grad_fn=<SelectBackward>)
test tensor(0.0413, grad_fn=<MeanBackward0>) dev tensor(0.0003, grad_fn=<SelectBackward>)
test tensor(0.0375, grad_fn=<MeanBackward0>) dev tensor(0.0004, grad_fn=<SelectBackward>)
test tensor(0.0343, grad_fn=<MeanBackward0>) dev tensor(0.0002, grad_fn=<SelectBackward>)
lr, dw 0.0001 1e-11
test tensor(0.1662, grad_fn=<MeanBackward0>) dev tensor(0.0008, grad_fn=<SelectBackward>)
test tensor(0.1590, grad_fn=<MeanBackward0>) dev tensor(0.0009, grad_fn=<SelectBackward>)
test tensor(0.1505, grad_fn=<MeanBackward0>) dev tensor(0.0009, grad_fn=<SelectBackward>)
test tensor(0.1396, grad_fn=<MeanBackward0>) dev tensor(0.0009, grad_fn=<SelectBackward>)
test tensor(0.1307, grad_fn=<MeanBackward0>) dev tensor(0.0005, grad_fn=<SelectBackward>)
test tensor(0.1195, grad_fn=<MeanBackward0>) dev tensor(0.0006, grad_fn=<SelectBackward>)
test tensor(0.1082, grad_fn=<MeanBackward0>) dev tensor(0.0006, grad_fn=<SelectBackward>)
test tensor(0.0959, grad_fn=<MeanBackward0>) dev tensor(0.0010, grad_fn=<SelectBackward>)
test tensor(0.0887, grad_fn=<MeanBackward0>) dev tensor(0.0004, grad_fn=<SelectBackward>)
test tensor(0.0792, grad_fn=<MeanBackward0>) dev tensor(0.0004, grad_fn=<SelectBackward>)
test tensor(0.0713, grad_fn=<MeanBackward0>) dev tensor(0.0004, grad_fn=<SelectBackward>)
test tensor(0.0629, grad_fn=<MeanBackward0>) dev tensor(0.0005, grad_fn=<SelectBackward>)
test tensor(0.0567, grad_fn=<MeanBackward0>) dev tensor(0.0004, grad_fn=<SelectBackward>)
test tensor(0.0502, grad_fn=<MeanBackward0>) dev tensor(0.0005, grad_fn=<SelectBackward>)
test tensor(0.0446, grad_fn=<MeanBackward0>) dev tensor(0.0005, grad_fn=<SelectBackward>)
test tensor(0.0403, grad_fn=<MeanBackward0>) dev tensor(0.0002, grad_fn=<SelectBackward>)
test tensor(0.0363, grad_fn=<MeanBackward0>) dev tensor(0.0001, grad_fn=<SelectBackward>)
test tensor(0.0318, grad_fn=<MeanBackward0>) dev tensor(0.0002, grad_fn=<SelectBackward>)
test tensor(0.0273, grad_fn=<MeanBackward0>) dev tensor(0.0004, grad_fn=<SelectBackward>)
test tensor(0.0243, grad_fn=<MeanBackward0>) dev tensor(0.0001, grad_fn=<SelectBackward>)
test tensor(0.0212, grad_fn=<MeanBackward0>) dev tensor(0.0001, grad_fn=<SelectBackward>)
test tensor(0.0178, grad_fn=<MeanBackward0>) dev tensor(0.0002, grad_fn=<SelectBackward>)
test tensor(0.0158, grad_fn=<MeanBackward0>) dev tensor(5.5610e-05, grad_fn=<SelectBackward>)
test tensor(0.0134, grad_fn=<MeanBackward0>) dev tensor(5.5543e-05, grad_fn=<SelectBackward>)
test tensor(0.0113, grad_fn=<MeanBackward0>) dev tensor(4.5715e-05, grad_fn=<SelectBackward>)
test tensor(0.0091, grad_fn=<MeanBackward0>) dev tensor(9.7565e-05, grad_fn=<SelectBackward>)
test tensor(0.0077, grad_fn=<MeanBackward0>) dev tensor(3.8188e-05, grad_fn=<SelectBackward>)
test tensor(0.0061, grad_fn=<MeanBackward0>) dev tensor(5.5765e-05, grad_fn=<SelectBackward>)
test tensor(0.0049, grad_fn=<MeanBackward0>) dev tensor(3.8421e-05, grad_fn=<SelectBackward>)
test tensor(0.0041, grad_fn=<MeanBackward0>) dev tensor(8.8020e-05, grad_fn=<SelectBackward>)
test tensor(0.0028, grad_fn=<MeanBackward0>) dev tensor(7.6730e-05, grad_fn=<SelectBackward>)
test tensor(0.0022, grad_fn=<MeanBackward0>) dev tensor(2.9324e-05, grad_fn=<SelectBackward>)
test tensor(0.0017, grad_fn=<MeanBackward0>) dev tensor(4.4691e-05, grad_fn=<SelectBackward>)
test tensor(0.0013, grad_fn=<MeanBackward0>) dev tensor(4.0763e-05, grad_fn=<SelectBackward>)
test tensor(0.0009, grad_fn=<MeanBackward0>) dev tensor(2.6428e-05, grad_fn=<SelectBackward>)
test tensor(0.0007, grad_fn=<MeanBackward0>) dev tensor(1.9455e-05, grad_fn=<SelectBackward>)
test tensor(0.0006, grad_fn=<MeanBackward0>) dev tensor(1.8726e-05, grad_fn=<SelectBackward>)
test tensor(0.0006, grad_fn=<MeanBackward0>) dev tensor(3.0304e-05, grad_fn=<SelectBackward>)
test tensor(0.0009, grad_fn=<MeanBackward0>) dev tensor(6.8099e-05, grad_fn=<SelectBackward>)
test tensor(0.0009, grad_fn=<MeanBackward0>) dev tensor(1.8121e-05, grad_fn=<SelectBackward>)
test tensor(0.0013, grad_fn=<MeanBackward0>) dev tensor(2.8530e-05, grad_fn=<SelectBackward>)
test tensor(0.0014, grad_fn=<MeanBackward0>) dev tensor(1.7079e-05, grad_fn=<SelectBackward>)
test tensor(0.0018, grad_fn=<MeanBackward0>) dev tensor(2.2978e-05, grad_fn=<SelectBackward>)
test tensor(0.0022, grad_fn=<MeanBackward0>) dev tensor(1.7360e-05, grad_fn=<SelectBackward>)
test tensor(0.0028, grad_fn=<MeanBackward0>) dev tensor(1.7221e-05, grad_fn=<SelectBackward>)
test tensor(0.0035, grad_fn=<MeanBackward0>) dev tensor(1.7076e-05, grad_fn=<SelectBackward>)
test tensor(0.0039, grad_fn=<MeanBackward0>) dev tensor(2.9567e-05, grad_fn=<SelectBackward>)
test tensor(0.0050, grad_fn=<MeanBackward0>) dev tensor(3.8676e-05, grad_fn=<SelectBackward>)
test tensor(0.0052, grad_fn=<MeanBackward0>) dev tensor(3.7451e-05, grad_fn=<SelectBackward>)
test tensor(0.0056, grad_fn=<MeanBackward0>) dev tensor(6.5569e-05, grad_fn=<SelectBackward>)
test tensor(0.0063, grad_fn=<MeanBackward0>) dev tensor(3.6419e-05, grad_fn=<SelectBackward>)
lr, dw 0.0001 1e-11
test tensor(0.1336, grad_fn=<MeanBackward0>) dev tensor(0.0007, grad_fn=<SelectBackward>)
test tensor(0.1270, grad_fn=<MeanBackward0>) dev tensor(0.0008, grad_fn=<SelectBackward>)
test tensor(0.1207, grad_fn=<MeanBackward0>) dev tensor(0.0007, grad_fn=<SelectBackward>)
test tensor(0.1144, grad_fn=<MeanBackward0>) dev tensor(0.0008, grad_fn=<SelectBackward>)
test tensor(0.1081, grad_fn=<MeanBackward0>) dev tensor(0.0006, grad_fn=<SelectBackward>)
test tensor(0.1010, grad_fn=<MeanBackward0>) dev tensor(0.0005, grad_fn=<SelectBackward>)
test tensor(0.0939, grad_fn=<MeanBackward0>) dev tensor(0.0004, grad_fn=<SelectBackward>)
test tensor(0.0865, grad_fn=<MeanBackward0>) dev tensor(0.0004, grad_fn=<SelectBackward>)
test tensor(0.0791, grad_fn=<MeanBackward0>) dev tensor(0.0004, grad_fn=<SelectBackward>)
test tensor(0.0715, grad_fn=<MeanBackward0>) dev tensor(0.0004, grad_fn=<SelectBackward>)
test tensor(0.0642, grad_fn=<MeanBackward0>) dev tensor(0.0003, grad_fn=<SelectBackward>)
test tensor(0.0577, grad_fn=<MeanBackward0>) dev tensor(0.0004, grad_fn=<SelectBackward>)
test tensor(0.0517, grad_fn=<MeanBackward0>) dev tensor(0.0003, grad_fn=<SelectBackward>)
test tensor(0.0454, grad_fn=<MeanBackward0>) dev tensor(0.0004, grad_fn=<SelectBackward>)
test tensor(0.0403, grad_fn=<MeanBackward0>) dev tensor(0.0003, grad_fn=<SelectBackward>)
test tensor(0.0370, grad_fn=<MeanBackward0>) dev tensor(0.0002, grad_fn=<SelectBackward>)
test tensor(0.0327, grad_fn=<MeanBackward0>) dev tensor(0.0002, grad_fn=<SelectBackward>)
test tensor(0.0293, grad_fn=<MeanBackward0>) dev tensor(0.0002, grad_fn=<SelectBackward>)
test tensor(0.0259, grad_fn=<MeanBackward0>) dev tensor(0.0002, grad_fn=<SelectBackward>)
test tensor(0.0236, grad_fn=<MeanBackward0>) dev tensor(7.5860e-05, grad_fn=<SelectBackward>)
test tensor(0.0200, grad_fn=<MeanBackward0>) dev tensor(0.0002, grad_fn=<SelectBackward>)
test tensor(0.0176, grad_fn=<MeanBackward0>) dev tensor(0.0002, grad_fn=<SelectBackward>)
test tensor(0.0158, grad_fn=<MeanBackward0>) dev tensor(9.7161e-05, grad_fn=<SelectBackward>)
test tensor(0.0142, grad_fn=<MeanBackward0>) dev tensor(5.6029e-05, grad_fn=<SelectBackward>)
test tensor(0.0120, grad_fn=<MeanBackward0>) dev tensor(0.0002, grad_fn=<SelectBackward>)
test tensor(0.0106, grad_fn=<MeanBackward0>) dev tensor(6.4144e-05, grad_fn=<SelectBackward>)
test tensor(0.0093, grad_fn=<MeanBackward0>) dev tensor(8.7046e-05, grad_fn=<SelectBackward>)
test tensor(0.0083, grad_fn=<MeanBackward0>) dev tensor(5.1545e-05, grad_fn=<SelectBackward>)
test tensor(0.0074, grad_fn=<MeanBackward0>) dev tensor(4.1748e-05, grad_fn=<SelectBackward>)
test tensor(0.0067, grad_fn=<MeanBackward0>) dev tensor(3.6182e-05, grad_fn=<SelectBackward>)
test tensor(0.0059, grad_fn=<MeanBackward0>) dev tensor(0.0001, grad_fn=<SelectBackward>)
test tensor(0.0054, grad_fn=<MeanBackward0>) dev tensor(6.6940e-05, grad_fn=<SelectBackward>)
test tensor(0.0051, grad_fn=<MeanBackward0>) dev tensor(2.9355e-05, grad_fn=<SelectBackward>)
test tensor(0.0049, grad_fn=<MeanBackward0>) dev tensor(5.7373e-05, grad_fn=<SelectBackward>)
test tensor(0.0049, grad_fn=<MeanBackward0>) dev tensor(4.1832e-05, grad_fn=<SelectBackward>)
test tensor(0.0047, grad_fn=<MeanBackward0>) dev tensor(2.5468e-05, grad_fn=<SelectBackward>)
test tensor(0.0048, grad_fn=<MeanBackward0>) dev tensor(4.9180e-05, grad_fn=<SelectBackward>)
test tensor(0.0050, grad_fn=<MeanBackward0>) dev tensor(2.3600e-05, grad_fn=<SelectBackward>)
test tensor(0.0052, grad_fn=<MeanBackward0>) dev tensor(4.3018e-05, grad_fn=<SelectBackward>)
test tensor(0.0057, grad_fn=<MeanBackward0>) dev tensor(9.0587e-05, grad_fn=<SelectBackward>)
test tensor(0.0061, grad_fn=<MeanBackward0>) dev tensor(2.1527e-05, grad_fn=<SelectBackward>)
test tensor(0.0067, grad_fn=<MeanBackward0>) dev tensor(4.1539e-05, grad_fn=<SelectBackward>)
test tensor(0.0073, grad_fn=<MeanBackward0>) dev tensor(6.2655e-05, grad_fn=<SelectBackward>)
test tensor(0.0081, grad_fn=<MeanBackward0>) dev tensor(0.0001, grad_fn=<SelectBackward>)
test tensor(0.0089, grad_fn=<MeanBackward0>) dev tensor(1.6941e-05, grad_fn=<SelectBackward>)
test tensor(0.0098, grad_fn=<MeanBackward0>) dev tensor(2.6293e-05, grad_fn=<SelectBackward>)
test tensor(0.0103, grad_fn=<MeanBackward0>) dev tensor(2.6512e-05, grad_fn=<SelectBackward>)
test tensor(0.0109, grad_fn=<MeanBackward0>) dev tensor(4.3491e-05, grad_fn=<SelectBackward>)
test tensor(0.0118, grad_fn=<MeanBackward0>) dev tensor(0.0001, grad_fn=<SelectBackward>)
test tensor(0.0128, grad_fn=<MeanBackward0>) dev tensor(2.3170e-05, grad_fn=<SelectBackward>)
params,test_err, norm:  [ 0.71063989 -0.66292436] 0.014273685958091408 14.43729697427853 14.43729697427853
params,test_err, norm:  [ 1.52591666 -0.52466939] 0.0019631682134560284 14.43729697427853 31.470730848081548
True [ 1.52591666 -0.52466939] 0.0019631682134560284 14.43729697427853 67.2713632181837

