params,test_err, norm:  [1.1056981 0.8950535] 0.010257227527399075 7.491524751158767
params,test_err, norm:  [1.1056981 0.8950535] 0.010257226496849485 7.491524751158767
params,test_err, norm:  [1.1056981 0.8950535] 0.010257226496849485 7.491524751158767
RUNNING THE L-BFGS-B CODE

           * * *

Machine precision = 2.220D-16
 N =            2     M =           10

At X0         0 variables are exactly at the bounds

At iterate    0    f=  3.48051D-01    |proj g|=  2.81918D-02

At iterate    1    f=  3.45875D-01    |proj g|=  2.81790D-02
  ys=-9.130E-06  -gs= 2.817E-04 BFGS update SKIPPED

At iterate    2    f=  3.44812D-01    |proj g|=  2.74961D-02

At iterate    3    f=  3.45786D-01    |proj g|=  2.67117D-02

           * * *

Tit   = total number of iterations
Tnf   = total number of function evaluations
Tnint = total number of segments explored during Cauchy searches
Skip  = number of BFGS updates skipped
Nact  = number of active bounds at final generalized Cauchy point
Projg = norm of the final projected gradient
F     = final function value

           * * *

   N    Tit     Tnf  Tnint  Skip  Nact     Projg        F
    2      3     17      3     1     0   2.671D-02   3.458D-01
  F =  0.34578599227606344     

CONVERGENCE: REL_REDUCTION_OF_F_<=_FACTR*EPSMCH             

 Cauchy                time 0.000E+00 seconds.
 Subspace minimization time 0.000E+00 seconds.
 Line search           time 0.000E+00 seconds.

 Total User time 0.000E+00 seconds.

