params,test_err, norm:  [1.1 0.9] 0.01416459752712638 9.887429417305302
params,test_err, norm:  [1.1 0.9] 0.01416459752712638 9.887429417305302
RUNNING THE L-BFGS-B CODE

           * * *

Machine precision = 2.220D-16
 N =            2     M =           10

At X0         0 variables are exactly at the bounds

At iterate    0    f=  3.52629D-01    |proj g|=  3.51476D-02

At iterate    1    f=  3.51741D-01    |proj g|=  3.47712D-02

At iterate    2    f=  3.58051D-01    |proj g|=  3.66402D-02

           * * *

Tit   = total number of iterations
Tnf   = total number of function evaluations
Tnint = total number of segments explored during Cauchy searches
Skip  = number of BFGS updates skipped
Nact  = number of active bounds at final generalized Cauchy point
Projg = norm of the final projected gradient
F     = final function value

           * * *

   N    Tit     Tnf  Tnint  Skip  Nact     Projg        F
    2      2     12      2     0     0   3.664D-02   3.581D-01
  F =  0.35805137940420406     

CONVERGENCE: REL_REDUCTION_OF_F_<=_FACTR*EPSMCH             

 Cauchy                time 0.000E+00 seconds.
 Subspace minimization time 0.000E+00 seconds.
 Line search           time 0.000E+00 seconds.

 Total User time 0.000E+00 seconds.

