params,test_err, norm:  [1.14733277 0.84839876] 0.019428246220527464 11.52128530186381
params,test_err, norm:  [1.14753498 0.84816156] 0.019425904497875287 11.51877152730518
params,test_err, norm:  [1.14753498 0.84816156] 0.019425904497875287 11.51877152730518
params,test_err, norm:  [1.1475402  0.84815199] 0.01942581959289271 11.518710039488703
RUNNING THE L-BFGS-B CODE

           * * *

Machine precision = 2.220D-16
 N =            2     M =           10

At X0         0 variables are exactly at the bounds

At iterate    0    f=  3.56877D-01    |proj g|=  5.16012D-02

At iterate    1    f=  3.43251D-01    |proj g|=  3.07679D-02

At iterate    2    f=  3.43052D-01    |proj g|=  2.77040D-02

At iterate    3    f=  3.42365D-01    |proj g|=  2.82847D-02
  ys=-9.712E-23  -gs= 2.141E-21 BFGS update SKIPPED

At iterate    4    f=  3.47822D-01    |proj g|=  2.91374D-02

           * * *

Tit   = total number of iterations
Tnf   = total number of function evaluations
Tnint = total number of segments explored during Cauchy searches
Skip  = number of BFGS updates skipped
Nact  = number of active bounds at final generalized Cauchy point
Projg = norm of the final projected gradient
F     = final function value

           * * *

   N    Tit     Tnf  Tnint  Skip  Nact     Projg        F
    2      4     16      4     1     0   2.914D-02   3.478D-01
  F =  0.34782168099482519     

CONVERGENCE: REL_REDUCTION_OF_F_<=_FACTR*EPSMCH             

 Cauchy                time 0.000E+00 seconds.
 Subspace minimization time 0.000E+00 seconds.
 Line search           time 0.000E+00 seconds.

 Total User time 0.000E+00 seconds.

