params,test_err, norm:  [1.13490981 0.87423639] 0.01940495188302825 11.792712712063182
params,test_err, norm:  [1.30267131 0.60505096] 0.016803111655924668 10.553837698517228
params,test_err, norm:  [1.41613306 0.34515908] 0.016151634129210085 10.553837698517228
params,test_err, norm:  [1.41613306 0.34515908] 0.01615163413220538 10.553837698517228
params,test_err, norm:  [1.41613306 0.34515908] 0.01615163413220538 10.553837698517228
RUNNING THE L-BFGS-B CODE

           * * *

Machine precision = 2.220D-16
 N =            2     M =           10

At X0         0 variables are exactly at the bounds

At iterate    0    f=  3.46731D-01    |proj g|=  3.49098D-02

At iterate    1    f=  3.42990D-01    |proj g|=  2.69644D-02

At iterate    2    f=  3.37257D-01    |proj g|=  1.75601D-02

At iterate    3    f=  3.30793D-01    |proj g|=  1.45376D-03

At iterate    4    f=  3.27873D-01    |proj g|=  2.30554D-03

At iterate    5    f=  3.30129D-01    |proj g|=  2.11531D-03

           * * *

Tit   = total number of iterations
Tnf   = total number of function evaluations
Tnint = total number of segments explored during Cauchy searches
Skip  = number of BFGS updates skipped
Nact  = number of active bounds at final generalized Cauchy point
Projg = norm of the final projected gradient
F     = final function value

           * * *

   N    Tit     Tnf  Tnint  Skip  Nact     Projg        F
    2      5     14      5     0     0   2.115D-03   3.301D-01
  F =  0.33012859312703136     

CONVERGENCE: REL_REDUCTION_OF_F_<=_FACTR*EPSMCH             

 Cauchy                time 0.000E+00 seconds.
 Subspace minimization time 0.000E+00 seconds.
 Line search           time 0.000E+00 seconds.

 Total User time 0.000E+00 seconds.

