params,test_err, norm:  [1.1 0.9] 0.01917047212613944 10.299521574345889
params,test_err, norm:  [1.1 0.9] 0.01917047212613944 10.299521574345889
RUNNING THE L-BFGS-B CODE

           * * *

Machine precision = 2.220D-16
 N =            2     M =           10

At X0         0 variables are exactly at the bounds

At iterate    0    f=  3.42435D-01    |proj g|=  2.78938D-02

At iterate    1    f=  3.39590D-01    |proj g|=  2.58371D-02
  ys= 0.000E+00  -gs= 0.000E+00 BFGS update SKIPPED

At iterate    2    f=  3.42455D-01    |proj g|=  2.52755D-02

           * * *

Tit   = total number of iterations
Tnf   = total number of function evaluations
Tnint = total number of segments explored during Cauchy searches
Skip  = number of BFGS updates skipped
Nact  = number of active bounds at final generalized Cauchy point
Projg = norm of the final projected gradient
F     = final function value

           * * *

   N    Tit     Tnf  Tnint  Skip  Nact     Projg        F
    2      2     13      2     1     0   2.528D-02   3.425D-01
  F =  0.34245495767951856     

CONVERGENCE: REL_REDUCTION_OF_F_<=_FACTR*EPSMCH             

 Cauchy                time 0.000E+00 seconds.
 Subspace minimization time 0.000E+00 seconds.
 Line search           time 0.000E+00 seconds.

 Total User time 0.000E+00 seconds.

