params,test_err, norm:  [1.1 0.9] 0.015380870172312782 8.624697323276113
params,test_err, norm:  [1.1 0.9] 0.015380870172312782 8.624697323276113
RUNNING THE L-BFGS-B CODE

           * * *

Machine precision = 2.220D-16
 N =            2     M =           10

At X0         0 variables are exactly at the bounds

At iterate    0    f=  3.47491D-01    |proj g|=  3.41887D-02

At iterate    1    f=  3.43848D-01    |proj g|=  3.29882D-02
  ys= 0.000E+00  -gs= 0.000E+00 BFGS update SKIPPED

At iterate    2    f=  3.52732D-01    |proj g|=  3.48014D-02

           * * *

Tit   = total number of iterations
Tnf   = total number of function evaluations
Tnint = total number of segments explored during Cauchy searches
Skip  = number of BFGS updates skipped
Nact  = number of active bounds at final generalized Cauchy point
Projg = norm of the final projected gradient
F     = final function value

           * * *

   N    Tit     Tnf  Tnint  Skip  Nact     Projg        F
    2      2     14      2     1     0   3.480D-02   3.527D-01
  F =  0.35273164878924579     

CONVERGENCE: REL_REDUCTION_OF_F_<=_FACTR*EPSMCH             

 Cauchy                time 0.000E+00 seconds.
 Subspace minimization time 0.000E+00 seconds.
 Line search           time 0.000E+00 seconds.

 Total User time 0.000E+00 seconds.

