params,test_err, norm:  [1.13413293 0.87180452] 0.018513569720557385 11.582324876175749
params,test_err, norm:  [1.31714496 0.63542671] 0.016225687773839172 9.986064987462564
params,test_err, norm:  [1.39364698 0.44239243] 0.015273647789960336 9.986064987462564
params,test_err, norm:  [1.42369948 0.23402137] 0.017025586036086667 9.986064987462564
RUNNING THE L-BFGS-B CODE

           * * *

Machine precision = 2.220D-16
 N =            2     M =           10

At X0         0 variables are exactly at the bounds

At iterate    0    f=  3.47745D-01    |proj g|=  3.41329D-02

At iterate    1    f=  3.43836D-01    |proj g|=  2.86110D-02

At iterate    2    f=  3.36878D-01    |proj g|=  1.68775D-02

At iterate    3    f=  3.32116D-01    |proj g|=  8.73223D-03

At iterate    4    f=  3.33198D-01    |proj g|=  1.62078D-02

           * * *

Tit   = total number of iterations
Tnf   = total number of function evaluations
Tnint = total number of segments explored during Cauchy searches
Skip  = number of BFGS updates skipped
Nact  = number of active bounds at final generalized Cauchy point
Projg = norm of the final projected gradient
F     = final function value

           * * *

   N    Tit     Tnf  Tnint  Skip  Nact     Projg        F
    2      4      9      4     0     0   1.621D-02   3.332D-01
  F =  0.33319817271368735     

CONVERGENCE: REL_REDUCTION_OF_F_<=_FACTR*EPSMCH             

 Cauchy                time 0.000E+00 seconds.
 Subspace minimization time 0.000E+00 seconds.
 Line search           time 0.000E+00 seconds.

 Total User time 0.000E+00 seconds.

