training
lr, dw 0.0001 1e-10
test tensor(0.1569, grad_fn=<MeanBackward0>) dev tensor(0.0006, grad_fn=<SelectBackward>)
test tensor(0.1470, grad_fn=<MeanBackward0>) dev tensor(0.0008, grad_fn=<SelectBackward>)
test tensor(0.1372, grad_fn=<MeanBackward0>) dev tensor(0.0006, grad_fn=<SelectBackward>)
test tensor(0.1250, grad_fn=<MeanBackward0>) dev tensor(0.0007, grad_fn=<SelectBackward>)
test tensor(0.1117, grad_fn=<MeanBackward0>) dev tensor(0.0009, grad_fn=<SelectBackward>)
test tensor(0.1003, grad_fn=<MeanBackward0>) dev tensor(0.0006, grad_fn=<SelectBackward>)
test tensor(0.0915, grad_fn=<MeanBackward0>) dev tensor(0.0005, grad_fn=<SelectBackward>)
test tensor(0.0814, grad_fn=<MeanBackward0>) dev tensor(0.0006, grad_fn=<SelectBackward>)
test tensor(0.0758, grad_fn=<MeanBackward0>) dev tensor(0.0003, grad_fn=<SelectBackward>)
test tensor(0.0666, grad_fn=<MeanBackward0>) dev tensor(0.0005, grad_fn=<SelectBackward>)
test tensor(0.0598, grad_fn=<MeanBackward0>) dev tensor(0.0007, grad_fn=<SelectBackward>)
test tensor(0.0549, grad_fn=<MeanBackward0>) dev tensor(0.0003, grad_fn=<SelectBackward>)
test tensor(0.0492, grad_fn=<MeanBackward0>) dev tensor(0.0004, grad_fn=<SelectBackward>)
test tensor(0.0433, grad_fn=<MeanBackward0>) dev tensor(0.0004, grad_fn=<SelectBackward>)
lr, dw 0.0001 1e-10
test tensor(0.1740, grad_fn=<MeanBackward0>) dev tensor(0.0009, grad_fn=<SelectBackward>)
test tensor(0.1658, grad_fn=<MeanBackward0>) dev tensor(0.0005, grad_fn=<SelectBackward>)
test tensor(0.1530, grad_fn=<MeanBackward0>) dev tensor(0.0015, grad_fn=<SelectBackward>)
test tensor(0.1429, grad_fn=<MeanBackward0>) dev tensor(0.0010, grad_fn=<SelectBackward>)
test tensor(0.1324, grad_fn=<MeanBackward0>) dev tensor(0.0007, grad_fn=<SelectBackward>)
test tensor(0.1181, grad_fn=<MeanBackward0>) dev tensor(0.0007, grad_fn=<SelectBackward>)
test tensor(0.1073, grad_fn=<MeanBackward0>) dev tensor(0.0009, grad_fn=<SelectBackward>)
lr, dw 0.0001 1e-10
test tensor(0.1062, grad_fn=<MeanBackward0>) dev tensor(0.0005, grad_fn=<SelectBackward>)
test tensor(0.1017, grad_fn=<MeanBackward0>) dev tensor(0.0006, grad_fn=<SelectBackward>)
test tensor(0.0961, grad_fn=<MeanBackward0>) dev tensor(0.0005, grad_fn=<SelectBackward>)
test tensor(0.0898, grad_fn=<MeanBackward0>) dev tensor(0.0004, grad_fn=<SelectBackward>)
test tensor(0.0832, grad_fn=<MeanBackward0>) dev tensor(0.0003, grad_fn=<SelectBackward>)
test tensor(0.0758, grad_fn=<MeanBackward0>) dev tensor(0.0003, grad_fn=<SelectBackward>)
test tensor(0.0674, grad_fn=<MeanBackward0>) dev tensor(0.0005, grad_fn=<SelectBackward>)
test tensor(0.0621, grad_fn=<MeanBackward0>) dev tensor(0.0003, grad_fn=<SelectBackward>)
test tensor(0.0551, grad_fn=<MeanBackward0>) dev tensor(0.0003, grad_fn=<SelectBackward>)
test tensor(0.0478, grad_fn=<MeanBackward0>) dev tensor(0.0005, grad_fn=<SelectBackward>)
test tensor(0.0431, grad_fn=<MeanBackward0>) dev tensor(0.0002, grad_fn=<SelectBackward>)
test tensor(0.0384, grad_fn=<MeanBackward0>) dev tensor(0.0002, grad_fn=<SelectBackward>)
test tensor(0.0340, grad_fn=<MeanBackward0>) dev tensor(0.0003, grad_fn=<SelectBackward>)
test tensor(0.0306, grad_fn=<MeanBackward0>) dev tensor(0.0001, grad_fn=<SelectBackward>)
test tensor(0.0265, grad_fn=<MeanBackward0>) dev tensor(0.0002, grad_fn=<SelectBackward>)
test tensor(0.0231, grad_fn=<MeanBackward0>) dev tensor(0.0002, grad_fn=<SelectBackward>)
test tensor(0.0200, grad_fn=<MeanBackward0>) dev tensor(0.0002, grad_fn=<SelectBackward>)
test tensor(0.0177, grad_fn=<MeanBackward0>) dev tensor(0.0001, grad_fn=<SelectBackward>)
test tensor(0.0150, grad_fn=<MeanBackward0>) dev tensor(0.0001, grad_fn=<SelectBackward>)
lr, dw 0.0001 1e-10
test tensor(0.1529, grad_fn=<MeanBackward0>) dev tensor(0.0008, grad_fn=<SelectBackward>)
test tensor(0.1436, grad_fn=<MeanBackward0>) dev tensor(0.0007, grad_fn=<SelectBackward>)
test tensor(0.1317, grad_fn=<MeanBackward0>) dev tensor(0.0010, grad_fn=<SelectBackward>)
test tensor(0.1218, grad_fn=<MeanBackward0>) dev tensor(0.0007, grad_fn=<SelectBackward>)
test tensor(0.1120, grad_fn=<MeanBackward0>) dev tensor(0.0006, grad_fn=<SelectBackward>)
test tensor(0.1031, grad_fn=<MeanBackward0>) dev tensor(0.0004, grad_fn=<SelectBackward>)
test tensor(0.0938, grad_fn=<MeanBackward0>) dev tensor(0.0004, grad_fn=<SelectBackward>)
test tensor(0.0854, grad_fn=<MeanBackward0>) dev tensor(0.0006, grad_fn=<SelectBackward>)
test tensor(0.0777, grad_fn=<MeanBackward0>) dev tensor(0.0006, grad_fn=<SelectBackward>)
test tensor(0.0709, grad_fn=<MeanBackward0>) dev tensor(0.0002, grad_fn=<SelectBackward>)
test tensor(0.0644, grad_fn=<MeanBackward0>) dev tensor(0.0005, grad_fn=<SelectBackward>)
test tensor(0.0591, grad_fn=<MeanBackward0>) dev tensor(0.0002, grad_fn=<SelectBackward>)
test tensor(0.0539, grad_fn=<MeanBackward0>) dev tensor(0.0002, grad_fn=<SelectBackward>)
test tensor(0.0482, grad_fn=<MeanBackward0>) dev tensor(0.0004, grad_fn=<SelectBackward>)
test tensor(0.0439, grad_fn=<MeanBackward0>) dev tensor(0.0001, grad_fn=<SelectBackward>)
test tensor(0.0388, grad_fn=<MeanBackward0>) dev tensor(0.0002, grad_fn=<SelectBackward>)
test tensor(0.0342, grad_fn=<MeanBackward0>) dev tensor(0.0002, grad_fn=<SelectBackward>)
test tensor(0.0306, grad_fn=<MeanBackward0>) dev tensor(0.0002, grad_fn=<SelectBackward>)
test tensor(0.0263, grad_fn=<MeanBackward0>) dev tensor(0.0002, grad_fn=<SelectBackward>)
test tensor(0.0234, grad_fn=<MeanBackward0>) dev tensor(0.0001, grad_fn=<SelectBackward>)
test tensor(0.0202, grad_fn=<MeanBackward0>) dev tensor(0.0001, grad_fn=<SelectBackward>)
test tensor(0.0177, grad_fn=<MeanBackward0>) dev tensor(7.2386e-05, grad_fn=<SelectBackward>)
test tensor(0.0164, grad_fn=<MeanBackward0>) dev tensor(7.4427e-05, grad_fn=<SelectBackward>)
test tensor(0.0135, grad_fn=<MeanBackward0>) dev tensor(0.0002, grad_fn=<SelectBackward>)
test tensor(0.0118, grad_fn=<MeanBackward0>) dev tensor(7.5804e-05, grad_fn=<SelectBackward>)
test tensor(0.0107, grad_fn=<MeanBackward0>) dev tensor(4.6879e-05, grad_fn=<SelectBackward>)
test tensor(0.0095, grad_fn=<MeanBackward0>) dev tensor(4.9969e-05, grad_fn=<SelectBackward>)
test tensor(0.0092, grad_fn=<MeanBackward0>) dev tensor(7.8395e-05, grad_fn=<SelectBackward>)
test tensor(0.0084, grad_fn=<MeanBackward0>) dev tensor(4.1591e-05, grad_fn=<SelectBackward>)
test tensor(0.0074, grad_fn=<MeanBackward0>) dev tensor(5.2279e-05, grad_fn=<SelectBackward>)
test tensor(0.0069, grad_fn=<MeanBackward0>) dev tensor(3.1782e-05, grad_fn=<SelectBackward>)
test tensor(0.0066, grad_fn=<MeanBackward0>) dev tensor(3.0047e-05, grad_fn=<SelectBackward>)
test tensor(0.0065, grad_fn=<MeanBackward0>) dev tensor(3.4829e-05, grad_fn=<SelectBackward>)
test tensor(0.0068, grad_fn=<MeanBackward0>) dev tensor(8.3604e-05, grad_fn=<SelectBackward>)
test tensor(0.0065, grad_fn=<MeanBackward0>) dev tensor(2.4394e-05, grad_fn=<SelectBackward>)
test tensor(0.0067, grad_fn=<MeanBackward0>) dev tensor(2.2833e-05, grad_fn=<SelectBackward>)
test tensor(0.0072, grad_fn=<MeanBackward0>) dev tensor(6.7793e-05, grad_fn=<SelectBackward>)
test tensor(0.0076, grad_fn=<MeanBackward0>) dev tensor(5.8980e-05, grad_fn=<SelectBackward>)
test tensor(0.0080, grad_fn=<MeanBackward0>) dev tensor(2.0951e-05, grad_fn=<SelectBackward>)
test tensor(0.0085, grad_fn=<MeanBackward0>) dev tensor(2.2176e-05, grad_fn=<SelectBackward>)
test tensor(0.0090, grad_fn=<MeanBackward0>) dev tensor(3.8296e-05, grad_fn=<SelectBackward>)
test tensor(0.0096, grad_fn=<MeanBackward0>) dev tensor(1.7327e-05, grad_fn=<SelectBackward>)
test tensor(0.0104, grad_fn=<MeanBackward0>) dev tensor(2.5745e-05, grad_fn=<SelectBackward>)
test tensor(0.0111, grad_fn=<MeanBackward0>) dev tensor(2.3721e-05, grad_fn=<SelectBackward>)
test tensor(0.0119, grad_fn=<MeanBackward0>) dev tensor(2.2937e-05, grad_fn=<SelectBackward>)
test tensor(0.0128, grad_fn=<MeanBackward0>) dev tensor(1.7028e-05, grad_fn=<SelectBackward>)
test tensor(0.0139, grad_fn=<MeanBackward0>) dev tensor(3.7491e-05, grad_fn=<SelectBackward>)
test tensor(0.0147, grad_fn=<MeanBackward0>) dev tensor(2.2555e-05, grad_fn=<SelectBackward>)
test tensor(0.0157, grad_fn=<MeanBackward0>) dev tensor(3.9247e-05, grad_fn=<SelectBackward>)
test tensor(0.0165, grad_fn=<MeanBackward0>) dev tensor(7.4040e-05, grad_fn=<SelectBackward>)
test tensor(0.0177, grad_fn=<MeanBackward0>) dev tensor(1.7910e-05, grad_fn=<SelectBackward>)
lr, dw 0.0001 1e-10
test tensor(0.1422, grad_fn=<MeanBackward0>) dev tensor(0.0007, grad_fn=<SelectBackward>)
test tensor(0.1336, grad_fn=<MeanBackward0>) dev tensor(0.0006, grad_fn=<SelectBackward>)
test tensor(0.1247, grad_fn=<MeanBackward0>) dev tensor(0.0008, grad_fn=<SelectBackward>)
test tensor(0.1152, grad_fn=<MeanBackward0>) dev tensor(0.0008, grad_fn=<SelectBackward>)
test tensor(0.1067, grad_fn=<MeanBackward0>) dev tensor(0.0007, grad_fn=<SelectBackward>)
test tensor(0.0977, grad_fn=<MeanBackward0>) dev tensor(0.0005, grad_fn=<SelectBackward>)
test tensor(0.0887, grad_fn=<MeanBackward0>) dev tensor(0.0005, grad_fn=<SelectBackward>)
test tensor(0.0813, grad_fn=<MeanBackward0>) dev tensor(0.0003, grad_fn=<SelectBackward>)
test tensor(0.0733, grad_fn=<MeanBackward0>) dev tensor(0.0004, grad_fn=<SelectBackward>)
test tensor(0.0666, grad_fn=<MeanBackward0>) dev tensor(0.0004, grad_fn=<SelectBackward>)
test tensor(0.0612, grad_fn=<MeanBackward0>) dev tensor(0.0003, grad_fn=<SelectBackward>)
test tensor(0.0557, grad_fn=<MeanBackward0>) dev tensor(0.0002, grad_fn=<SelectBackward>)
test tensor(0.0501, grad_fn=<MeanBackward0>) dev tensor(0.0003, grad_fn=<SelectBackward>)
test tensor(0.0449, grad_fn=<MeanBackward0>) dev tensor(0.0003, grad_fn=<SelectBackward>)
test tensor(0.0401, grad_fn=<MeanBackward0>) dev tensor(0.0003, grad_fn=<SelectBackward>)
test tensor(0.0360, grad_fn=<MeanBackward0>) dev tensor(0.0002, grad_fn=<SelectBackward>)
test tensor(0.0324, grad_fn=<MeanBackward0>) dev tensor(0.0001, grad_fn=<SelectBackward>)
test tensor(0.0287, grad_fn=<MeanBackward0>) dev tensor(0.0001, grad_fn=<SelectBackward>)
test tensor(0.0251, grad_fn=<MeanBackward0>) dev tensor(0.0001, grad_fn=<SelectBackward>)
test tensor(0.0223, grad_fn=<MeanBackward0>) dev tensor(0.0001, grad_fn=<SelectBackward>)
test tensor(0.0196, grad_fn=<MeanBackward0>) dev tensor(9.8104e-05, grad_fn=<SelectBackward>)
test tensor(0.0169, grad_fn=<MeanBackward0>) dev tensor(0.0001, grad_fn=<SelectBackward>)
test tensor(0.0145, grad_fn=<MeanBackward0>) dev tensor(0.0002, grad_fn=<SelectBackward>)
test tensor(0.0129, grad_fn=<MeanBackward0>) dev tensor(8.0517e-05, grad_fn=<SelectBackward>)
test tensor(0.0112, grad_fn=<MeanBackward0>) dev tensor(6.4065e-05, grad_fn=<SelectBackward>)
test tensor(0.0099, grad_fn=<MeanBackward0>) dev tensor(5.4265e-05, grad_fn=<SelectBackward>)
test tensor(0.0084, grad_fn=<MeanBackward0>) dev tensor(7.3665e-05, grad_fn=<SelectBackward>)
test tensor(0.0075, grad_fn=<MeanBackward0>) dev tensor(3.8956e-05, grad_fn=<SelectBackward>)
test tensor(0.0065, grad_fn=<MeanBackward0>) dev tensor(5.6606e-05, grad_fn=<SelectBackward>)
test tensor(0.0059, grad_fn=<MeanBackward0>) dev tensor(8.7622e-05, grad_fn=<SelectBackward>)
test tensor(0.0053, grad_fn=<MeanBackward0>) dev tensor(5.6432e-05, grad_fn=<SelectBackward>)
test tensor(0.0050, grad_fn=<MeanBackward0>) dev tensor(3.4507e-05, grad_fn=<SelectBackward>)
test tensor(0.0047, grad_fn=<MeanBackward0>) dev tensor(0.0001, grad_fn=<SelectBackward>)
test tensor(0.0045, grad_fn=<MeanBackward0>) dev tensor(4.2096e-05, grad_fn=<SelectBackward>)
test tensor(0.0044, grad_fn=<MeanBackward0>) dev tensor(2.8240e-05, grad_fn=<SelectBackward>)
test tensor(0.0044, grad_fn=<MeanBackward0>) dev tensor(5.7931e-05, grad_fn=<SelectBackward>)
test tensor(0.0045, grad_fn=<MeanBackward0>) dev tensor(2.9726e-05, grad_fn=<SelectBackward>)
test tensor(0.0047, grad_fn=<MeanBackward0>) dev tensor(2.5761e-05, grad_fn=<SelectBackward>)
test tensor(0.0050, grad_fn=<MeanBackward0>) dev tensor(2.3118e-05, grad_fn=<SelectBackward>)
test tensor(0.0055, grad_fn=<MeanBackward0>) dev tensor(3.6621e-05, grad_fn=<SelectBackward>)
test tensor(0.0060, grad_fn=<MeanBackward0>) dev tensor(2.2808e-05, grad_fn=<SelectBackward>)
test tensor(0.0064, grad_fn=<MeanBackward0>) dev tensor(2.9213e-05, grad_fn=<SelectBackward>)
test tensor(0.0070, grad_fn=<MeanBackward0>) dev tensor(1.7912e-05, grad_fn=<SelectBackward>)
test tensor(0.0076, grad_fn=<MeanBackward0>) dev tensor(3.4785e-05, grad_fn=<SelectBackward>)
test tensor(0.0083, grad_fn=<MeanBackward0>) dev tensor(2.5909e-05, grad_fn=<SelectBackward>)
test tensor(0.0089, grad_fn=<MeanBackward0>) dev tensor(1.6332e-05, grad_fn=<SelectBackward>)
test tensor(0.0093, grad_fn=<MeanBackward0>) dev tensor(7.5659e-05, grad_fn=<SelectBackward>)
test tensor(0.0101, grad_fn=<MeanBackward0>) dev tensor(1.6515e-05, grad_fn=<SelectBackward>)
test tensor(0.0107, grad_fn=<MeanBackward0>) dev tensor(0.0002, grad_fn=<SelectBackward>)
test tensor(0.0116, grad_fn=<MeanBackward0>) dev tensor(5.2141e-05, grad_fn=<SelectBackward>)
test tensor(0.0127, grad_fn=<MeanBackward0>) dev tensor(0.0001, grad_fn=<SelectBackward>)
lr, dw 0.0001 1e-10
test tensor(0.1047, grad_fn=<MeanBackward0>) dev tensor(0.0006, grad_fn=<SelectBackward>)
test tensor(0.0934, grad_fn=<MeanBackward0>) dev tensor(0.0007, grad_fn=<SelectBackward>)
test tensor(0.0818, grad_fn=<MeanBackward0>) dev tensor(0.0005, grad_fn=<SelectBackward>)
test tensor(0.0721, grad_fn=<MeanBackward0>) dev tensor(0.0002, grad_fn=<SelectBackward>)
test tensor(0.0597, grad_fn=<MeanBackward0>) dev tensor(0.0004, grad_fn=<SelectBackward>)
test tensor(0.0513, grad_fn=<MeanBackward0>) dev tensor(0.0004, grad_fn=<SelectBackward>)
test tensor(0.0445, grad_fn=<MeanBackward0>) dev tensor(0.0002, grad_fn=<SelectBackward>)
test tensor(0.0382, grad_fn=<MeanBackward0>) dev tensor(0.0002, grad_fn=<SelectBackward>)
test tensor(0.0322, grad_fn=<MeanBackward0>) dev tensor(0.0002, grad_fn=<SelectBackward>)
test tensor(0.0260, grad_fn=<MeanBackward0>) dev tensor(0.0003, grad_fn=<SelectBackward>)
test tensor(0.0219, grad_fn=<MeanBackward0>) dev tensor(0.0001, grad_fn=<SelectBackward>)
test tensor(0.0179, grad_fn=<MeanBackward0>) dev tensor(0.0001, grad_fn=<SelectBackward>)
test tensor(0.0145, grad_fn=<MeanBackward0>) dev tensor(0.0002, grad_fn=<SelectBackward>)
test tensor(0.0117, grad_fn=<MeanBackward0>) dev tensor(0.0001, grad_fn=<SelectBackward>)
test tensor(0.0103, grad_fn=<MeanBackward0>) dev tensor(4.4762e-05, grad_fn=<SelectBackward>)
test tensor(0.0091, grad_fn=<MeanBackward0>) dev tensor(7.7625e-05, grad_fn=<SelectBackward>)
test tensor(0.0076, grad_fn=<MeanBackward0>) dev tensor(3.5888e-05, grad_fn=<SelectBackward>)
test tensor(0.0068, grad_fn=<MeanBackward0>) dev tensor(3.5648e-05, grad_fn=<SelectBackward>)
test tensor(0.0067, grad_fn=<MeanBackward0>) dev tensor(4.8506e-05, grad_fn=<SelectBackward>)
test tensor(0.0064, grad_fn=<MeanBackward0>) dev tensor(3.4289e-05, grad_fn=<SelectBackward>)
test tensor(0.0066, grad_fn=<MeanBackward0>) dev tensor(2.5843e-05, grad_fn=<SelectBackward>)
test tensor(0.0070, grad_fn=<MeanBackward0>) dev tensor(2.3916e-05, grad_fn=<SelectBackward>)
test tensor(0.0076, grad_fn=<MeanBackward0>) dev tensor(2.2720e-05, grad_fn=<SelectBackward>)
test tensor(0.0083, grad_fn=<MeanBackward0>) dev tensor(2.6466e-05, grad_fn=<SelectBackward>)
test tensor(0.0089, grad_fn=<MeanBackward0>) dev tensor(2.4118e-05, grad_fn=<SelectBackward>)
test tensor(0.0096, grad_fn=<MeanBackward0>) dev tensor(5.8909e-05, grad_fn=<SelectBackward>)
test tensor(0.0107, grad_fn=<MeanBackward0>) dev tensor(4.6350e-05, grad_fn=<SelectBackward>)
test tensor(0.0119, grad_fn=<MeanBackward0>) dev tensor(3.6411e-05, grad_fn=<SelectBackward>)
lr, dw 0.0001 1e-10
test tensor(0.1507, grad_fn=<MeanBackward0>) dev tensor(0.0007, grad_fn=<SelectBackward>)
test tensor(0.1447, grad_fn=<MeanBackward0>) dev tensor(0.0008, grad_fn=<SelectBackward>)
test tensor(0.1375, grad_fn=<MeanBackward0>) dev tensor(0.0009, grad_fn=<SelectBackward>)
test tensor(0.1294, grad_fn=<MeanBackward0>) dev tensor(0.0007, grad_fn=<SelectBackward>)
test tensor(0.1200, grad_fn=<MeanBackward0>) dev tensor(0.0007, grad_fn=<SelectBackward>)
test tensor(0.1106, grad_fn=<MeanBackward0>) dev tensor(0.0006, grad_fn=<SelectBackward>)
test tensor(0.1013, grad_fn=<MeanBackward0>) dev tensor(0.0006, grad_fn=<SelectBackward>)
test tensor(0.0924, grad_fn=<MeanBackward0>) dev tensor(0.0005, grad_fn=<SelectBackward>)
test tensor(0.0824, grad_fn=<MeanBackward0>) dev tensor(0.0004, grad_fn=<SelectBackward>)
test tensor(0.0740, grad_fn=<MeanBackward0>) dev tensor(0.0003, grad_fn=<SelectBackward>)
test tensor(0.0664, grad_fn=<MeanBackward0>) dev tensor(0.0003, grad_fn=<SelectBackward>)
test tensor(0.0602, grad_fn=<MeanBackward0>) dev tensor(0.0002, grad_fn=<SelectBackward>)
test tensor(0.0542, grad_fn=<MeanBackward0>) dev tensor(0.0002, grad_fn=<SelectBackward>)
test tensor(0.0478, grad_fn=<MeanBackward0>) dev tensor(0.0002, grad_fn=<SelectBackward>)
test tensor(0.0430, grad_fn=<MeanBackward0>) dev tensor(0.0002, grad_fn=<SelectBackward>)
test tensor(0.0387, grad_fn=<MeanBackward0>) dev tensor(0.0002, grad_fn=<SelectBackward>)
test tensor(0.0342, grad_fn=<MeanBackward0>) dev tensor(0.0002, grad_fn=<SelectBackward>)
test tensor(0.0310, grad_fn=<MeanBackward0>) dev tensor(0.0001, grad_fn=<SelectBackward>)
test tensor(0.0277, grad_fn=<MeanBackward0>) dev tensor(0.0001, grad_fn=<SelectBackward>)
test tensor(0.0243, grad_fn=<MeanBackward0>) dev tensor(0.0001, grad_fn=<SelectBackward>)
test tensor(0.0215, grad_fn=<MeanBackward0>) dev tensor(0.0001, grad_fn=<SelectBackward>)
test tensor(0.0195, grad_fn=<MeanBackward0>) dev tensor(7.8909e-05, grad_fn=<SelectBackward>)
test tensor(0.0173, grad_fn=<MeanBackward0>) dev tensor(7.1791e-05, grad_fn=<SelectBackward>)
test tensor(0.0147, grad_fn=<MeanBackward0>) dev tensor(0.0002, grad_fn=<SelectBackward>)
test tensor(0.0132, grad_fn=<MeanBackward0>) dev tensor(0.0002, grad_fn=<SelectBackward>)
test tensor(0.0132, grad_fn=<MeanBackward0>) dev tensor(0.0001, grad_fn=<SelectBackward>)
test tensor(0.0112, grad_fn=<MeanBackward0>) dev tensor(7.5843e-05, grad_fn=<SelectBackward>)
test tensor(0.0102, grad_fn=<MeanBackward0>) dev tensor(0.0001, grad_fn=<SelectBackward>)
lr, dw 0.0001 1e-10
test tensor(0.1505, grad_fn=<MeanBackward0>) dev tensor(0.0007, grad_fn=<SelectBackward>)
test tensor(0.1390, grad_fn=<MeanBackward0>) dev tensor(0.0012, grad_fn=<SelectBackward>)
test tensor(0.1306, grad_fn=<MeanBackward0>) dev tensor(0.0008, grad_fn=<SelectBackward>)
test tensor(0.1207, grad_fn=<MeanBackward0>) dev tensor(0.0011, grad_fn=<SelectBackward>)
test tensor(0.1137, grad_fn=<MeanBackward0>) dev tensor(0.0005, grad_fn=<SelectBackward>)
test tensor(0.1054, grad_fn=<MeanBackward0>) dev tensor(0.0006, grad_fn=<SelectBackward>)
test tensor(0.0983, grad_fn=<MeanBackward0>) dev tensor(0.0004, grad_fn=<SelectBackward>)
test tensor(0.0911, grad_fn=<MeanBackward0>) dev tensor(0.0003, grad_fn=<SelectBackward>)
test tensor(0.0832, grad_fn=<MeanBackward0>) dev tensor(0.0006, grad_fn=<SelectBackward>)
test tensor(0.0769, grad_fn=<MeanBackward0>) dev tensor(0.0007, grad_fn=<SelectBackward>)
test tensor(0.0713, grad_fn=<MeanBackward0>) dev tensor(0.0004, grad_fn=<SelectBackward>)
test tensor(0.0659, grad_fn=<MeanBackward0>) dev tensor(0.0003, grad_fn=<SelectBackward>)
test tensor(0.0606, grad_fn=<MeanBackward0>) dev tensor(0.0003, grad_fn=<SelectBackward>)
test tensor(0.0558, grad_fn=<MeanBackward0>) dev tensor(0.0002, grad_fn=<SelectBackward>)
test tensor(0.0512, grad_fn=<MeanBackward0>) dev tensor(0.0002, grad_fn=<SelectBackward>)
test tensor(0.0464, grad_fn=<MeanBackward0>) dev tensor(0.0002, grad_fn=<SelectBackward>)
test tensor(0.0413, grad_fn=<MeanBackward0>) dev tensor(0.0003, grad_fn=<SelectBackward>)
test tensor(0.0375, grad_fn=<MeanBackward0>) dev tensor(0.0004, grad_fn=<SelectBackward>)
test tensor(0.0343, grad_fn=<MeanBackward0>) dev tensor(0.0002, grad_fn=<SelectBackward>)
lr, dw 0.0001 1e-10
test tensor(0.1662, grad_fn=<MeanBackward0>) dev tensor(0.0008, grad_fn=<SelectBackward>)
test tensor(0.1590, grad_fn=<MeanBackward0>) dev tensor(0.0009, grad_fn=<SelectBackward>)
test tensor(0.1505, grad_fn=<MeanBackward0>) dev tensor(0.0009, grad_fn=<SelectBackward>)
test tensor(0.1396, grad_fn=<MeanBackward0>) dev tensor(0.0009, grad_fn=<SelectBackward>)
test tensor(0.1307, grad_fn=<MeanBackward0>) dev tensor(0.0005, grad_fn=<SelectBackward>)
test tensor(0.1195, grad_fn=<MeanBackward0>) dev tensor(0.0006, grad_fn=<SelectBackward>)
test tensor(0.1082, grad_fn=<MeanBackward0>) dev tensor(0.0006, grad_fn=<SelectBackward>)
test tensor(0.0959, grad_fn=<MeanBackward0>) dev tensor(0.0010, grad_fn=<SelectBackward>)
test tensor(0.0888, grad_fn=<MeanBackward0>) dev tensor(0.0004, grad_fn=<SelectBackward>)
test tensor(0.0792, grad_fn=<MeanBackward0>) dev tensor(0.0004, grad_fn=<SelectBackward>)
test tensor(0.0713, grad_fn=<MeanBackward0>) dev tensor(0.0004, grad_fn=<SelectBackward>)
test tensor(0.0629, grad_fn=<MeanBackward0>) dev tensor(0.0005, grad_fn=<SelectBackward>)
test tensor(0.0567, grad_fn=<MeanBackward0>) dev tensor(0.0004, grad_fn=<SelectBackward>)
test tensor(0.0502, grad_fn=<MeanBackward0>) dev tensor(0.0005, grad_fn=<SelectBackward>)
test tensor(0.0446, grad_fn=<MeanBackward0>) dev tensor(0.0005, grad_fn=<SelectBackward>)
test tensor(0.0403, grad_fn=<MeanBackward0>) dev tensor(0.0002, grad_fn=<SelectBackward>)
test tensor(0.0363, grad_fn=<MeanBackward0>) dev tensor(0.0001, grad_fn=<SelectBackward>)
test tensor(0.0318, grad_fn=<MeanBackward0>) dev tensor(0.0002, grad_fn=<SelectBackward>)
test tensor(0.0273, grad_fn=<MeanBackward0>) dev tensor(0.0004, grad_fn=<SelectBackward>)
test tensor(0.0243, grad_fn=<MeanBackward0>) dev tensor(0.0001, grad_fn=<SelectBackward>)
test tensor(0.0212, grad_fn=<MeanBackward0>) dev tensor(0.0001, grad_fn=<SelectBackward>)
test tensor(0.0178, grad_fn=<MeanBackward0>) dev tensor(0.0002, grad_fn=<SelectBackward>)
test tensor(0.0158, grad_fn=<MeanBackward0>) dev tensor(5.5613e-05, grad_fn=<SelectBackward>)
test tensor(0.0134, grad_fn=<MeanBackward0>) dev tensor(5.5541e-05, grad_fn=<SelectBackward>)
test tensor(0.0113, grad_fn=<MeanBackward0>) dev tensor(4.5717e-05, grad_fn=<SelectBackward>)
test tensor(0.0091, grad_fn=<MeanBackward0>) dev tensor(9.7549e-05, grad_fn=<SelectBackward>)
test tensor(0.0077, grad_fn=<MeanBackward0>) dev tensor(3.8189e-05, grad_fn=<SelectBackward>)
test tensor(0.0061, grad_fn=<MeanBackward0>) dev tensor(5.5747e-05, grad_fn=<SelectBackward>)
test tensor(0.0049, grad_fn=<MeanBackward0>) dev tensor(3.8415e-05, grad_fn=<SelectBackward>)
test tensor(0.0041, grad_fn=<MeanBackward0>) dev tensor(8.8018e-05, grad_fn=<SelectBackward>)
test tensor(0.0028, grad_fn=<MeanBackward0>) dev tensor(7.6708e-05, grad_fn=<SelectBackward>)
test tensor(0.0022, grad_fn=<MeanBackward0>) dev tensor(2.9321e-05, grad_fn=<SelectBackward>)
test tensor(0.0017, grad_fn=<MeanBackward0>) dev tensor(4.4681e-05, grad_fn=<SelectBackward>)
test tensor(0.0013, grad_fn=<MeanBackward0>) dev tensor(4.0746e-05, grad_fn=<SelectBackward>)
test tensor(0.0009, grad_fn=<MeanBackward0>) dev tensor(2.6422e-05, grad_fn=<SelectBackward>)
test tensor(0.0007, grad_fn=<MeanBackward0>) dev tensor(1.9454e-05, grad_fn=<SelectBackward>)
test tensor(0.0006, grad_fn=<MeanBackward0>) dev tensor(1.8725e-05, grad_fn=<SelectBackward>)
test tensor(0.0006, grad_fn=<MeanBackward0>) dev tensor(3.0311e-05, grad_fn=<SelectBackward>)
test tensor(0.0009, grad_fn=<MeanBackward0>) dev tensor(6.8074e-05, grad_fn=<SelectBackward>)
test tensor(0.0009, grad_fn=<MeanBackward0>) dev tensor(1.8117e-05, grad_fn=<SelectBackward>)
test tensor(0.0013, grad_fn=<MeanBackward0>) dev tensor(2.8517e-05, grad_fn=<SelectBackward>)
test tensor(0.0014, grad_fn=<MeanBackward0>) dev tensor(1.7081e-05, grad_fn=<SelectBackward>)
test tensor(0.0018, grad_fn=<MeanBackward0>) dev tensor(2.2985e-05, grad_fn=<SelectBackward>)
test tensor(0.0022, grad_fn=<MeanBackward0>) dev tensor(1.7361e-05, grad_fn=<SelectBackward>)
test tensor(0.0028, grad_fn=<MeanBackward0>) dev tensor(1.7225e-05, grad_fn=<SelectBackward>)
test tensor(0.0035, grad_fn=<MeanBackward0>) dev tensor(1.7079e-05, grad_fn=<SelectBackward>)
test tensor(0.0039, grad_fn=<MeanBackward0>) dev tensor(2.9579e-05, grad_fn=<SelectBackward>)
test tensor(0.0050, grad_fn=<MeanBackward0>) dev tensor(3.8679e-05, grad_fn=<SelectBackward>)
test tensor(0.0052, grad_fn=<MeanBackward0>) dev tensor(3.7452e-05, grad_fn=<SelectBackward>)
test tensor(0.0056, grad_fn=<MeanBackward0>) dev tensor(6.5578e-05, grad_fn=<SelectBackward>)
test tensor(0.0063, grad_fn=<MeanBackward0>) dev tensor(3.6425e-05, grad_fn=<SelectBackward>)
lr, dw 0.0001 1e-10
test tensor(0.1336, grad_fn=<MeanBackward0>) dev tensor(0.0007, grad_fn=<SelectBackward>)
test tensor(0.1270, grad_fn=<MeanBackward0>) dev tensor(0.0008, grad_fn=<SelectBackward>)
test tensor(0.1207, grad_fn=<MeanBackward0>) dev tensor(0.0007, grad_fn=<SelectBackward>)
test tensor(0.1144, grad_fn=<MeanBackward0>) dev tensor(0.0008, grad_fn=<SelectBackward>)
test tensor(0.1081, grad_fn=<MeanBackward0>) dev tensor(0.0006, grad_fn=<SelectBackward>)
test tensor(0.1010, grad_fn=<MeanBackward0>) dev tensor(0.0005, grad_fn=<SelectBackward>)
test tensor(0.0939, grad_fn=<MeanBackward0>) dev tensor(0.0004, grad_fn=<SelectBackward>)
test tensor(0.0865, grad_fn=<MeanBackward0>) dev tensor(0.0004, grad_fn=<SelectBackward>)
test tensor(0.0791, grad_fn=<MeanBackward0>) dev tensor(0.0004, grad_fn=<SelectBackward>)
test tensor(0.0715, grad_fn=<MeanBackward0>) dev tensor(0.0004, grad_fn=<SelectBackward>)
test tensor(0.0642, grad_fn=<MeanBackward0>) dev tensor(0.0003, grad_fn=<SelectBackward>)
test tensor(0.0577, grad_fn=<MeanBackward0>) dev tensor(0.0004, grad_fn=<SelectBackward>)
test tensor(0.0517, grad_fn=<MeanBackward0>) dev tensor(0.0003, grad_fn=<SelectBackward>)
test tensor(0.0454, grad_fn=<MeanBackward0>) dev tensor(0.0004, grad_fn=<SelectBackward>)
test tensor(0.0404, grad_fn=<MeanBackward0>) dev tensor(0.0003, grad_fn=<SelectBackward>)
test tensor(0.0370, grad_fn=<MeanBackward0>) dev tensor(0.0002, grad_fn=<SelectBackward>)
test tensor(0.0327, grad_fn=<MeanBackward0>) dev tensor(0.0002, grad_fn=<SelectBackward>)
test tensor(0.0293, grad_fn=<MeanBackward0>) dev tensor(0.0002, grad_fn=<SelectBackward>)
test tensor(0.0260, grad_fn=<MeanBackward0>) dev tensor(0.0002, grad_fn=<SelectBackward>)
test tensor(0.0236, grad_fn=<MeanBackward0>) dev tensor(7.5823e-05, grad_fn=<SelectBackward>)
test tensor(0.0200, grad_fn=<MeanBackward0>) dev tensor(0.0002, grad_fn=<SelectBackward>)
test tensor(0.0176, grad_fn=<MeanBackward0>) dev tensor(0.0002, grad_fn=<SelectBackward>)
test tensor(0.0158, grad_fn=<MeanBackward0>) dev tensor(9.7206e-05, grad_fn=<SelectBackward>)
test tensor(0.0142, grad_fn=<MeanBackward0>) dev tensor(5.6031e-05, grad_fn=<SelectBackward>)
test tensor(0.0120, grad_fn=<MeanBackward0>) dev tensor(0.0002, grad_fn=<SelectBackward>)
test tensor(0.0106, grad_fn=<MeanBackward0>) dev tensor(6.4183e-05, grad_fn=<SelectBackward>)
test tensor(0.0093, grad_fn=<MeanBackward0>) dev tensor(8.7017e-05, grad_fn=<SelectBackward>)
test tensor(0.0083, grad_fn=<MeanBackward0>) dev tensor(5.1555e-05, grad_fn=<SelectBackward>)
test tensor(0.0074, grad_fn=<MeanBackward0>) dev tensor(4.1746e-05, grad_fn=<SelectBackward>)
test tensor(0.0067, grad_fn=<MeanBackward0>) dev tensor(3.6181e-05, grad_fn=<SelectBackward>)
test tensor(0.0059, grad_fn=<MeanBackward0>) dev tensor(0.0001, grad_fn=<SelectBackward>)
test tensor(0.0054, grad_fn=<MeanBackward0>) dev tensor(6.6929e-05, grad_fn=<SelectBackward>)
test tensor(0.0051, grad_fn=<MeanBackward0>) dev tensor(2.9350e-05, grad_fn=<SelectBackward>)
test tensor(0.0049, grad_fn=<MeanBackward0>) dev tensor(5.7359e-05, grad_fn=<SelectBackward>)
test tensor(0.0049, grad_fn=<MeanBackward0>) dev tensor(4.1845e-05, grad_fn=<SelectBackward>)
test tensor(0.0047, grad_fn=<MeanBackward0>) dev tensor(2.5461e-05, grad_fn=<SelectBackward>)
test tensor(0.0048, grad_fn=<MeanBackward0>) dev tensor(4.9171e-05, grad_fn=<SelectBackward>)
test tensor(0.0050, grad_fn=<MeanBackward0>) dev tensor(2.3601e-05, grad_fn=<SelectBackward>)
test tensor(0.0052, grad_fn=<MeanBackward0>) dev tensor(4.3029e-05, grad_fn=<SelectBackward>)
test tensor(0.0057, grad_fn=<MeanBackward0>) dev tensor(9.0577e-05, grad_fn=<SelectBackward>)
test tensor(0.0061, grad_fn=<MeanBackward0>) dev tensor(2.1522e-05, grad_fn=<SelectBackward>)
test tensor(0.0067, grad_fn=<MeanBackward0>) dev tensor(4.1548e-05, grad_fn=<SelectBackward>)
test tensor(0.0073, grad_fn=<MeanBackward0>) dev tensor(6.2648e-05, grad_fn=<SelectBackward>)
test tensor(0.0081, grad_fn=<MeanBackward0>) dev tensor(0.0001, grad_fn=<SelectBackward>)
test tensor(0.0089, grad_fn=<MeanBackward0>) dev tensor(1.6939e-05, grad_fn=<SelectBackward>)
test tensor(0.0098, grad_fn=<MeanBackward0>) dev tensor(2.8857e-05, grad_fn=<SelectBackward>)
test tensor(0.0103, grad_fn=<MeanBackward0>) dev tensor(1.7272e-05, grad_fn=<SelectBackward>)
test tensor(0.0109, grad_fn=<MeanBackward0>) dev tensor(5.0540e-05, grad_fn=<SelectBackward>)
test tensor(0.0119, grad_fn=<MeanBackward0>) dev tensor(0.0001, grad_fn=<SelectBackward>)
test tensor(0.0128, grad_fn=<MeanBackward0>) dev tensor(2.3294e-05, grad_fn=<SelectBackward>)
params,test_err, norm:  [ 0.61503538 -0.73662016] 0.01897186359180788 16.468481985727735 16.468481985727735
True [ 0.61503538 -0.73662016] 0.01897186359180788 16.468481985727735 132.68791936441258

