params,test_err, norm:  [1.12740452 0.8764905 ] 0.017733225324977557 10.637911962424665
params,test_err, norm:  [1.31082412 0.6808502 ] 0.01661769710097593 9.30917929609135
params,test_err, norm:  [1.40186605 0.47762251] 0.015501038048650651 9.30917929609135
params,test_err, norm:  [1.40314463 0.46655739] 0.01548025264868067 9.30917929609135
RUNNING THE L-BFGS-B CODE

           * * *

Machine precision = 2.220D-16
 N =            2     M =           10

At X0         0 variables are exactly at the bounds

At iterate    0    f=  3.49315D-01    |proj g|=  2.74045D-02

At iterate    1    f=  3.41713D-01    |proj g|=  2.38277D-02

At iterate    2    f=  3.36521D-01    |proj g|=  1.50246D-02

At iterate    3    f=  3.29608D-01    |proj g|=  9.02301D-03

At iterate    4    f=  3.34644D-01    |proj g|=  9.31749D-03

           * * *

Tit   = total number of iterations
Tnf   = total number of function evaluations
Tnint = total number of segments explored during Cauchy searches
Skip  = number of BFGS updates skipped
Nact  = number of active bounds at final generalized Cauchy point
Projg = norm of the final projected gradient
F     = final function value

           * * *

   N    Tit     Tnf  Tnint  Skip  Nact     Projg        F
    2      4     10      4     0     0   9.317D-03   3.346D-01
  F =  0.33464365205800584     

CONVERGENCE: REL_REDUCTION_OF_F_<=_FACTR*EPSMCH             

 Cauchy                time 0.000E+00 seconds.
 Subspace minimization time 0.000E+00 seconds.
 Line search           time 0.000E+00 seconds.

 Total User time 0.000E+00 seconds.

