params,test_err, norm:  [1.1 0.9] 0.020965154227361834 11.168973716025452
params,test_err, norm:  [1.1 0.9] 0.020965154227361834 11.168973716025452
RUNNING THE L-BFGS-B CODE

           * * *

Machine precision = 2.220D-16
 N =            2     M =           10

At X0         0 variables are exactly at the bounds

At iterate    0    f=  3.42020D-01    |proj g|=  2.69863D-02

At iterate    1    f=  3.40055D-01    |proj g|=  2.94816D-02
  ys=-6.640E-13  -gs= 7.607E-12 BFGS update SKIPPED

At iterate    2    f=  3.42061D-01    |proj g|=  3.17549D-02

           * * *

Tit   = total number of iterations
Tnf   = total number of function evaluations
Tnint = total number of segments explored during Cauchy searches
Skip  = number of BFGS updates skipped
Nact  = number of active bounds at final generalized Cauchy point
Projg = norm of the final projected gradient
F     = final function value

           * * *

   N    Tit     Tnf  Tnint  Skip  Nact     Projg        F
    2      2     15      2     1     0   3.175D-02   3.421D-01
  F =  0.34206062641095836     

CONVERGENCE: REL_REDUCTION_OF_F_<=_FACTR*EPSMCH             

 Cauchy                time 0.000E+00 seconds.
 Subspace minimization time 0.000E+00 seconds.
 Line search           time 0.000E+00 seconds.

 Total User time 0.000E+00 seconds.

