params,test_err, norm:  [1.11475412 0.88738613] 0.016814529469605034 9.460528038722542
params,test_err, norm:  [1.23057428 0.77148642] 0.017043340457953533 8.13225301127732
params,test_err, norm:  [1.44940795 0.23241862] 0.018140268710778434 8.13225301127732
params,test_err, norm:  [1.41309884 0.34030016] 0.016464180139434376 8.13225301127732
params,test_err, norm:  [1.40448912 0.33439526] 0.01643634081335484 8.13225301127732
RUNNING THE L-BFGS-B CODE

           * * *

Machine precision = 2.220D-16
 N =            2     M =           10

At X0         0 variables are exactly at the bounds

At iterate    0    f=  3.42561D-01    |proj g|=  2.53886D-02

At iterate    1    f=  3.41971D-01    |proj g|=  2.25142D-02

At iterate    2    f=  3.37723D-01    |proj g|=  1.77395D-02

At iterate    3    f=  3.33543D-01    |proj g|=  1.48537D-02

At iterate    4    f=  3.32321D-01    |proj g|=  1.59321D-03

At iterate    5    f=  3.33294D-01    |proj g|=  3.72400D-03

           * * *

Tit   = total number of iterations
Tnf   = total number of function evaluations
Tnint = total number of segments explored during Cauchy searches
Skip  = number of BFGS updates skipped
Nact  = number of active bounds at final generalized Cauchy point
Projg = norm of the final projected gradient
F     = final function value

           * * *

   N    Tit     Tnf  Tnint  Skip  Nact     Projg        F
    2      5     12      5     0     0   3.724D-03   3.333D-01
  F =  0.33329374867931955     

CONVERGENCE: REL_REDUCTION_OF_F_<=_FACTR*EPSMCH             

 Cauchy                time 0.000E+00 seconds.
 Subspace minimization time 0.000E+00 seconds.
 Line search           time 0.000E+00 seconds.

 Total User time 0.000E+00 seconds.

