params,test_err, norm:  [1.13327421 0.87312563] 0.023809884311583075 11.797831048175986
params,test_err, norm:  [1.3393142  0.64203838] 0.017572287000788934 11.797831048175986
params,test_err, norm:  [1.43473109 0.51379602] 0.015584594017174734 11.797831048175986
params,test_err, norm:  [1.44516086 0.48804864] 0.015445078107840482 11.797831048175986
params,test_err, norm:  [1.44516086 0.48804864] 0.015445077995465514 11.797831048175986
params,test_err, norm:  [1.44516086 0.48804864] 0.015445077995465514 11.797831048175986
RUNNING THE L-BFGS-B CODE

           * * *

Machine precision = 2.220D-16
 N =            2     M =           10

At X0         0 variables are exactly at the bounds

At iterate    0    f=  3.47499D-01    |proj g|=  3.32742D-02

At iterate    1    f=  3.43073D-01    |proj g|=  2.85867D-02

At iterate    2    f=  3.33036D-01    |proj g|=  1.89321D-02

At iterate    3    f=  3.32248D-01    |proj g|=  9.94032D-03

At iterate    4    f=  3.30879D-01    |proj g|=  7.90567D-03

At iterate    5    f=  3.27634D-01    |proj g|=  6.72496D-03

At iterate    6    f=  3.33357D-01    |proj g|=  8.26854D-03

           * * *

Tit   = total number of iterations
Tnf   = total number of function evaluations
Tnint = total number of segments explored during Cauchy searches
Skip  = number of BFGS updates skipped
Nact  = number of active bounds at final generalized Cauchy point
Projg = norm of the final projected gradient
F     = final function value

           * * *

   N    Tit     Tnf  Tnint  Skip  Nact     Projg        F
    2      6     16      6     0     0   8.269D-03   3.334D-01
  F =  0.33335734385671595     

CONVERGENCE: REL_REDUCTION_OF_F_<=_FACTR*EPSMCH             

 Cauchy                time 0.000E+00 seconds.
 Subspace minimization time 0.000E+00 seconds.
 Line search           time 0.000E+00 seconds.

 Total User time 0.000E+00 seconds.

