params,test_err, norm:  [1.13349134 0.87195415] 0.019965499783766005 12.126370221046892
params,test_err, norm:  [1.25646134 0.67707554] 0.017448725404415954 11.303347929208783
params,test_err, norm:  [1.34419173 0.44368619] 0.015103561638768317 11.303347929208783
params,test_err, norm:  [1.36517018 0.3383384 ] 0.015036419542576075 11.303347929208783
params,test_err, norm:  [1.36517018 0.3383384 ] 0.015036419542576075 11.303347929208783
RUNNING THE L-BFGS-B CODE

           * * *

Machine precision = 2.220D-16
 N =            2     M =           10

At X0         0 variables are exactly at the bounds

At iterate    0    f=  3.47700D-01    |proj g|=  3.34913D-02

At iterate    1    f=  3.46793D-01    |proj g|=  2.57489D-02

At iterate    2    f=  3.36393D-01    |proj g|=  1.96697D-02

At iterate    3    f=  3.32357D-01    |proj g|=  1.38088D-02

At iterate    4    f=  3.29643D-01    |proj g|=  4.04005D-03

At iterate    5    f=  3.30130D-01    |proj g|=  2.27318D-03

           * * *

Tit   = total number of iterations
Tnf   = total number of function evaluations
Tnint = total number of segments explored during Cauchy searches
Skip  = number of BFGS updates skipped
Nact  = number of active bounds at final generalized Cauchy point
Projg = norm of the final projected gradient
F     = final function value

           * * *

   N    Tit     Tnf  Tnint  Skip  Nact     Projg        F
    2      5     13      6     0     0   2.273D-03   3.301D-01
  F =  0.33013004618325015     

CONVERGENCE: REL_REDUCTION_OF_F_<=_FACTR*EPSMCH             

 Cauchy                time 0.000E+00 seconds.
 Subspace minimization time 0.000E+00 seconds.
 Line search           time 0.000E+00 seconds.

 Total User time 0.000E+00 seconds.

