params,test_err, norm:  [1.10000578 0.89999514] 0.01968070048223093 10.676765047143618
params,test_err, norm:  [1.10000578 0.89999514] 0.01968070048223093 10.676765047143618
params,test_err, norm:  [1.10000578 0.89999514] 0.01968070048223093 10.676765047143618
RUNNING THE L-BFGS-B CODE

           * * *

Machine precision = 2.220D-16
 N =            2     M =           10

At X0         0 variables are exactly at the bounds

At iterate    0    f=  3.40622D-01    |proj g|=  3.07684D-02

At iterate    1    f=  3.40277D-01    |proj g|=  2.61180D-02

At iterate    2    f=  3.38120D-01    |proj g|=  2.83157D-02
  ys=-2.522E-20  -gs= 3.114E-19 BFGS update SKIPPED

At iterate    3    f=  3.42454D-01    |proj g|=  3.03911D-02

           * * *

Tit   = total number of iterations
Tnf   = total number of function evaluations
Tnint = total number of segments explored during Cauchy searches
Skip  = number of BFGS updates skipped
Nact  = number of active bounds at final generalized Cauchy point
Projg = norm of the final projected gradient
F     = final function value

           * * *

   N    Tit     Tnf  Tnint  Skip  Nact     Projg        F
    2      3     16      3     1     0   3.039D-02   3.425D-01
  F =  0.34245390942740211     

CONVERGENCE: REL_REDUCTION_OF_F_<=_FACTR*EPSMCH             

 Cauchy                time 0.000E+00 seconds.
 Subspace minimization time 0.000E+00 seconds.
 Line search           time 0.000E+00 seconds.

 Total User time 0.000E+00 seconds.

