params,test_err, norm:  [1.13232004 0.87043862] 0.01848873525205214 11.231992499385104
params,test_err, norm:  [1.45693298 0.35652264] 0.01581581833912206 11.231992499385104
params,test_err, norm:  [1.43312596 0.37841132] 0.015533586747460906 11.228583189102151
params,test_err, norm:  [1.43312596 0.37841132] 0.015533586747460906 11.228583189102151
params,test_err, norm:  [1.43312596 0.37841132] 0.015533586747460906 11.228583189102151
RUNNING THE L-BFGS-B CODE

           * * *

Machine precision = 2.220D-16
 N =            2     M =           10

At X0         0 variables are exactly at the bounds

At iterate    0    f=  3.48639D-01    |proj g|=  3.23200D-02

At iterate    1    f=  3.44442D-01    |proj g|=  2.92217D-02

At iterate    2    f=  3.32566D-01    |proj g|=  2.35183D-03

At iterate    3    f=  3.27701D-01    |proj g|=  2.30391D-03

At iterate    4    f=  3.27285D-01    |proj g|=  1.96282D-03
  ys= 0.000E+00  -gs= 0.000E+00 BFGS update SKIPPED

At iterate    5    f=  3.33004D-01    |proj g|=  1.58127D-03

           * * *

Tit   = total number of iterations
Tnf   = total number of function evaluations
Tnint = total number of segments explored during Cauchy searches
Skip  = number of BFGS updates skipped
Nact  = number of active bounds at final generalized Cauchy point
Projg = norm of the final projected gradient
F     = final function value

           * * *

   N    Tit     Tnf  Tnint  Skip  Nact     Projg        F
    2      5     15      5     1     0   1.581D-03   3.330D-01
  F =  0.33300392497168890     

CONVERGENCE: REL_REDUCTION_OF_F_<=_FACTR*EPSMCH             

 Cauchy                time 0.000E+00 seconds.
 Subspace minimization time 0.000E+00 seconds.
 Line search           time 0.000E+00 seconds.

 Total User time 0.000E+00 seconds.

