params,test_err, norm:  [1.13105644 0.87220176] 0.020076078221590753 12.135707103711809
params,test_err, norm:  [1.32482982 0.66133599] 0.017120166194680528 10.740903142100807
params,test_err, norm:  [1.42150096 0.4071478 ] 0.01580152083357745 10.740903142100807
params,test_err, norm:  [1.42110656 0.35508735] 0.015955716169538583 10.740903142100807
params,test_err, norm:  [1.42110656 0.35508735] 0.015955716169538583 10.740903142100807
RUNNING THE L-BFGS-B CODE

           * * *

Machine precision = 2.220D-16
 N =            2     M =           10

At X0         0 variables are exactly at the bounds

At iterate    0    f=  3.46787D-01    |proj g|=  3.10564D-02

At iterate    1    f=  3.41080D-01    |proj g|=  2.67552D-02

At iterate    2    f=  3.33547D-01    |proj g|=  1.83201D-02

At iterate    3    f=  3.30404D-01    |proj g|=  5.39435D-03

At iterate    4    f=  3.28810D-01    |proj g|=  1.53031D-03

At iterate    5    f=  3.29068D-01    |proj g|=  3.03513D-03

           * * *

Tit   = total number of iterations
Tnf   = total number of function evaluations
Tnint = total number of segments explored during Cauchy searches
Skip  = number of BFGS updates skipped
Nact  = number of active bounds at final generalized Cauchy point
Projg = norm of the final projected gradient
F     = final function value

           * * *

   N    Tit     Tnf  Tnint  Skip  Nact     Projg        F
    2      5     12      5     0     0   3.035D-03   3.291D-01
  F =  0.32906793426656916     

CONVERGENCE: REL_REDUCTION_OF_F_<=_FACTR*EPSMCH             

 Cauchy                time 0.000E+00 seconds.
 Subspace minimization time 0.000E+00 seconds.
 Line search           time 0.000E+00 seconds.

 Total User time 0.000E+00 seconds.

