training
lr, dw 0.0001 1e-08
test tensor(0.1569, grad_fn=<MeanBackward0>) dev tensor(0.0006, grad_fn=<SelectBackward>)
test tensor(0.1470, grad_fn=<MeanBackward0>) dev tensor(0.0008, grad_fn=<SelectBackward>)
test tensor(0.1372, grad_fn=<MeanBackward0>) dev tensor(0.0006, grad_fn=<SelectBackward>)
test tensor(0.1250, grad_fn=<MeanBackward0>) dev tensor(0.0007, grad_fn=<SelectBackward>)
test tensor(0.1117, grad_fn=<MeanBackward0>) dev tensor(0.0009, grad_fn=<SelectBackward>)
test tensor(0.1002, grad_fn=<MeanBackward0>) dev tensor(0.0006, grad_fn=<SelectBackward>)
test tensor(0.0918, grad_fn=<MeanBackward0>) dev tensor(0.0005, grad_fn=<SelectBackward>)
test tensor(0.0817, grad_fn=<MeanBackward0>) dev tensor(0.0006, grad_fn=<SelectBackward>)
test tensor(0.0761, grad_fn=<MeanBackward0>) dev tensor(0.0003, grad_fn=<SelectBackward>)
test tensor(0.0671, grad_fn=<MeanBackward0>) dev tensor(0.0005, grad_fn=<SelectBackward>)
test tensor(0.0601, grad_fn=<MeanBackward0>) dev tensor(0.0008, grad_fn=<SelectBackward>)
test tensor(0.0552, grad_fn=<MeanBackward0>) dev tensor(0.0003, grad_fn=<SelectBackward>)
test tensor(0.0492, grad_fn=<MeanBackward0>) dev tensor(0.0004, grad_fn=<SelectBackward>)
test tensor(0.0434, grad_fn=<MeanBackward0>) dev tensor(0.0004, grad_fn=<SelectBackward>)
lr, dw 0.0001 1e-08
test tensor(0.1740, grad_fn=<MeanBackward0>) dev tensor(0.0009, grad_fn=<SelectBackward>)
test tensor(0.1657, grad_fn=<MeanBackward0>) dev tensor(0.0005, grad_fn=<SelectBackward>)
test tensor(0.1529, grad_fn=<MeanBackward0>) dev tensor(0.0015, grad_fn=<SelectBackward>)
test tensor(0.1429, grad_fn=<MeanBackward0>) dev tensor(0.0010, grad_fn=<SelectBackward>)
test tensor(0.1324, grad_fn=<MeanBackward0>) dev tensor(0.0007, grad_fn=<SelectBackward>)
test tensor(0.1185, grad_fn=<MeanBackward0>) dev tensor(0.0007, grad_fn=<SelectBackward>)
test tensor(0.1077, grad_fn=<MeanBackward0>) dev tensor(0.0009, grad_fn=<SelectBackward>)
lr, dw 0.0001 1e-08
test tensor(0.1062, grad_fn=<MeanBackward0>) dev tensor(0.0005, grad_fn=<SelectBackward>)
test tensor(0.1017, grad_fn=<MeanBackward0>) dev tensor(0.0006, grad_fn=<SelectBackward>)
test tensor(0.0961, grad_fn=<MeanBackward0>) dev tensor(0.0005, grad_fn=<SelectBackward>)
test tensor(0.0898, grad_fn=<MeanBackward0>) dev tensor(0.0004, grad_fn=<SelectBackward>)
test tensor(0.0832, grad_fn=<MeanBackward0>) dev tensor(0.0003, grad_fn=<SelectBackward>)
test tensor(0.0758, grad_fn=<MeanBackward0>) dev tensor(0.0003, grad_fn=<SelectBackward>)
test tensor(0.0674, grad_fn=<MeanBackward0>) dev tensor(0.0005, grad_fn=<SelectBackward>)
test tensor(0.0621, grad_fn=<MeanBackward0>) dev tensor(0.0003, grad_fn=<SelectBackward>)
test tensor(0.0551, grad_fn=<MeanBackward0>) dev tensor(0.0003, grad_fn=<SelectBackward>)
test tensor(0.0478, grad_fn=<MeanBackward0>) dev tensor(0.0005, grad_fn=<SelectBackward>)
test tensor(0.0431, grad_fn=<MeanBackward0>) dev tensor(0.0002, grad_fn=<SelectBackward>)
test tensor(0.0384, grad_fn=<MeanBackward0>) dev tensor(0.0002, grad_fn=<SelectBackward>)
test tensor(0.0340, grad_fn=<MeanBackward0>) dev tensor(0.0003, grad_fn=<SelectBackward>)
test tensor(0.0306, grad_fn=<MeanBackward0>) dev tensor(0.0001, grad_fn=<SelectBackward>)
test tensor(0.0266, grad_fn=<MeanBackward0>) dev tensor(0.0002, grad_fn=<SelectBackward>)
test tensor(0.0231, grad_fn=<MeanBackward0>) dev tensor(0.0002, grad_fn=<SelectBackward>)
test tensor(0.0200, grad_fn=<MeanBackward0>) dev tensor(0.0002, grad_fn=<SelectBackward>)
test tensor(0.0177, grad_fn=<MeanBackward0>) dev tensor(0.0001, grad_fn=<SelectBackward>)
test tensor(0.0150, grad_fn=<MeanBackward0>) dev tensor(0.0001, grad_fn=<SelectBackward>)
lr, dw 0.0001 1e-08
test tensor(0.1529, grad_fn=<MeanBackward0>) dev tensor(0.0008, grad_fn=<SelectBackward>)
test tensor(0.1434, grad_fn=<MeanBackward0>) dev tensor(0.0007, grad_fn=<SelectBackward>)
test tensor(0.1316, grad_fn=<MeanBackward0>) dev tensor(0.0010, grad_fn=<SelectBackward>)
test tensor(0.1215, grad_fn=<MeanBackward0>) dev tensor(0.0007, grad_fn=<SelectBackward>)
test tensor(0.1115, grad_fn=<MeanBackward0>) dev tensor(0.0006, grad_fn=<SelectBackward>)
test tensor(0.1028, grad_fn=<MeanBackward0>) dev tensor(0.0004, grad_fn=<SelectBackward>)
test tensor(0.0938, grad_fn=<MeanBackward0>) dev tensor(0.0004, grad_fn=<SelectBackward>)
test tensor(0.0853, grad_fn=<MeanBackward0>) dev tensor(0.0006, grad_fn=<SelectBackward>)
test tensor(0.0776, grad_fn=<MeanBackward0>) dev tensor(0.0006, grad_fn=<SelectBackward>)
test tensor(0.0712, grad_fn=<MeanBackward0>) dev tensor(0.0002, grad_fn=<SelectBackward>)
test tensor(0.0644, grad_fn=<MeanBackward0>) dev tensor(0.0005, grad_fn=<SelectBackward>)
test tensor(0.0593, grad_fn=<MeanBackward0>) dev tensor(0.0002, grad_fn=<SelectBackward>)
test tensor(0.0541, grad_fn=<MeanBackward0>) dev tensor(0.0002, grad_fn=<SelectBackward>)
test tensor(0.0482, grad_fn=<MeanBackward0>) dev tensor(0.0004, grad_fn=<SelectBackward>)
test tensor(0.0444, grad_fn=<MeanBackward0>) dev tensor(0.0001, grad_fn=<SelectBackward>)
test tensor(0.0394, grad_fn=<MeanBackward0>) dev tensor(0.0002, grad_fn=<SelectBackward>)
test tensor(0.0349, grad_fn=<MeanBackward0>) dev tensor(0.0003, grad_fn=<SelectBackward>)
test tensor(0.0312, grad_fn=<MeanBackward0>) dev tensor(0.0002, grad_fn=<SelectBackward>)
test tensor(0.0269, grad_fn=<MeanBackward0>) dev tensor(0.0002, grad_fn=<SelectBackward>)
test tensor(0.0240, grad_fn=<MeanBackward0>) dev tensor(0.0001, grad_fn=<SelectBackward>)
test tensor(0.0209, grad_fn=<MeanBackward0>) dev tensor(0.0001, grad_fn=<SelectBackward>)
test tensor(0.0184, grad_fn=<MeanBackward0>) dev tensor(7.4417e-05, grad_fn=<SelectBackward>)
test tensor(0.0170, grad_fn=<MeanBackward0>) dev tensor(7.3035e-05, grad_fn=<SelectBackward>)
test tensor(0.0141, grad_fn=<MeanBackward0>) dev tensor(0.0002, grad_fn=<SelectBackward>)
test tensor(0.0125, grad_fn=<MeanBackward0>) dev tensor(8.0210e-05, grad_fn=<SelectBackward>)
test tensor(0.0113, grad_fn=<MeanBackward0>) dev tensor(4.9066e-05, grad_fn=<SelectBackward>)
test tensor(0.0101, grad_fn=<MeanBackward0>) dev tensor(5.1881e-05, grad_fn=<SelectBackward>)
test tensor(0.0098, grad_fn=<MeanBackward0>) dev tensor(8.0308e-05, grad_fn=<SelectBackward>)
test tensor(0.0089, grad_fn=<MeanBackward0>) dev tensor(4.2633e-05, grad_fn=<SelectBackward>)
test tensor(0.0079, grad_fn=<MeanBackward0>) dev tensor(5.6105e-05, grad_fn=<SelectBackward>)
test tensor(0.0074, grad_fn=<MeanBackward0>) dev tensor(3.3199e-05, grad_fn=<SelectBackward>)
test tensor(0.0070, grad_fn=<MeanBackward0>) dev tensor(3.1623e-05, grad_fn=<SelectBackward>)
test tensor(0.0068, grad_fn=<MeanBackward0>) dev tensor(3.6755e-05, grad_fn=<SelectBackward>)
test tensor(0.0071, grad_fn=<MeanBackward0>) dev tensor(8.3908e-05, grad_fn=<SelectBackward>)
test tensor(0.0068, grad_fn=<MeanBackward0>) dev tensor(2.4924e-05, grad_fn=<SelectBackward>)
test tensor(0.0070, grad_fn=<MeanBackward0>) dev tensor(2.3422e-05, grad_fn=<SelectBackward>)
test tensor(0.0075, grad_fn=<MeanBackward0>) dev tensor(6.5467e-05, grad_fn=<SelectBackward>)
test tensor(0.0078, grad_fn=<MeanBackward0>) dev tensor(6.3358e-05, grad_fn=<SelectBackward>)
test tensor(0.0083, grad_fn=<MeanBackward0>) dev tensor(2.0742e-05, grad_fn=<SelectBackward>)
test tensor(0.0088, grad_fn=<MeanBackward0>) dev tensor(2.3788e-05, grad_fn=<SelectBackward>)
test tensor(0.0092, grad_fn=<MeanBackward0>) dev tensor(3.7835e-05, grad_fn=<SelectBackward>)
test tensor(0.0098, grad_fn=<MeanBackward0>) dev tensor(1.7603e-05, grad_fn=<SelectBackward>)
test tensor(0.0106, grad_fn=<MeanBackward0>) dev tensor(2.6680e-05, grad_fn=<SelectBackward>)
test tensor(0.0113, grad_fn=<MeanBackward0>) dev tensor(2.3164e-05, grad_fn=<SelectBackward>)
test tensor(0.0120, grad_fn=<MeanBackward0>) dev tensor(2.2867e-05, grad_fn=<SelectBackward>)
test tensor(0.0129, grad_fn=<MeanBackward0>) dev tensor(1.6850e-05, grad_fn=<SelectBackward>)
test tensor(0.0140, grad_fn=<MeanBackward0>) dev tensor(4.1958e-05, grad_fn=<SelectBackward>)
test tensor(0.0147, grad_fn=<MeanBackward0>) dev tensor(2.0783e-05, grad_fn=<SelectBackward>)
test tensor(0.0158, grad_fn=<MeanBackward0>) dev tensor(3.7491e-05, grad_fn=<SelectBackward>)
test tensor(0.0165, grad_fn=<MeanBackward0>) dev tensor(7.0932e-05, grad_fn=<SelectBackward>)
test tensor(0.0178, grad_fn=<MeanBackward0>) dev tensor(1.7654e-05, grad_fn=<SelectBackward>)
lr, dw 0.0001 1e-08
test tensor(0.1422, grad_fn=<MeanBackward0>) dev tensor(0.0007, grad_fn=<SelectBackward>)
test tensor(0.1336, grad_fn=<MeanBackward0>) dev tensor(0.0006, grad_fn=<SelectBackward>)
test tensor(0.1247, grad_fn=<MeanBackward0>) dev tensor(0.0008, grad_fn=<SelectBackward>)
test tensor(0.1152, grad_fn=<MeanBackward0>) dev tensor(0.0008, grad_fn=<SelectBackward>)
test tensor(0.1066, grad_fn=<MeanBackward0>) dev tensor(0.0007, grad_fn=<SelectBackward>)
test tensor(0.0977, grad_fn=<MeanBackward0>) dev tensor(0.0005, grad_fn=<SelectBackward>)
test tensor(0.0888, grad_fn=<MeanBackward0>) dev tensor(0.0005, grad_fn=<SelectBackward>)
test tensor(0.0815, grad_fn=<MeanBackward0>) dev tensor(0.0003, grad_fn=<SelectBackward>)
test tensor(0.0733, grad_fn=<MeanBackward0>) dev tensor(0.0004, grad_fn=<SelectBackward>)
test tensor(0.0667, grad_fn=<MeanBackward0>) dev tensor(0.0004, grad_fn=<SelectBackward>)
test tensor(0.0614, grad_fn=<MeanBackward0>) dev tensor(0.0003, grad_fn=<SelectBackward>)
test tensor(0.0560, grad_fn=<MeanBackward0>) dev tensor(0.0002, grad_fn=<SelectBackward>)
test tensor(0.0502, grad_fn=<MeanBackward0>) dev tensor(0.0003, grad_fn=<SelectBackward>)
test tensor(0.0451, grad_fn=<MeanBackward0>) dev tensor(0.0003, grad_fn=<SelectBackward>)
test tensor(0.0403, grad_fn=<MeanBackward0>) dev tensor(0.0003, grad_fn=<SelectBackward>)
test tensor(0.0361, grad_fn=<MeanBackward0>) dev tensor(0.0002, grad_fn=<SelectBackward>)
test tensor(0.0325, grad_fn=<MeanBackward0>) dev tensor(0.0001, grad_fn=<SelectBackward>)
test tensor(0.0288, grad_fn=<MeanBackward0>) dev tensor(0.0001, grad_fn=<SelectBackward>)
test tensor(0.0252, grad_fn=<MeanBackward0>) dev tensor(0.0001, grad_fn=<SelectBackward>)
test tensor(0.0223, grad_fn=<MeanBackward0>) dev tensor(0.0001, grad_fn=<SelectBackward>)
test tensor(0.0196, grad_fn=<MeanBackward0>) dev tensor(9.7790e-05, grad_fn=<SelectBackward>)
test tensor(0.0169, grad_fn=<MeanBackward0>) dev tensor(0.0001, grad_fn=<SelectBackward>)
test tensor(0.0145, grad_fn=<MeanBackward0>) dev tensor(0.0002, grad_fn=<SelectBackward>)
test tensor(0.0129, grad_fn=<MeanBackward0>) dev tensor(8.0155e-05, grad_fn=<SelectBackward>)
test tensor(0.0112, grad_fn=<MeanBackward0>) dev tensor(6.3883e-05, grad_fn=<SelectBackward>)
test tensor(0.0099, grad_fn=<MeanBackward0>) dev tensor(5.4079e-05, grad_fn=<SelectBackward>)
test tensor(0.0084, grad_fn=<MeanBackward0>) dev tensor(7.3365e-05, grad_fn=<SelectBackward>)
test tensor(0.0075, grad_fn=<MeanBackward0>) dev tensor(3.8559e-05, grad_fn=<SelectBackward>)
test tensor(0.0066, grad_fn=<MeanBackward0>) dev tensor(5.6602e-05, grad_fn=<SelectBackward>)
test tensor(0.0059, grad_fn=<MeanBackward0>) dev tensor(8.7262e-05, grad_fn=<SelectBackward>)
test tensor(0.0053, grad_fn=<MeanBackward0>) dev tensor(5.6062e-05, grad_fn=<SelectBackward>)
test tensor(0.0051, grad_fn=<MeanBackward0>) dev tensor(3.4557e-05, grad_fn=<SelectBackward>)
test tensor(0.0047, grad_fn=<MeanBackward0>) dev tensor(0.0001, grad_fn=<SelectBackward>)
test tensor(0.0045, grad_fn=<MeanBackward0>) dev tensor(4.1985e-05, grad_fn=<SelectBackward>)
test tensor(0.0045, grad_fn=<MeanBackward0>) dev tensor(2.8345e-05, grad_fn=<SelectBackward>)
test tensor(0.0045, grad_fn=<MeanBackward0>) dev tensor(5.7526e-05, grad_fn=<SelectBackward>)
test tensor(0.0045, grad_fn=<MeanBackward0>) dev tensor(2.9876e-05, grad_fn=<SelectBackward>)
test tensor(0.0047, grad_fn=<MeanBackward0>) dev tensor(2.5858e-05, grad_fn=<SelectBackward>)
test tensor(0.0050, grad_fn=<MeanBackward0>) dev tensor(2.3227e-05, grad_fn=<SelectBackward>)
test tensor(0.0055, grad_fn=<MeanBackward0>) dev tensor(3.6906e-05, grad_fn=<SelectBackward>)
test tensor(0.0060, grad_fn=<MeanBackward0>) dev tensor(2.2621e-05, grad_fn=<SelectBackward>)
test tensor(0.0065, grad_fn=<MeanBackward0>) dev tensor(2.9299e-05, grad_fn=<SelectBackward>)
test tensor(0.0071, grad_fn=<MeanBackward0>) dev tensor(1.7983e-05, grad_fn=<SelectBackward>)
test tensor(0.0077, grad_fn=<MeanBackward0>) dev tensor(3.5162e-05, grad_fn=<SelectBackward>)
test tensor(0.0084, grad_fn=<MeanBackward0>) dev tensor(2.6070e-05, grad_fn=<SelectBackward>)
test tensor(0.0090, grad_fn=<MeanBackward0>) dev tensor(1.6329e-05, grad_fn=<SelectBackward>)
test tensor(0.0094, grad_fn=<MeanBackward0>) dev tensor(7.6225e-05, grad_fn=<SelectBackward>)
test tensor(0.0102, grad_fn=<MeanBackward0>) dev tensor(1.6526e-05, grad_fn=<SelectBackward>)
test tensor(0.0108, grad_fn=<MeanBackward0>) dev tensor(0.0002, grad_fn=<SelectBackward>)
test tensor(0.0117, grad_fn=<MeanBackward0>) dev tensor(5.2427e-05, grad_fn=<SelectBackward>)
test tensor(0.0128, grad_fn=<MeanBackward0>) dev tensor(0.0001, grad_fn=<SelectBackward>)
lr, dw 0.0001 1e-08
test tensor(0.1047, grad_fn=<MeanBackward0>) dev tensor(0.0006, grad_fn=<SelectBackward>)
test tensor(0.0934, grad_fn=<MeanBackward0>) dev tensor(0.0007, grad_fn=<SelectBackward>)
test tensor(0.0818, grad_fn=<MeanBackward0>) dev tensor(0.0005, grad_fn=<SelectBackward>)
test tensor(0.0721, grad_fn=<MeanBackward0>) dev tensor(0.0002, grad_fn=<SelectBackward>)
test tensor(0.0597, grad_fn=<MeanBackward0>) dev tensor(0.0004, grad_fn=<SelectBackward>)
test tensor(0.0513, grad_fn=<MeanBackward0>) dev tensor(0.0004, grad_fn=<SelectBackward>)
test tensor(0.0445, grad_fn=<MeanBackward0>) dev tensor(0.0002, grad_fn=<SelectBackward>)
test tensor(0.0382, grad_fn=<MeanBackward0>) dev tensor(0.0002, grad_fn=<SelectBackward>)
test tensor(0.0322, grad_fn=<MeanBackward0>) dev tensor(0.0002, grad_fn=<SelectBackward>)
test tensor(0.0260, grad_fn=<MeanBackward0>) dev tensor(0.0003, grad_fn=<SelectBackward>)
test tensor(0.0219, grad_fn=<MeanBackward0>) dev tensor(0.0001, grad_fn=<SelectBackward>)
test tensor(0.0179, grad_fn=<MeanBackward0>) dev tensor(0.0001, grad_fn=<SelectBackward>)
test tensor(0.0145, grad_fn=<MeanBackward0>) dev tensor(0.0002, grad_fn=<SelectBackward>)
test tensor(0.0118, grad_fn=<MeanBackward0>) dev tensor(0.0001, grad_fn=<SelectBackward>)
test tensor(0.0103, grad_fn=<MeanBackward0>) dev tensor(4.4797e-05, grad_fn=<SelectBackward>)
test tensor(0.0091, grad_fn=<MeanBackward0>) dev tensor(7.7482e-05, grad_fn=<SelectBackward>)
test tensor(0.0076, grad_fn=<MeanBackward0>) dev tensor(3.5881e-05, grad_fn=<SelectBackward>)
test tensor(0.0068, grad_fn=<MeanBackward0>) dev tensor(3.5644e-05, grad_fn=<SelectBackward>)
test tensor(0.0067, grad_fn=<MeanBackward0>) dev tensor(4.8495e-05, grad_fn=<SelectBackward>)
test tensor(0.0064, grad_fn=<MeanBackward0>) dev tensor(3.4333e-05, grad_fn=<SelectBackward>)
test tensor(0.0066, grad_fn=<MeanBackward0>) dev tensor(2.5875e-05, grad_fn=<SelectBackward>)
test tensor(0.0070, grad_fn=<MeanBackward0>) dev tensor(2.3957e-05, grad_fn=<SelectBackward>)
test tensor(0.0076, grad_fn=<MeanBackward0>) dev tensor(2.2740e-05, grad_fn=<SelectBackward>)
test tensor(0.0083, grad_fn=<MeanBackward0>) dev tensor(2.6521e-05, grad_fn=<SelectBackward>)
test tensor(0.0090, grad_fn=<MeanBackward0>) dev tensor(2.4133e-05, grad_fn=<SelectBackward>)
test tensor(0.0096, grad_fn=<MeanBackward0>) dev tensor(5.8867e-05, grad_fn=<SelectBackward>)
test tensor(0.0108, grad_fn=<MeanBackward0>) dev tensor(4.6358e-05, grad_fn=<SelectBackward>)
test tensor(0.0119, grad_fn=<MeanBackward0>) dev tensor(3.6394e-05, grad_fn=<SelectBackward>)
lr, dw 0.0001 1e-08
test tensor(0.1507, grad_fn=<MeanBackward0>) dev tensor(0.0007, grad_fn=<SelectBackward>)
test tensor(0.1447, grad_fn=<MeanBackward0>) dev tensor(0.0008, grad_fn=<SelectBackward>)
test tensor(0.1375, grad_fn=<MeanBackward0>) dev tensor(0.0009, grad_fn=<SelectBackward>)
test tensor(0.1294, grad_fn=<MeanBackward0>) dev tensor(0.0007, grad_fn=<SelectBackward>)
test tensor(0.1202, grad_fn=<MeanBackward0>) dev tensor(0.0007, grad_fn=<SelectBackward>)
test tensor(0.1107, grad_fn=<MeanBackward0>) dev tensor(0.0006, grad_fn=<SelectBackward>)
test tensor(0.1013, grad_fn=<MeanBackward0>) dev tensor(0.0006, grad_fn=<SelectBackward>)
test tensor(0.0923, grad_fn=<MeanBackward0>) dev tensor(0.0005, grad_fn=<SelectBackward>)
test tensor(0.0824, grad_fn=<MeanBackward0>) dev tensor(0.0004, grad_fn=<SelectBackward>)
test tensor(0.0739, grad_fn=<MeanBackward0>) dev tensor(0.0003, grad_fn=<SelectBackward>)
test tensor(0.0664, grad_fn=<MeanBackward0>) dev tensor(0.0003, grad_fn=<SelectBackward>)
test tensor(0.0602, grad_fn=<MeanBackward0>) dev tensor(0.0002, grad_fn=<SelectBackward>)
test tensor(0.0542, grad_fn=<MeanBackward0>) dev tensor(0.0002, grad_fn=<SelectBackward>)
test tensor(0.0478, grad_fn=<MeanBackward0>) dev tensor(0.0002, grad_fn=<SelectBackward>)
test tensor(0.0430, grad_fn=<MeanBackward0>) dev tensor(0.0002, grad_fn=<SelectBackward>)
test tensor(0.0387, grad_fn=<MeanBackward0>) dev tensor(0.0002, grad_fn=<SelectBackward>)
test tensor(0.0342, grad_fn=<MeanBackward0>) dev tensor(0.0002, grad_fn=<SelectBackward>)
test tensor(0.0311, grad_fn=<MeanBackward0>) dev tensor(0.0001, grad_fn=<SelectBackward>)
test tensor(0.0278, grad_fn=<MeanBackward0>) dev tensor(0.0001, grad_fn=<SelectBackward>)
test tensor(0.0243, grad_fn=<MeanBackward0>) dev tensor(0.0001, grad_fn=<SelectBackward>)
test tensor(0.0216, grad_fn=<MeanBackward0>) dev tensor(0.0001, grad_fn=<SelectBackward>)
test tensor(0.0195, grad_fn=<MeanBackward0>) dev tensor(7.9054e-05, grad_fn=<SelectBackward>)
test tensor(0.0173, grad_fn=<MeanBackward0>) dev tensor(7.1953e-05, grad_fn=<SelectBackward>)
test tensor(0.0147, grad_fn=<MeanBackward0>) dev tensor(0.0002, grad_fn=<SelectBackward>)
test tensor(0.0132, grad_fn=<MeanBackward0>) dev tensor(0.0002, grad_fn=<SelectBackward>)
test tensor(0.0132, grad_fn=<MeanBackward0>) dev tensor(0.0001, grad_fn=<SelectBackward>)
test tensor(0.0112, grad_fn=<MeanBackward0>) dev tensor(7.6006e-05, grad_fn=<SelectBackward>)
test tensor(0.0102, grad_fn=<MeanBackward0>) dev tensor(0.0001, grad_fn=<SelectBackward>)
lr, dw 0.0001 1e-08
test tensor(0.1505, grad_fn=<MeanBackward0>) dev tensor(0.0007, grad_fn=<SelectBackward>)
test tensor(0.1390, grad_fn=<MeanBackward0>) dev tensor(0.0012, grad_fn=<SelectBackward>)
test tensor(0.1306, grad_fn=<MeanBackward0>) dev tensor(0.0008, grad_fn=<SelectBackward>)
test tensor(0.1207, grad_fn=<MeanBackward0>) dev tensor(0.0011, grad_fn=<SelectBackward>)
test tensor(0.1137, grad_fn=<MeanBackward0>) dev tensor(0.0005, grad_fn=<SelectBackward>)
test tensor(0.1054, grad_fn=<MeanBackward0>) dev tensor(0.0006, grad_fn=<SelectBackward>)
test tensor(0.0983, grad_fn=<MeanBackward0>) dev tensor(0.0004, grad_fn=<SelectBackward>)
test tensor(0.0911, grad_fn=<MeanBackward0>) dev tensor(0.0003, grad_fn=<SelectBackward>)
test tensor(0.0832, grad_fn=<MeanBackward0>) dev tensor(0.0006, grad_fn=<SelectBackward>)
test tensor(0.0769, grad_fn=<MeanBackward0>) dev tensor(0.0007, grad_fn=<SelectBackward>)
test tensor(0.0712, grad_fn=<MeanBackward0>) dev tensor(0.0004, grad_fn=<SelectBackward>)
test tensor(0.0659, grad_fn=<MeanBackward0>) dev tensor(0.0003, grad_fn=<SelectBackward>)
test tensor(0.0606, grad_fn=<MeanBackward0>) dev tensor(0.0003, grad_fn=<SelectBackward>)
test tensor(0.0558, grad_fn=<MeanBackward0>) dev tensor(0.0002, grad_fn=<SelectBackward>)
test tensor(0.0512, grad_fn=<MeanBackward0>) dev tensor(0.0002, grad_fn=<SelectBackward>)
test tensor(0.0464, grad_fn=<MeanBackward0>) dev tensor(0.0002, grad_fn=<SelectBackward>)
test tensor(0.0413, grad_fn=<MeanBackward0>) dev tensor(0.0003, grad_fn=<SelectBackward>)
test tensor(0.0375, grad_fn=<MeanBackward0>) dev tensor(0.0004, grad_fn=<SelectBackward>)
test tensor(0.0343, grad_fn=<MeanBackward0>) dev tensor(0.0002, grad_fn=<SelectBackward>)
lr, dw 0.0001 1e-08
test tensor(0.1661, grad_fn=<MeanBackward0>) dev tensor(0.0008, grad_fn=<SelectBackward>)
test tensor(0.1590, grad_fn=<MeanBackward0>) dev tensor(0.0009, grad_fn=<SelectBackward>)
test tensor(0.1505, grad_fn=<MeanBackward0>) dev tensor(0.0009, grad_fn=<SelectBackward>)
test tensor(0.1396, grad_fn=<MeanBackward0>) dev tensor(0.0009, grad_fn=<SelectBackward>)
test tensor(0.1307, grad_fn=<MeanBackward0>) dev tensor(0.0005, grad_fn=<SelectBackward>)
test tensor(0.1195, grad_fn=<MeanBackward0>) dev tensor(0.0006, grad_fn=<SelectBackward>)
test tensor(0.1082, grad_fn=<MeanBackward0>) dev tensor(0.0006, grad_fn=<SelectBackward>)
test tensor(0.0959, grad_fn=<MeanBackward0>) dev tensor(0.0010, grad_fn=<SelectBackward>)
test tensor(0.0888, grad_fn=<MeanBackward0>) dev tensor(0.0004, grad_fn=<SelectBackward>)
test tensor(0.0792, grad_fn=<MeanBackward0>) dev tensor(0.0004, grad_fn=<SelectBackward>)
test tensor(0.0713, grad_fn=<MeanBackward0>) dev tensor(0.0004, grad_fn=<SelectBackward>)
test tensor(0.0629, grad_fn=<MeanBackward0>) dev tensor(0.0005, grad_fn=<SelectBackward>)
test tensor(0.0567, grad_fn=<MeanBackward0>) dev tensor(0.0004, grad_fn=<SelectBackward>)
test tensor(0.0503, grad_fn=<MeanBackward0>) dev tensor(0.0005, grad_fn=<SelectBackward>)
test tensor(0.0446, grad_fn=<MeanBackward0>) dev tensor(0.0005, grad_fn=<SelectBackward>)
test tensor(0.0404, grad_fn=<MeanBackward0>) dev tensor(0.0002, grad_fn=<SelectBackward>)
test tensor(0.0364, grad_fn=<MeanBackward0>) dev tensor(0.0001, grad_fn=<SelectBackward>)
test tensor(0.0318, grad_fn=<MeanBackward0>) dev tensor(0.0002, grad_fn=<SelectBackward>)
test tensor(0.0274, grad_fn=<MeanBackward0>) dev tensor(0.0004, grad_fn=<SelectBackward>)
test tensor(0.0243, grad_fn=<MeanBackward0>) dev tensor(0.0001, grad_fn=<SelectBackward>)
test tensor(0.0212, grad_fn=<MeanBackward0>) dev tensor(0.0001, grad_fn=<SelectBackward>)
test tensor(0.0178, grad_fn=<MeanBackward0>) dev tensor(0.0002, grad_fn=<SelectBackward>)
test tensor(0.0158, grad_fn=<MeanBackward0>) dev tensor(5.5685e-05, grad_fn=<SelectBackward>)
test tensor(0.0134, grad_fn=<MeanBackward0>) dev tensor(5.5637e-05, grad_fn=<SelectBackward>)
test tensor(0.0113, grad_fn=<MeanBackward0>) dev tensor(4.5770e-05, grad_fn=<SelectBackward>)
test tensor(0.0091, grad_fn=<MeanBackward0>) dev tensor(9.7786e-05, grad_fn=<SelectBackward>)
test tensor(0.0078, grad_fn=<MeanBackward0>) dev tensor(3.8235e-05, grad_fn=<SelectBackward>)
test tensor(0.0061, grad_fn=<MeanBackward0>) dev tensor(5.5921e-05, grad_fn=<SelectBackward>)
test tensor(0.0049, grad_fn=<MeanBackward0>) dev tensor(3.8519e-05, grad_fn=<SelectBackward>)
test tensor(0.0041, grad_fn=<MeanBackward0>) dev tensor(8.7891e-05, grad_fn=<SelectBackward>)
test tensor(0.0028, grad_fn=<MeanBackward0>) dev tensor(7.6953e-05, grad_fn=<SelectBackward>)
test tensor(0.0022, grad_fn=<MeanBackward0>) dev tensor(2.9404e-05, grad_fn=<SelectBackward>)
test tensor(0.0017, grad_fn=<MeanBackward0>) dev tensor(4.4818e-05, grad_fn=<SelectBackward>)
test tensor(0.0013, grad_fn=<MeanBackward0>) dev tensor(4.0891e-05, grad_fn=<SelectBackward>)
test tensor(0.0009, grad_fn=<MeanBackward0>) dev tensor(2.6493e-05, grad_fn=<SelectBackward>)
test tensor(0.0007, grad_fn=<MeanBackward0>) dev tensor(1.9475e-05, grad_fn=<SelectBackward>)
test tensor(0.0006, grad_fn=<MeanBackward0>) dev tensor(1.8753e-05, grad_fn=<SelectBackward>)
test tensor(0.0006, grad_fn=<MeanBackward0>) dev tensor(3.0241e-05, grad_fn=<SelectBackward>)
test tensor(0.0009, grad_fn=<MeanBackward0>) dev tensor(6.8279e-05, grad_fn=<SelectBackward>)
test tensor(0.0009, grad_fn=<MeanBackward0>) dev tensor(1.8154e-05, grad_fn=<SelectBackward>)
test tensor(0.0013, grad_fn=<MeanBackward0>) dev tensor(2.8618e-05, grad_fn=<SelectBackward>)
test tensor(0.0014, grad_fn=<MeanBackward0>) dev tensor(1.7064e-05, grad_fn=<SelectBackward>)
test tensor(0.0018, grad_fn=<MeanBackward0>) dev tensor(2.2939e-05, grad_fn=<SelectBackward>)
test tensor(0.0022, grad_fn=<MeanBackward0>) dev tensor(1.7339e-05, grad_fn=<SelectBackward>)
test tensor(0.0028, grad_fn=<MeanBackward0>) dev tensor(1.7199e-05, grad_fn=<SelectBackward>)
test tensor(0.0035, grad_fn=<MeanBackward0>) dev tensor(1.7059e-05, grad_fn=<SelectBackward>)
test tensor(0.0039, grad_fn=<MeanBackward0>) dev tensor(2.9501e-05, grad_fn=<SelectBackward>)
test tensor(0.0049, grad_fn=<MeanBackward0>) dev tensor(3.8789e-05, grad_fn=<SelectBackward>)
test tensor(0.0052, grad_fn=<MeanBackward0>) dev tensor(3.7339e-05, grad_fn=<SelectBackward>)
test tensor(0.0056, grad_fn=<MeanBackward0>) dev tensor(6.5447e-05, grad_fn=<SelectBackward>)
test tensor(0.0063, grad_fn=<MeanBackward0>) dev tensor(3.6336e-05, grad_fn=<SelectBackward>)
lr, dw 0.0001 1e-08
test tensor(0.1336, grad_fn=<MeanBackward0>) dev tensor(0.0007, grad_fn=<SelectBackward>)
test tensor(0.1270, grad_fn=<MeanBackward0>) dev tensor(0.0008, grad_fn=<SelectBackward>)
test tensor(0.1207, grad_fn=<MeanBackward0>) dev tensor(0.0007, grad_fn=<SelectBackward>)
test tensor(0.1144, grad_fn=<MeanBackward0>) dev tensor(0.0008, grad_fn=<SelectBackward>)
test tensor(0.1081, grad_fn=<MeanBackward0>) dev tensor(0.0006, grad_fn=<SelectBackward>)
test tensor(0.1010, grad_fn=<MeanBackward0>) dev tensor(0.0005, grad_fn=<SelectBackward>)
test tensor(0.0939, grad_fn=<MeanBackward0>) dev tensor(0.0004, grad_fn=<SelectBackward>)
test tensor(0.0865, grad_fn=<MeanBackward0>) dev tensor(0.0004, grad_fn=<SelectBackward>)
test tensor(0.0790, grad_fn=<MeanBackward0>) dev tensor(0.0004, grad_fn=<SelectBackward>)
test tensor(0.0715, grad_fn=<MeanBackward0>) dev tensor(0.0004, grad_fn=<SelectBackward>)
test tensor(0.0642, grad_fn=<MeanBackward0>) dev tensor(0.0003, grad_fn=<SelectBackward>)
test tensor(0.0577, grad_fn=<MeanBackward0>) dev tensor(0.0004, grad_fn=<SelectBackward>)
test tensor(0.0517, grad_fn=<MeanBackward0>) dev tensor(0.0003, grad_fn=<SelectBackward>)
test tensor(0.0454, grad_fn=<MeanBackward0>) dev tensor(0.0004, grad_fn=<SelectBackward>)
test tensor(0.0405, grad_fn=<MeanBackward0>) dev tensor(0.0003, grad_fn=<SelectBackward>)
test tensor(0.0370, grad_fn=<MeanBackward0>) dev tensor(0.0002, grad_fn=<SelectBackward>)
test tensor(0.0328, grad_fn=<MeanBackward0>) dev tensor(0.0002, grad_fn=<SelectBackward>)
test tensor(0.0293, grad_fn=<MeanBackward0>) dev tensor(0.0002, grad_fn=<SelectBackward>)
test tensor(0.0260, grad_fn=<MeanBackward0>) dev tensor(0.0002, grad_fn=<SelectBackward>)
test tensor(0.0236, grad_fn=<MeanBackward0>) dev tensor(7.5985e-05, grad_fn=<SelectBackward>)
test tensor(0.0201, grad_fn=<MeanBackward0>) dev tensor(0.0002, grad_fn=<SelectBackward>)
test tensor(0.0177, grad_fn=<MeanBackward0>) dev tensor(0.0002, grad_fn=<SelectBackward>)
test tensor(0.0159, grad_fn=<MeanBackward0>) dev tensor(9.7671e-05, grad_fn=<SelectBackward>)
test tensor(0.0143, grad_fn=<MeanBackward0>) dev tensor(5.6164e-05, grad_fn=<SelectBackward>)
test tensor(0.0120, grad_fn=<MeanBackward0>) dev tensor(0.0002, grad_fn=<SelectBackward>)
test tensor(0.0106, grad_fn=<MeanBackward0>) dev tensor(6.4472e-05, grad_fn=<SelectBackward>)
test tensor(0.0094, grad_fn=<MeanBackward0>) dev tensor(8.7559e-05, grad_fn=<SelectBackward>)
test tensor(0.0083, grad_fn=<MeanBackward0>) dev tensor(5.1811e-05, grad_fn=<SelectBackward>)
test tensor(0.0075, grad_fn=<MeanBackward0>) dev tensor(4.1783e-05, grad_fn=<SelectBackward>)
test tensor(0.0067, grad_fn=<MeanBackward0>) dev tensor(3.6275e-05, grad_fn=<SelectBackward>)
test tensor(0.0059, grad_fn=<MeanBackward0>) dev tensor(0.0001, grad_fn=<SelectBackward>)
test tensor(0.0054, grad_fn=<MeanBackward0>) dev tensor(6.7388e-05, grad_fn=<SelectBackward>)
test tensor(0.0051, grad_fn=<MeanBackward0>) dev tensor(2.9454e-05, grad_fn=<SelectBackward>)
test tensor(0.0049, grad_fn=<MeanBackward0>) dev tensor(5.7796e-05, grad_fn=<SelectBackward>)
test tensor(0.0049, grad_fn=<MeanBackward0>) dev tensor(4.1729e-05, grad_fn=<SelectBackward>)
test tensor(0.0047, grad_fn=<MeanBackward0>) dev tensor(2.5600e-05, grad_fn=<SelectBackward>)
test tensor(0.0048, grad_fn=<MeanBackward0>) dev tensor(4.9548e-05, grad_fn=<SelectBackward>)
test tensor(0.0049, grad_fn=<MeanBackward0>) dev tensor(2.3731e-05, grad_fn=<SelectBackward>)
test tensor(0.0052, grad_fn=<MeanBackward0>) dev tensor(4.2820e-05, grad_fn=<SelectBackward>)
test tensor(0.0057, grad_fn=<MeanBackward0>) dev tensor(9.1147e-05, grad_fn=<SelectBackward>)
test tensor(0.0061, grad_fn=<MeanBackward0>) dev tensor(2.1473e-05, grad_fn=<SelectBackward>)
test tensor(0.0067, grad_fn=<MeanBackward0>) dev tensor(4.1286e-05, grad_fn=<SelectBackward>)
test tensor(0.0073, grad_fn=<MeanBackward0>) dev tensor(6.2376e-05, grad_fn=<SelectBackward>)
test tensor(0.0081, grad_fn=<MeanBackward0>) dev tensor(0.0001, grad_fn=<SelectBackward>)
test tensor(0.0088, grad_fn=<MeanBackward0>) dev tensor(1.6974e-05, grad_fn=<SelectBackward>)
test tensor(0.0098, grad_fn=<MeanBackward0>) dev tensor(3.2392e-05, grad_fn=<SelectBackward>)
test tensor(0.0102, grad_fn=<MeanBackward0>) dev tensor(1.6935e-05, grad_fn=<SelectBackward>)
test tensor(0.0108, grad_fn=<MeanBackward0>) dev tensor(5.0615e-05, grad_fn=<SelectBackward>)
test tensor(0.0118, grad_fn=<MeanBackward0>) dev tensor(0.0001, grad_fn=<SelectBackward>)
test tensor(0.0128, grad_fn=<MeanBackward0>) dev tensor(2.3210e-05, grad_fn=<SelectBackward>)
test tensor(0.0133, grad_fn=<MeanBackward0>) dev tensor(5.9183e-05, grad_fn=<SelectBackward>)
test tensor(0.0140, grad_fn=<MeanBackward0>) dev tensor(0.0001, grad_fn=<SelectBackward>)
params,test_err, norm:  [ 0.77458628 -0.60199074] 0.012600408164165779 13.576737960145934 13.576737960145934
params,test_err, norm:  [ 1.7152675  -0.49470937] 0.0008609140107326617 13.576737960145934 40.34330534806946
True [ 1.7152675  -0.49470937] 0.0008609140107326617 13.576737960145934 68.93281801749359

