params,test_err, norm:  [1.13224619 0.86769383] 0.020883271949512984 11.722314722304702
params,test_err, norm:  [1.33709201 0.55802813] 0.016717946726985736 11.722314722304702
params,test_err, norm:  [1.42002339 0.34957053] 0.0158707421598948 11.722314722304702
params,test_err, norm:  [1.42002339 0.34957053] 0.0158707421598948 11.722314722304702
RUNNING THE L-BFGS-B CODE

           * * *

Machine precision = 2.220D-16
 N =            2     M =           10

At X0         0 variables are exactly at the bounds

At iterate    0    f=  3.51030D-01    |proj g|=  3.23062D-02

At iterate    1    f=  3.48767D-01    |proj g|=  2.92965D-02

At iterate    2    f=  3.39146D-01    |proj g|=  2.00378D-02

At iterate    3    f=  3.28075D-01    |proj g|=  2.79842D-03

At iterate    4    f=  3.34295D-01    |proj g|=  3.88982D-03

           * * *

Tit   = total number of iterations
Tnf   = total number of function evaluations
Tnint = total number of segments explored during Cauchy searches
Skip  = number of BFGS updates skipped
Nact  = number of active bounds at final generalized Cauchy point
Projg = norm of the final projected gradient
F     = final function value

           * * *

   N    Tit     Tnf  Tnint  Skip  Nact     Projg        F
    2      4     10      5     0     0   3.890D-03   3.343D-01
  F =  0.33429474486512611     

CONVERGENCE: REL_REDUCTION_OF_F_<=_FACTR*EPSMCH             

 Cauchy                time 0.000E+00 seconds.
 Subspace minimization time 0.000E+00 seconds.
 Line search           time 0.000E+00 seconds.

 Total User time 0.000E+00 seconds.

