params,test_err, norm:  [1.12850283 0.87514647] 0.008966000518331416 7.144003381386412
params,test_err, norm:  [1.12850283 0.87514647] 0.008966000518331416 7.144003381386412
RUNNING THE L-BFGS-B CODE

           * * *

Machine precision = 2.220D-16
 N =            2     M =           10

At X0         0 variables are exactly at the bounds

At iterate    0    f=  3.50342D-01    |proj g|=  2.85028D-02

At iterate    1    f=  3.40493D-01    |proj g|=  2.45418D-02

At iterate    2    f=  3.42456D-01    |proj g|=  2.49345D-02

           * * *

Tit   = total number of iterations
Tnf   = total number of function evaluations
Tnint = total number of segments explored during Cauchy searches
Skip  = number of BFGS updates skipped
Nact  = number of active bounds at final generalized Cauchy point
Projg = norm of the final projected gradient
F     = final function value

           * * *

   N    Tit     Tnf  Tnint  Skip  Nact     Projg        F
    2      2      9      2     0     0   2.493D-02   3.425D-01
  F =  0.34245575597374822     

CONVERGENCE: REL_REDUCTION_OF_F_<=_FACTR*EPSMCH             

 Cauchy                time 0.000E+00 seconds.
 Subspace minimization time 0.000E+00 seconds.
 Line search           time 0.000E+00 seconds.

 Total User time 0.000E+00 seconds.

