params,test_err, norm:  [1.13050052 0.87546091] 0.01803638464685756 11.685499223458594
params,test_err, norm:  [1.27688059 0.73029423] 0.016866325987953058 9.66946557577282
params,test_err, norm:  [1.49639238 0.3062131 ] 0.01690124476706585 9.66946557577282
params,test_err, norm:  [1.49276285 0.31439914] 0.016771031150803556 9.66946557577282
params,test_err, norm:  [1.49114806 0.31688503] 0.016728149722939088 9.66946557577282
params,test_err, norm:  [1.49114806 0.31688503] 0.016728149722939088 9.66946557577282
RUNNING THE L-BFGS-B CODE

           * * *

Machine precision = 2.220D-16
 N =            2     M =           10

At X0         0 variables are exactly at the bounds

At iterate    0    f=  3.43449D-01    |proj g|=  3.05005D-02

At iterate    1    f=  3.41852D-01    |proj g|=  2.52208D-02

At iterate    2    f=  3.39129D-01    |proj g|=  1.60915D-02

At iterate    3    f=  3.32444D-01    |proj g|=  8.92951D-03

At iterate    4    f=  3.31237D-01    |proj g|=  7.67402D-03

At iterate    5    f=  3.30156D-01    |proj g|=  5.11877D-03

At iterate    6    f=  3.30187D-01    |proj g|=  7.08916D-03

           * * *

Tit   = total number of iterations
Tnf   = total number of function evaluations
Tnint = total number of segments explored during Cauchy searches
Skip  = number of BFGS updates skipped
Nact  = number of active bounds at final generalized Cauchy point
Projg = norm of the final projected gradient
F     = final function value

           * * *

   N    Tit     Tnf  Tnint  Skip  Nact     Projg        F
    2      6     17      6     0     0   7.089D-03   3.302D-01
  F =  0.33018720047213856     

CONVERGENCE: REL_REDUCTION_OF_F_<=_FACTR*EPSMCH             

 Cauchy                time 0.000E+00 seconds.
 Subspace minimization time 0.000E+00 seconds.
 Line search           time 0.000E+00 seconds.

 Total User time 0.000E+00 seconds.

