training
lr, dw 0.0001 1e-08
test tensor(0.1455, grad_fn=<MeanBackward0>) dev tensor(0.0003, grad_fn=<SelectBackward>)
test tensor(0.1427, grad_fn=<MeanBackward0>) dev tensor(0.0002, grad_fn=<SelectBackward>)
test tensor(0.1387, grad_fn=<MeanBackward0>) dev tensor(0.0002, grad_fn=<SelectBackward>)
test tensor(0.1309, grad_fn=<MeanBackward0>) dev tensor(0.0002, grad_fn=<SelectBackward>)
test tensor(0.1224, grad_fn=<MeanBackward0>) dev tensor(0.0004, grad_fn=<SelectBackward>)
test tensor(0.1192, grad_fn=<MeanBackward0>) dev tensor(0.0002, grad_fn=<SelectBackward>)
test tensor(0.1129, grad_fn=<MeanBackward0>) dev tensor(0.0002, grad_fn=<SelectBackward>)
test tensor(0.1076, grad_fn=<MeanBackward0>) dev tensor(0.0001, grad_fn=<SelectBackward>)
test tensor(0.1016, grad_fn=<MeanBackward0>) dev tensor(0.0002, grad_fn=<SelectBackward>)
test tensor(0.0946, grad_fn=<MeanBackward0>) dev tensor(0.0002, grad_fn=<SelectBackward>)
test tensor(0.0866, grad_fn=<MeanBackward0>) dev tensor(0.0002, grad_fn=<SelectBackward>)
test tensor(0.0801, grad_fn=<MeanBackward0>) dev tensor(0.0002, grad_fn=<SelectBackward>)
test tensor(0.0761, grad_fn=<MeanBackward0>) dev tensor(8.5139e-05, grad_fn=<SelectBackward>)
test tensor(0.0707, grad_fn=<MeanBackward0>) dev tensor(8.2942e-05, grad_fn=<SelectBackward>)
test tensor(0.0642, grad_fn=<MeanBackward0>) dev tensor(9.3731e-05, grad_fn=<SelectBackward>)
test tensor(0.0594, grad_fn=<MeanBackward0>) dev tensor(0.0001, grad_fn=<SelectBackward>)
test tensor(0.0552, grad_fn=<MeanBackward0>) dev tensor(9.5287e-05, grad_fn=<SelectBackward>)
test tensor(0.0517, grad_fn=<MeanBackward0>) dev tensor(9.7139e-05, grad_fn=<SelectBackward>)
test tensor(0.0478, grad_fn=<MeanBackward0>) dev tensor(8.0844e-05, grad_fn=<SelectBackward>)
test tensor(0.0437, grad_fn=<MeanBackward0>) dev tensor(8.6677e-05, grad_fn=<SelectBackward>)
test tensor(0.0401, grad_fn=<MeanBackward0>) dev tensor(9.1175e-05, grad_fn=<SelectBackward>)
test tensor(0.0365, grad_fn=<MeanBackward0>) dev tensor(0.0001, grad_fn=<SelectBackward>)
test tensor(0.0328, grad_fn=<MeanBackward0>) dev tensor(0.0002, grad_fn=<SelectBackward>)
test tensor(0.0309, grad_fn=<MeanBackward0>) dev tensor(5.1616e-05, grad_fn=<SelectBackward>)
test tensor(0.0277, grad_fn=<MeanBackward0>) dev tensor(0.0001, grad_fn=<SelectBackward>)
test tensor(0.0255, grad_fn=<MeanBackward0>) dev tensor(6.7533e-05, grad_fn=<SelectBackward>)
test tensor(0.0232, grad_fn=<MeanBackward0>) dev tensor(5.4927e-05, grad_fn=<SelectBackward>)
test tensor(0.0210, grad_fn=<MeanBackward0>) dev tensor(5.8981e-05, grad_fn=<SelectBackward>)
test tensor(0.0193, grad_fn=<MeanBackward0>) dev tensor(3.2597e-05, grad_fn=<SelectBackward>)
test tensor(0.0176, grad_fn=<MeanBackward0>) dev tensor(3.1322e-05, grad_fn=<SelectBackward>)
test tensor(0.0167, grad_fn=<MeanBackward0>) dev tensor(3.5682e-05, grad_fn=<SelectBackward>)
test tensor(0.0149, grad_fn=<MeanBackward0>) dev tensor(3.4278e-05, grad_fn=<SelectBackward>)
test tensor(0.0133, grad_fn=<MeanBackward0>) dev tensor(9.3225e-05, grad_fn=<SelectBackward>)
test tensor(0.0122, grad_fn=<MeanBackward0>) dev tensor(2.6488e-05, grad_fn=<SelectBackward>)
test tensor(0.0113, grad_fn=<MeanBackward0>) dev tensor(5.7620e-05, grad_fn=<SelectBackward>)
test tensor(0.0096, grad_fn=<MeanBackward0>) dev tensor(2.6348e-05, grad_fn=<SelectBackward>)
test tensor(0.0085, grad_fn=<MeanBackward0>) dev tensor(5.1397e-05, grad_fn=<SelectBackward>)
test tensor(0.0079, grad_fn=<MeanBackward0>) dev tensor(5.5972e-05, grad_fn=<SelectBackward>)
test tensor(0.0071, grad_fn=<MeanBackward0>) dev tensor(5.0153e-05, grad_fn=<SelectBackward>)
test tensor(0.0061, grad_fn=<MeanBackward0>) dev tensor(8.9485e-05, grad_fn=<SelectBackward>)
test tensor(0.0056, grad_fn=<MeanBackward0>) dev tensor(5.8627e-05, grad_fn=<SelectBackward>)
lr, dw 0.0001 1e-08
test tensor(0.1473, grad_fn=<MeanBackward0>) dev tensor(0.0005, grad_fn=<SelectBackward>)
test tensor(0.1472, grad_fn=<MeanBackward0>) dev tensor(0.0003, grad_fn=<SelectBackward>)
test tensor(0.1441, grad_fn=<MeanBackward0>) dev tensor(0.0002, grad_fn=<SelectBackward>)
test tensor(0.1372, grad_fn=<MeanBackward0>) dev tensor(0.0003, grad_fn=<SelectBackward>)
test tensor(0.1320, grad_fn=<MeanBackward0>) dev tensor(0.0003, grad_fn=<SelectBackward>)
test tensor(0.1298, grad_fn=<MeanBackward0>) dev tensor(0.0002, grad_fn=<SelectBackward>)
test tensor(0.1197, grad_fn=<MeanBackward0>) dev tensor(0.0006, grad_fn=<SelectBackward>)
test tensor(0.1202, grad_fn=<MeanBackward0>) dev tensor(0.0002, grad_fn=<SelectBackward>)
test tensor(0.1149, grad_fn=<MeanBackward0>) dev tensor(0.0002, grad_fn=<SelectBackward>)
test tensor(0.1078, grad_fn=<MeanBackward0>) dev tensor(0.0003, grad_fn=<SelectBackward>)
test tensor(0.1035, grad_fn=<MeanBackward0>) dev tensor(0.0003, grad_fn=<SelectBackward>)
test tensor(0.0992, grad_fn=<MeanBackward0>) dev tensor(0.0003, grad_fn=<SelectBackward>)
test tensor(0.0961, grad_fn=<MeanBackward0>) dev tensor(0.0001, grad_fn=<SelectBackward>)
test tensor(0.0904, grad_fn=<MeanBackward0>) dev tensor(0.0002, grad_fn=<SelectBackward>)
test tensor(0.0851, grad_fn=<MeanBackward0>) dev tensor(0.0002, grad_fn=<SelectBackward>)
test tensor(0.0830, grad_fn=<MeanBackward0>) dev tensor(0.0001, grad_fn=<SelectBackward>)
test tensor(0.0801, grad_fn=<MeanBackward0>) dev tensor(8.0140e-05, grad_fn=<SelectBackward>)
test tensor(0.0730, grad_fn=<MeanBackward0>) dev tensor(0.0003, grad_fn=<SelectBackward>)
test tensor(0.0696, grad_fn=<MeanBackward0>) dev tensor(0.0002, grad_fn=<SelectBackward>)
test tensor(0.0661, grad_fn=<MeanBackward0>) dev tensor(0.0001, grad_fn=<SelectBackward>)
test tensor(0.0631, grad_fn=<MeanBackward0>) dev tensor(0.0001, grad_fn=<SelectBackward>)
test tensor(0.0586, grad_fn=<MeanBackward0>) dev tensor(0.0002, grad_fn=<SelectBackward>)
lr, dw 0.0001 1e-08
test tensor(0.0944, grad_fn=<MeanBackward0>) dev tensor(0.0002, grad_fn=<SelectBackward>)
test tensor(0.0873, grad_fn=<MeanBackward0>) dev tensor(0.0002, grad_fn=<SelectBackward>)
test tensor(0.0832, grad_fn=<MeanBackward0>) dev tensor(0.0001, grad_fn=<SelectBackward>)
test tensor(0.0734, grad_fn=<MeanBackward0>) dev tensor(0.0003, grad_fn=<SelectBackward>)
test tensor(0.0715, grad_fn=<MeanBackward0>) dev tensor(8.8299e-05, grad_fn=<SelectBackward>)
test tensor(0.0618, grad_fn=<MeanBackward0>) dev tensor(0.0002, grad_fn=<SelectBackward>)
test tensor(0.0581, grad_fn=<MeanBackward0>) dev tensor(0.0001, grad_fn=<SelectBackward>)
test tensor(0.0527, grad_fn=<MeanBackward0>) dev tensor(0.0002, grad_fn=<SelectBackward>)
test tensor(0.0498, grad_fn=<MeanBackward0>) dev tensor(6.9732e-05, grad_fn=<SelectBackward>)
test tensor(0.0460, grad_fn=<MeanBackward0>) dev tensor(6.1958e-05, grad_fn=<SelectBackward>)
test tensor(0.0386, grad_fn=<MeanBackward0>) dev tensor(0.0002, grad_fn=<SelectBackward>)
test tensor(0.0349, grad_fn=<MeanBackward0>) dev tensor(0.0002, grad_fn=<SelectBackward>)
test tensor(0.0328, grad_fn=<MeanBackward0>) dev tensor(7.2570e-05, grad_fn=<SelectBackward>)
test tensor(0.0301, grad_fn=<MeanBackward0>) dev tensor(4.7222e-05, grad_fn=<SelectBackward>)
test tensor(0.0253, grad_fn=<MeanBackward0>) dev tensor(7.3944e-05, grad_fn=<SelectBackward>)
test tensor(0.0221, grad_fn=<MeanBackward0>) dev tensor(6.1323e-05, grad_fn=<SelectBackward>)
test tensor(0.0196, grad_fn=<MeanBackward0>) dev tensor(5.0130e-05, grad_fn=<SelectBackward>)
test tensor(0.0163, grad_fn=<MeanBackward0>) dev tensor(0.0001, grad_fn=<SelectBackward>)
test tensor(0.0145, grad_fn=<MeanBackward0>) dev tensor(5.6793e-05, grad_fn=<SelectBackward>)
lr, dw 0.0001 1e-08
test tensor(0.1061, grad_fn=<MeanBackward0>) dev tensor(0.0006, grad_fn=<SelectBackward>)
test tensor(0.1100, grad_fn=<MeanBackward0>) dev tensor(0.0002, grad_fn=<SelectBackward>)
test tensor(0.1065, grad_fn=<MeanBackward0>) dev tensor(0.0003, grad_fn=<SelectBackward>)
test tensor(0.1064, grad_fn=<MeanBackward0>) dev tensor(0.0002, grad_fn=<SelectBackward>)
test tensor(0.1028, grad_fn=<MeanBackward0>) dev tensor(0.0002, grad_fn=<SelectBackward>)
test tensor(0.0998, grad_fn=<MeanBackward0>) dev tensor(0.0002, grad_fn=<SelectBackward>)
test tensor(0.0955, grad_fn=<MeanBackward0>) dev tensor(0.0003, grad_fn=<SelectBackward>)
test tensor(0.0928, grad_fn=<MeanBackward0>) dev tensor(0.0002, grad_fn=<SelectBackward>)
test tensor(0.0917, grad_fn=<MeanBackward0>) dev tensor(0.0002, grad_fn=<SelectBackward>)
test tensor(0.0872, grad_fn=<MeanBackward0>) dev tensor(0.0002, grad_fn=<SelectBackward>)
test tensor(0.0868, grad_fn=<MeanBackward0>) dev tensor(0.0001, grad_fn=<SelectBackward>)
test tensor(0.0793, grad_fn=<MeanBackward0>) dev tensor(0.0002, grad_fn=<SelectBackward>)
test tensor(0.0780, grad_fn=<MeanBackward0>) dev tensor(0.0001, grad_fn=<SelectBackward>)
test tensor(0.0743, grad_fn=<MeanBackward0>) dev tensor(0.0001, grad_fn=<SelectBackward>)
test tensor(0.0682, grad_fn=<MeanBackward0>) dev tensor(0.0002, grad_fn=<SelectBackward>)
test tensor(0.0648, grad_fn=<MeanBackward0>) dev tensor(0.0001, grad_fn=<SelectBackward>)
lr, dw 0.0001 1e-08
test tensor(0.1221, grad_fn=<MeanBackward0>) dev tensor(0.0002, grad_fn=<SelectBackward>)
test tensor(0.1186, grad_fn=<MeanBackward0>) dev tensor(0.0001, grad_fn=<SelectBackward>)
test tensor(0.1108, grad_fn=<MeanBackward0>) dev tensor(0.0002, grad_fn=<SelectBackward>)
test tensor(0.1069, grad_fn=<MeanBackward0>) dev tensor(0.0001, grad_fn=<SelectBackward>)
test tensor(0.0994, grad_fn=<MeanBackward0>) dev tensor(0.0002, grad_fn=<SelectBackward>)
test tensor(0.0918, grad_fn=<MeanBackward0>) dev tensor(0.0004, grad_fn=<SelectBackward>)
test tensor(0.0880, grad_fn=<MeanBackward0>) dev tensor(0.0002, grad_fn=<SelectBackward>)
test tensor(0.0826, grad_fn=<MeanBackward0>) dev tensor(0.0001, grad_fn=<SelectBackward>)
test tensor(0.0772, grad_fn=<MeanBackward0>) dev tensor(0.0001, grad_fn=<SelectBackward>)
test tensor(0.0704, grad_fn=<MeanBackward0>) dev tensor(0.0003, grad_fn=<SelectBackward>)
test tensor(0.0675, grad_fn=<MeanBackward0>) dev tensor(0.0001, grad_fn=<SelectBackward>)
test tensor(0.0615, grad_fn=<MeanBackward0>) dev tensor(0.0002, grad_fn=<SelectBackward>)
test tensor(0.0572, grad_fn=<MeanBackward0>) dev tensor(0.0002, grad_fn=<SelectBackward>)
test tensor(0.0542, grad_fn=<MeanBackward0>) dev tensor(9.7093e-05, grad_fn=<SelectBackward>)
test tensor(0.0495, grad_fn=<MeanBackward0>) dev tensor(0.0002, grad_fn=<SelectBackward>)
test tensor(0.0468, grad_fn=<MeanBackward0>) dev tensor(8.7433e-05, grad_fn=<SelectBackward>)
test tensor(0.0436, grad_fn=<MeanBackward0>) dev tensor(8.3249e-05, grad_fn=<SelectBackward>)
test tensor(0.0410, grad_fn=<MeanBackward0>) dev tensor(5.2638e-05, grad_fn=<SelectBackward>)
test tensor(0.0380, grad_fn=<MeanBackward0>) dev tensor(6.7225e-05, grad_fn=<SelectBackward>)
test tensor(0.0359, grad_fn=<MeanBackward0>) dev tensor(4.6979e-05, grad_fn=<SelectBackward>)
test tensor(0.0325, grad_fn=<MeanBackward0>) dev tensor(5.6990e-05, grad_fn=<SelectBackward>)
test tensor(0.0314, grad_fn=<MeanBackward0>) dev tensor(9.6096e-05, grad_fn=<SelectBackward>)
test tensor(0.0276, grad_fn=<MeanBackward0>) dev tensor(8.1928e-05, grad_fn=<SelectBackward>)
test tensor(0.0252, grad_fn=<MeanBackward0>) dev tensor(0.0001, grad_fn=<SelectBackward>)
test tensor(0.0244, grad_fn=<MeanBackward0>) dev tensor(3.7777e-05, grad_fn=<SelectBackward>)
test tensor(0.0222, grad_fn=<MeanBackward0>) dev tensor(3.5561e-05, grad_fn=<SelectBackward>)
test tensor(0.0205, grad_fn=<MeanBackward0>) dev tensor(4.5522e-05, grad_fn=<SelectBackward>)
test tensor(0.0174, grad_fn=<MeanBackward0>) dev tensor(0.0001, grad_fn=<SelectBackward>)
test tensor(0.0157, grad_fn=<MeanBackward0>) dev tensor(0.0002, grad_fn=<SelectBackward>)
test tensor(0.0153, grad_fn=<MeanBackward0>) dev tensor(5.6299e-05, grad_fn=<SelectBackward>)
test tensor(0.0133, grad_fn=<MeanBackward0>) dev tensor(2.7998e-05, grad_fn=<SelectBackward>)
test tensor(0.0120, grad_fn=<MeanBackward0>) dev tensor(2.6785e-05, grad_fn=<SelectBackward>)
test tensor(0.0106, grad_fn=<MeanBackward0>) dev tensor(4.3944e-05, grad_fn=<SelectBackward>)
test tensor(0.0101, grad_fn=<MeanBackward0>) dev tensor(7.6664e-05, grad_fn=<SelectBackward>)
test tensor(0.0087, grad_fn=<MeanBackward0>) dev tensor(2.3537e-05, grad_fn=<SelectBackward>)
test tensor(0.0080, grad_fn=<MeanBackward0>) dev tensor(5.5628e-05, grad_fn=<SelectBackward>)
test tensor(0.0070, grad_fn=<MeanBackward0>) dev tensor(2.4487e-05, grad_fn=<SelectBackward>)
test tensor(0.0062, grad_fn=<MeanBackward0>) dev tensor(2.5082e-05, grad_fn=<SelectBackward>)
test tensor(0.0055, grad_fn=<MeanBackward0>) dev tensor(2.2579e-05, grad_fn=<SelectBackward>)
test tensor(0.0051, grad_fn=<MeanBackward0>) dev tensor(4.7717e-05, grad_fn=<SelectBackward>)
test tensor(0.0053, grad_fn=<MeanBackward0>) dev tensor(0.0002, grad_fn=<SelectBackward>)
test tensor(0.0046, grad_fn=<MeanBackward0>) dev tensor(3.7128e-05, grad_fn=<SelectBackward>)
test tensor(0.0044, grad_fn=<MeanBackward0>) dev tensor(6.1193e-05, grad_fn=<SelectBackward>)
test tensor(0.0044, grad_fn=<MeanBackward0>) dev tensor(4.2432e-05, grad_fn=<SelectBackward>)
lr, dw 0.0001 1e-08
test tensor(0.0956, grad_fn=<MeanBackward0>) dev tensor(0.0002, grad_fn=<SelectBackward>)
test tensor(0.0881, grad_fn=<MeanBackward0>) dev tensor(0.0002, grad_fn=<SelectBackward>)
test tensor(0.0844, grad_fn=<MeanBackward0>) dev tensor(0.0001, grad_fn=<SelectBackward>)
test tensor(0.0771, grad_fn=<MeanBackward0>) dev tensor(0.0001, grad_fn=<SelectBackward>)
test tensor(0.0719, grad_fn=<MeanBackward0>) dev tensor(0.0001, grad_fn=<SelectBackward>)
test tensor(0.0673, grad_fn=<MeanBackward0>) dev tensor(7.4714e-05, grad_fn=<SelectBackward>)
test tensor(0.0590, grad_fn=<MeanBackward0>) dev tensor(0.0002, grad_fn=<SelectBackward>)
test tensor(0.0536, grad_fn=<MeanBackward0>) dev tensor(0.0002, grad_fn=<SelectBackward>)
test tensor(0.0485, grad_fn=<MeanBackward0>) dev tensor(0.0002, grad_fn=<SelectBackward>)
test tensor(0.0455, grad_fn=<MeanBackward0>) dev tensor(5.8888e-05, grad_fn=<SelectBackward>)
test tensor(0.0396, grad_fn=<MeanBackward0>) dev tensor(0.0001, grad_fn=<SelectBackward>)
test tensor(0.0367, grad_fn=<MeanBackward0>) dev tensor(5.9439e-05, grad_fn=<SelectBackward>)
test tensor(0.0322, grad_fn=<MeanBackward0>) dev tensor(0.0001, grad_fn=<SelectBackward>)
test tensor(0.0293, grad_fn=<MeanBackward0>) dev tensor(6.8993e-05, grad_fn=<SelectBackward>)
test tensor(0.0265, grad_fn=<MeanBackward0>) dev tensor(4.1846e-05, grad_fn=<SelectBackward>)
test tensor(0.0233, grad_fn=<MeanBackward0>) dev tensor(3.6805e-05, grad_fn=<SelectBackward>)
test tensor(0.0202, grad_fn=<MeanBackward0>) dev tensor(5.1043e-05, grad_fn=<SelectBackward>)
test tensor(0.0180, grad_fn=<MeanBackward0>) dev tensor(3.1929e-05, grad_fn=<SelectBackward>)
test tensor(0.0155, grad_fn=<MeanBackward0>) dev tensor(5.3905e-05, grad_fn=<SelectBackward>)
test tensor(0.0140, grad_fn=<MeanBackward0>) dev tensor(2.8278e-05, grad_fn=<SelectBackward>)
test tensor(0.0117, grad_fn=<MeanBackward0>) dev tensor(7.5081e-05, grad_fn=<SelectBackward>)
test tensor(0.0103, grad_fn=<MeanBackward0>) dev tensor(2.5999e-05, grad_fn=<SelectBackward>)
test tensor(0.0086, grad_fn=<MeanBackward0>) dev tensor(4.7843e-05, grad_fn=<SelectBackward>)
test tensor(0.0078, grad_fn=<MeanBackward0>) dev tensor(6.1008e-05, grad_fn=<SelectBackward>)
test tensor(0.0066, grad_fn=<MeanBackward0>) dev tensor(2.2280e-05, grad_fn=<SelectBackward>)
test tensor(0.0059, grad_fn=<MeanBackward0>) dev tensor(2.9337e-05, grad_fn=<SelectBackward>)
test tensor(0.0054, grad_fn=<MeanBackward0>) dev tensor(2.6031e-05, grad_fn=<SelectBackward>)
test tensor(0.0049, grad_fn=<MeanBackward0>) dev tensor(2.7167e-05, grad_fn=<SelectBackward>)
test tensor(0.0046, grad_fn=<MeanBackward0>) dev tensor(3.0577e-05, grad_fn=<SelectBackward>)
test tensor(0.0047, grad_fn=<MeanBackward0>) dev tensor(1.7552e-05, grad_fn=<SelectBackward>)
test tensor(0.0047, grad_fn=<MeanBackward0>) dev tensor(1.7926e-05, grad_fn=<SelectBackward>)
test tensor(0.0048, grad_fn=<MeanBackward0>) dev tensor(3.3903e-05, grad_fn=<SelectBackward>)
test tensor(0.0053, grad_fn=<MeanBackward0>) dev tensor(1.6841e-05, grad_fn=<SelectBackward>)
test tensor(0.0057, grad_fn=<MeanBackward0>) dev tensor(1.9933e-05, grad_fn=<SelectBackward>)
test tensor(0.0060, grad_fn=<MeanBackward0>) dev tensor(8.3373e-05, grad_fn=<SelectBackward>)
test tensor(0.0069, grad_fn=<MeanBackward0>) dev tensor(2.7145e-05, grad_fn=<SelectBackward>)
test tensor(0.0078, grad_fn=<MeanBackward0>) dev tensor(2.1959e-05, grad_fn=<SelectBackward>)
test tensor(0.0089, grad_fn=<MeanBackward0>) dev tensor(1.8541e-05, grad_fn=<SelectBackward>)
lr, dw 0.0001 1e-08
test tensor(0.1443, grad_fn=<MeanBackward0>) dev tensor(0.0003, grad_fn=<SelectBackward>)
test tensor(0.1342, grad_fn=<MeanBackward0>) dev tensor(0.0003, grad_fn=<SelectBackward>)
test tensor(0.1310, grad_fn=<MeanBackward0>) dev tensor(0.0002, grad_fn=<SelectBackward>)
test tensor(0.1189, grad_fn=<MeanBackward0>) dev tensor(0.0004, grad_fn=<SelectBackward>)
test tensor(0.1131, grad_fn=<MeanBackward0>) dev tensor(0.0002, grad_fn=<SelectBackward>)
test tensor(0.1047, grad_fn=<MeanBackward0>) dev tensor(0.0003, grad_fn=<SelectBackward>)
test tensor(0.0959, grad_fn=<MeanBackward0>) dev tensor(0.0004, grad_fn=<SelectBackward>)
test tensor(0.0947, grad_fn=<MeanBackward0>) dev tensor(0.0001, grad_fn=<SelectBackward>)
test tensor(0.0834, grad_fn=<MeanBackward0>) dev tensor(0.0002, grad_fn=<SelectBackward>)
test tensor(0.0764, grad_fn=<MeanBackward0>) dev tensor(0.0003, grad_fn=<SelectBackward>)
test tensor(0.0713, grad_fn=<MeanBackward0>) dev tensor(0.0002, grad_fn=<SelectBackward>)
test tensor(0.0660, grad_fn=<MeanBackward0>) dev tensor(0.0002, grad_fn=<SelectBackward>)
test tensor(0.0600, grad_fn=<MeanBackward0>) dev tensor(0.0002, grad_fn=<SelectBackward>)
lr, dw 0.0001 1e-08
test tensor(0.1100, grad_fn=<MeanBackward0>) dev tensor(0.0002, grad_fn=<SelectBackward>)
test tensor(0.1085, grad_fn=<MeanBackward0>) dev tensor(0.0001, grad_fn=<SelectBackward>)
test tensor(0.1023, grad_fn=<MeanBackward0>) dev tensor(0.0002, grad_fn=<SelectBackward>)
test tensor(0.0946, grad_fn=<MeanBackward0>) dev tensor(0.0003, grad_fn=<SelectBackward>)
test tensor(0.0915, grad_fn=<MeanBackward0>) dev tensor(0.0002, grad_fn=<SelectBackward>)
test tensor(0.0853, grad_fn=<MeanBackward0>) dev tensor(0.0004, grad_fn=<SelectBackward>)
test tensor(0.0801, grad_fn=<MeanBackward0>) dev tensor(0.0004, grad_fn=<SelectBackward>)
lr, dw 0.0001 1e-08
test tensor(0.1310, grad_fn=<MeanBackward0>) dev tensor(0.0003, grad_fn=<SelectBackward>)
test tensor(0.1145, grad_fn=<MeanBackward0>) dev tensor(0.0007, grad_fn=<SelectBackward>)
test tensor(0.1093, grad_fn=<MeanBackward0>) dev tensor(0.0003, grad_fn=<SelectBackward>)
test tensor(0.1037, grad_fn=<MeanBackward0>) dev tensor(0.0002, grad_fn=<SelectBackward>)
test tensor(0.0957, grad_fn=<MeanBackward0>) dev tensor(0.0002, grad_fn=<SelectBackward>)
test tensor(0.0867, grad_fn=<MeanBackward0>) dev tensor(0.0003, grad_fn=<SelectBackward>)
test tensor(0.0820, grad_fn=<MeanBackward0>) dev tensor(0.0002, grad_fn=<SelectBackward>)
test tensor(0.0767, grad_fn=<MeanBackward0>) dev tensor(0.0001, grad_fn=<SelectBackward>)
test tensor(0.0701, grad_fn=<MeanBackward0>) dev tensor(0.0001, grad_fn=<SelectBackward>)
test tensor(0.0663, grad_fn=<MeanBackward0>) dev tensor(9.2068e-05, grad_fn=<SelectBackward>)
test tensor(0.0602, grad_fn=<MeanBackward0>) dev tensor(9.9955e-05, grad_fn=<SelectBackward>)
test tensor(0.0529, grad_fn=<MeanBackward0>) dev tensor(0.0002, grad_fn=<SelectBackward>)
test tensor(0.0485, grad_fn=<MeanBackward0>) dev tensor(0.0001, grad_fn=<SelectBackward>)
test tensor(0.0439, grad_fn=<MeanBackward0>) dev tensor(9.9662e-05, grad_fn=<SelectBackward>)
test tensor(0.0409, grad_fn=<MeanBackward0>) dev tensor(6.7872e-05, grad_fn=<SelectBackward>)
test tensor(0.0357, grad_fn=<MeanBackward0>) dev tensor(0.0001, grad_fn=<SelectBackward>)
test tensor(0.0325, grad_fn=<MeanBackward0>) dev tensor(8.2477e-05, grad_fn=<SelectBackward>)
test tensor(0.0301, grad_fn=<MeanBackward0>) dev tensor(4.9113e-05, grad_fn=<SelectBackward>)
test tensor(0.0268, grad_fn=<MeanBackward0>) dev tensor(4.6252e-05, grad_fn=<SelectBackward>)
test tensor(0.0234, grad_fn=<MeanBackward0>) dev tensor(4.3611e-05, grad_fn=<SelectBackward>)
test tensor(0.0197, grad_fn=<MeanBackward0>) dev tensor(6.6427e-05, grad_fn=<SelectBackward>)
test tensor(0.0173, grad_fn=<MeanBackward0>) dev tensor(4.9004e-05, grad_fn=<SelectBackward>)
test tensor(0.0135, grad_fn=<MeanBackward0>) dev tensor(0.0001, grad_fn=<SelectBackward>)
test tensor(0.0111, grad_fn=<MeanBackward0>) dev tensor(0.0002, grad_fn=<SelectBackward>)
test tensor(0.0102, grad_fn=<MeanBackward0>) dev tensor(7.2720e-05, grad_fn=<SelectBackward>)
lr, dw 0.0001 1e-08
test tensor(0.1400, grad_fn=<MeanBackward0>) dev tensor(0.0005, grad_fn=<SelectBackward>)
test tensor(0.1395, grad_fn=<MeanBackward0>) dev tensor(0.0002, grad_fn=<SelectBackward>)
test tensor(0.1327, grad_fn=<MeanBackward0>) dev tensor(0.0003, grad_fn=<SelectBackward>)
test tensor(0.1290, grad_fn=<MeanBackward0>) dev tensor(0.0002, grad_fn=<SelectBackward>)
test tensor(0.1224, grad_fn=<MeanBackward0>) dev tensor(0.0002, grad_fn=<SelectBackward>)
test tensor(0.1174, grad_fn=<MeanBackward0>) dev tensor(0.0002, grad_fn=<SelectBackward>)
test tensor(0.1107, grad_fn=<MeanBackward0>) dev tensor(0.0002, grad_fn=<SelectBackward>)
test tensor(0.1033, grad_fn=<MeanBackward0>) dev tensor(0.0002, grad_fn=<SelectBackward>)
test tensor(0.0998, grad_fn=<MeanBackward0>) dev tensor(0.0001, grad_fn=<SelectBackward>)
test tensor(0.0883, grad_fn=<MeanBackward0>) dev tensor(0.0004, grad_fn=<SelectBackward>)
test tensor(0.0841, grad_fn=<MeanBackward0>) dev tensor(0.0003, grad_fn=<SelectBackward>)
test tensor(0.0804, grad_fn=<MeanBackward0>) dev tensor(0.0001, grad_fn=<SelectBackward>)
test tensor(0.0749, grad_fn=<MeanBackward0>) dev tensor(0.0001, grad_fn=<SelectBackward>)
test tensor(0.0676, grad_fn=<MeanBackward0>) dev tensor(0.0002, grad_fn=<SelectBackward>)
params,test_err, norm:  [ 0.5403893  -0.78263847] 0.01339715623120014 19.463818523504287 19.463818523504287
params,test_err, norm:  [ 0.54890136 -0.77820343] 0.013281409119319892 19.33347774854459 19.33347774854459
