training
lr, dw 0.0001 1e-07
test tensor(0.4775, grad_fn=<MeanBackward0>) dev tensor(0.0002, grad_fn=<SelectBackward>)
test tensor(0.4596, grad_fn=<MeanBackward0>) dev tensor(0.0002, grad_fn=<SelectBackward>)
test tensor(0.4385, grad_fn=<MeanBackward0>) dev tensor(0.0002, grad_fn=<SelectBackward>)
test tensor(0.4130, grad_fn=<MeanBackward0>) dev tensor(0.0003, grad_fn=<SelectBackward>)
test tensor(0.3860, grad_fn=<MeanBackward0>) dev tensor(0.0004, grad_fn=<SelectBackward>)
test tensor(0.3689, grad_fn=<MeanBackward0>) dev tensor(0.0003, grad_fn=<SelectBackward>)
test tensor(0.3496, grad_fn=<MeanBackward0>) dev tensor(0.0002, grad_fn=<SelectBackward>)
test tensor(0.3318, grad_fn=<MeanBackward0>) dev tensor(0.0001, grad_fn=<SelectBackward>)
test tensor(0.3108, grad_fn=<MeanBackward0>) dev tensor(0.0002, grad_fn=<SelectBackward>)
test tensor(0.2881, grad_fn=<MeanBackward0>) dev tensor(0.0002, grad_fn=<SelectBackward>)
test tensor(0.2667, grad_fn=<MeanBackward0>) dev tensor(0.0002, grad_fn=<SelectBackward>)
test tensor(0.2483, grad_fn=<MeanBackward0>) dev tensor(0.0002, grad_fn=<SelectBackward>)
test tensor(0.2342, grad_fn=<MeanBackward0>) dev tensor(8.8122e-05, grad_fn=<SelectBackward>)
test tensor(0.2169, grad_fn=<MeanBackward0>) dev tensor(7.9846e-05, grad_fn=<SelectBackward>)
test tensor(0.1970, grad_fn=<MeanBackward0>) dev tensor(0.0001, grad_fn=<SelectBackward>)
test tensor(0.1822, grad_fn=<MeanBackward0>) dev tensor(0.0001, grad_fn=<SelectBackward>)
test tensor(0.1663, grad_fn=<MeanBackward0>) dev tensor(0.0002, grad_fn=<SelectBackward>)
test tensor(0.1549, grad_fn=<MeanBackward0>) dev tensor(0.0001, grad_fn=<SelectBackward>)
test tensor(0.1429, grad_fn=<MeanBackward0>) dev tensor(9.5853e-05, grad_fn=<SelectBackward>)
lr, dw 0.0001 1e-07
test tensor(0.4175, grad_fn=<MeanBackward0>) dev tensor(0.0001, grad_fn=<SelectBackward>)
test tensor(0.3862, grad_fn=<MeanBackward0>) dev tensor(0.0003, grad_fn=<SelectBackward>)
test tensor(0.3624, grad_fn=<MeanBackward0>) dev tensor(0.0003, grad_fn=<SelectBackward>)
test tensor(0.3406, grad_fn=<MeanBackward0>) dev tensor(0.0002, grad_fn=<SelectBackward>)
test tensor(0.3218, grad_fn=<MeanBackward0>) dev tensor(0.0002, grad_fn=<SelectBackward>)
test tensor(0.2982, grad_fn=<MeanBackward0>) dev tensor(0.0003, grad_fn=<SelectBackward>)
lr, dw 0.0001 1e-07
test tensor(0.4618, grad_fn=<MeanBackward0>) dev tensor(0.0003, grad_fn=<SelectBackward>)
test tensor(0.4413, grad_fn=<MeanBackward0>) dev tensor(0.0003, grad_fn=<SelectBackward>)
test tensor(0.4298, grad_fn=<MeanBackward0>) dev tensor(0.0002, grad_fn=<SelectBackward>)
test tensor(0.3987, grad_fn=<MeanBackward0>) dev tensor(0.0003, grad_fn=<SelectBackward>)
test tensor(0.3831, grad_fn=<MeanBackward0>) dev tensor(0.0002, grad_fn=<SelectBackward>)
test tensor(0.3671, grad_fn=<MeanBackward0>) dev tensor(0.0002, grad_fn=<SelectBackward>)
test tensor(0.3388, grad_fn=<MeanBackward0>) dev tensor(0.0005, grad_fn=<SelectBackward>)
test tensor(0.3270, grad_fn=<MeanBackward0>) dev tensor(0.0003, grad_fn=<SelectBackward>)
lr, dw 0.0001 1e-07
test tensor(0.3728, grad_fn=<MeanBackward0>) dev tensor(0.0002, grad_fn=<SelectBackward>)
test tensor(0.3462, grad_fn=<MeanBackward0>) dev tensor(0.0003, grad_fn=<SelectBackward>)
test tensor(0.3250, grad_fn=<MeanBackward0>) dev tensor(0.0002, grad_fn=<SelectBackward>)
test tensor(0.3027, grad_fn=<MeanBackward0>) dev tensor(0.0002, grad_fn=<SelectBackward>)
test tensor(0.2827, grad_fn=<MeanBackward0>) dev tensor(0.0002, grad_fn=<SelectBackward>)
test tensor(0.2647, grad_fn=<MeanBackward0>) dev tensor(0.0001, grad_fn=<SelectBackward>)
test tensor(0.2460, grad_fn=<MeanBackward0>) dev tensor(0.0001, grad_fn=<SelectBackward>)
test tensor(0.2267, grad_fn=<MeanBackward0>) dev tensor(0.0002, grad_fn=<SelectBackward>)
test tensor(0.2112, grad_fn=<MeanBackward0>) dev tensor(0.0001, grad_fn=<SelectBackward>)
test tensor(0.1972, grad_fn=<MeanBackward0>) dev tensor(0.0001, grad_fn=<SelectBackward>)
test tensor(0.1816, grad_fn=<MeanBackward0>) dev tensor(7.7366e-05, grad_fn=<SelectBackward>)
test tensor(0.1671, grad_fn=<MeanBackward0>) dev tensor(0.0002, grad_fn=<SelectBackward>)
test tensor(0.1585, grad_fn=<MeanBackward0>) dev tensor(9.8419e-05, grad_fn=<SelectBackward>)
test tensor(0.1475, grad_fn=<MeanBackward0>) dev tensor(5.8144e-05, grad_fn=<SelectBackward>)
test tensor(0.1341, grad_fn=<MeanBackward0>) dev tensor(9.2996e-05, grad_fn=<SelectBackward>)
test tensor(0.1226, grad_fn=<MeanBackward0>) dev tensor(6.0955e-05, grad_fn=<SelectBackward>)
test tensor(0.1109, grad_fn=<MeanBackward0>) dev tensor(5.5902e-05, grad_fn=<SelectBackward>)
test tensor(0.0972, grad_fn=<MeanBackward0>) dev tensor(0.0003, grad_fn=<SelectBackward>)
test tensor(0.0895, grad_fn=<MeanBackward0>) dev tensor(0.0001, grad_fn=<SelectBackward>)
test tensor(0.0821, grad_fn=<MeanBackward0>) dev tensor(4.5631e-05, grad_fn=<SelectBackward>)
test tensor(0.0743, grad_fn=<MeanBackward0>) dev tensor(7.2867e-05, grad_fn=<SelectBackward>)
test tensor(0.0657, grad_fn=<MeanBackward0>) dev tensor(8.1917e-05, grad_fn=<SelectBackward>)
test tensor(0.0581, grad_fn=<MeanBackward0>) dev tensor(6.9429e-05, grad_fn=<SelectBackward>)
test tensor(0.0506, grad_fn=<MeanBackward0>) dev tensor(3.9244e-05, grad_fn=<SelectBackward>)
test tensor(0.0446, grad_fn=<MeanBackward0>) dev tensor(8.0168e-05, grad_fn=<SelectBackward>)
test tensor(0.0401, grad_fn=<MeanBackward0>) dev tensor(4.7460e-05, grad_fn=<SelectBackward>)
test tensor(0.0358, grad_fn=<MeanBackward0>) dev tensor(2.2661e-05, grad_fn=<SelectBackward>)
test tensor(0.0320, grad_fn=<MeanBackward0>) dev tensor(3.1483e-05, grad_fn=<SelectBackward>)
test tensor(0.0284, grad_fn=<MeanBackward0>) dev tensor(3.3288e-05, grad_fn=<SelectBackward>)
test tensor(0.0259, grad_fn=<MeanBackward0>) dev tensor(1.1101e-05, grad_fn=<SelectBackward>)
test tensor(0.0224, grad_fn=<MeanBackward0>) dev tensor(9.5556e-06, grad_fn=<SelectBackward>)
test tensor(0.0197, grad_fn=<MeanBackward0>) dev tensor(1.7209e-05, grad_fn=<SelectBackward>)
test tensor(0.0180, grad_fn=<MeanBackward0>) dev tensor(8.5334e-06, grad_fn=<SelectBackward>)
test tensor(0.0162, grad_fn=<MeanBackward0>) dev tensor(7.8157e-06, grad_fn=<SelectBackward>)
test tensor(0.0146, grad_fn=<MeanBackward0>) dev tensor(7.7184e-06, grad_fn=<SelectBackward>)
test tensor(0.0133, grad_fn=<MeanBackward0>) dev tensor(1.7121e-05, grad_fn=<SelectBackward>)
test tensor(0.0126, grad_fn=<MeanBackward0>) dev tensor(1.4625e-05, grad_fn=<SelectBackward>)
test tensor(0.0123, grad_fn=<MeanBackward0>) dev tensor(7.1783e-06, grad_fn=<SelectBackward>)
test tensor(0.0120, grad_fn=<MeanBackward0>) dev tensor(4.9705e-06, grad_fn=<SelectBackward>)
test tensor(0.0118, grad_fn=<MeanBackward0>) dev tensor(1.2626e-05, grad_fn=<SelectBackward>)
test tensor(0.0121, grad_fn=<MeanBackward0>) dev tensor(6.5893e-06, grad_fn=<SelectBackward>)
test tensor(0.0124, grad_fn=<MeanBackward0>) dev tensor(6.6270e-06, grad_fn=<SelectBackward>)
test tensor(0.0129, grad_fn=<MeanBackward0>) dev tensor(4.3151e-06, grad_fn=<SelectBackward>)
test tensor(0.0137, grad_fn=<MeanBackward0>) dev tensor(1.8003e-05, grad_fn=<SelectBackward>)
test tensor(0.0147, grad_fn=<MeanBackward0>) dev tensor(5.6105e-06, grad_fn=<SelectBackward>)
test tensor(0.0160, grad_fn=<MeanBackward0>) dev tensor(6.1303e-06, grad_fn=<SelectBackward>)
test tensor(0.0169, grad_fn=<MeanBackward0>) dev tensor(1.0175e-05, grad_fn=<SelectBackward>)
test tensor(0.0184, grad_fn=<MeanBackward0>) dev tensor(1.8233e-05, grad_fn=<SelectBackward>)
lr, dw 0.0001 1e-07
test tensor(0.3772, grad_fn=<MeanBackward0>) dev tensor(0.0003, grad_fn=<SelectBackward>)
test tensor(0.3512, grad_fn=<MeanBackward0>) dev tensor(0.0004, grad_fn=<SelectBackward>)
test tensor(0.3377, grad_fn=<MeanBackward0>) dev tensor(0.0001, grad_fn=<SelectBackward>)
test tensor(0.3126, grad_fn=<MeanBackward0>) dev tensor(0.0003, grad_fn=<SelectBackward>)
test tensor(0.2985, grad_fn=<MeanBackward0>) dev tensor(0.0002, grad_fn=<SelectBackward>)
test tensor(0.2815, grad_fn=<MeanBackward0>) dev tensor(0.0002, grad_fn=<SelectBackward>)
test tensor(0.2644, grad_fn=<MeanBackward0>) dev tensor(0.0002, grad_fn=<SelectBackward>)
test tensor(0.2477, grad_fn=<MeanBackward0>) dev tensor(0.0001, grad_fn=<SelectBackward>)
test tensor(0.2321, grad_fn=<MeanBackward0>) dev tensor(0.0001, grad_fn=<SelectBackward>)
test tensor(0.2155, grad_fn=<MeanBackward0>) dev tensor(0.0002, grad_fn=<SelectBackward>)
test tensor(0.1977, grad_fn=<MeanBackward0>) dev tensor(0.0002, grad_fn=<SelectBackward>)
test tensor(0.1839, grad_fn=<MeanBackward0>) dev tensor(0.0002, grad_fn=<SelectBackward>)
test tensor(0.1713, grad_fn=<MeanBackward0>) dev tensor(9.6797e-05, grad_fn=<SelectBackward>)
test tensor(0.1561, grad_fn=<MeanBackward0>) dev tensor(0.0001, grad_fn=<SelectBackward>)
test tensor(0.1464, grad_fn=<MeanBackward0>) dev tensor(4.8198e-05, grad_fn=<SelectBackward>)
test tensor(0.1320, grad_fn=<MeanBackward0>) dev tensor(6.7052e-05, grad_fn=<SelectBackward>)
test tensor(0.1186, grad_fn=<MeanBackward0>) dev tensor(5.2231e-05, grad_fn=<SelectBackward>)
test tensor(0.1095, grad_fn=<MeanBackward0>) dev tensor(3.6433e-05, grad_fn=<SelectBackward>)
test tensor(0.0992, grad_fn=<MeanBackward0>) dev tensor(3.9491e-05, grad_fn=<SelectBackward>)
test tensor(0.0888, grad_fn=<MeanBackward0>) dev tensor(5.6888e-05, grad_fn=<SelectBackward>)
test tensor(0.0817, grad_fn=<MeanBackward0>) dev tensor(2.7610e-05, grad_fn=<SelectBackward>)
test tensor(0.0721, grad_fn=<MeanBackward0>) dev tensor(4.5528e-05, grad_fn=<SelectBackward>)
test tensor(0.0622, grad_fn=<MeanBackward0>) dev tensor(0.0001, grad_fn=<SelectBackward>)
test tensor(0.0562, grad_fn=<MeanBackward0>) dev tensor(8.3025e-05, grad_fn=<SelectBackward>)
test tensor(0.0501, grad_fn=<MeanBackward0>) dev tensor(2.8527e-05, grad_fn=<SelectBackward>)
test tensor(0.0430, grad_fn=<MeanBackward0>) dev tensor(3.2835e-05, grad_fn=<SelectBackward>)
lr, dw 0.0001 1e-07
test tensor(0.4068, grad_fn=<MeanBackward0>) dev tensor(0.0004, grad_fn=<SelectBackward>)
test tensor(0.3765, grad_fn=<MeanBackward0>) dev tensor(0.0003, grad_fn=<SelectBackward>)
test tensor(0.3500, grad_fn=<MeanBackward0>) dev tensor(0.0002, grad_fn=<SelectBackward>)
test tensor(0.3187, grad_fn=<MeanBackward0>) dev tensor(0.0003, grad_fn=<SelectBackward>)
test tensor(0.3016, grad_fn=<MeanBackward0>) dev tensor(0.0001, grad_fn=<SelectBackward>)
test tensor(0.2714, grad_fn=<MeanBackward0>) dev tensor(0.0003, grad_fn=<SelectBackward>)
test tensor(0.2551, grad_fn=<MeanBackward0>) dev tensor(0.0001, grad_fn=<SelectBackward>)
test tensor(0.2359, grad_fn=<MeanBackward0>) dev tensor(0.0001, grad_fn=<SelectBackward>)
test tensor(0.2165, grad_fn=<MeanBackward0>) dev tensor(7.5437e-05, grad_fn=<SelectBackward>)
test tensor(0.1899, grad_fn=<MeanBackward0>) dev tensor(0.0002, grad_fn=<SelectBackward>)
test tensor(0.1715, grad_fn=<MeanBackward0>) dev tensor(0.0001, grad_fn=<SelectBackward>)
test tensor(0.1601, grad_fn=<MeanBackward0>) dev tensor(6.0932e-05, grad_fn=<SelectBackward>)
test tensor(0.1424, grad_fn=<MeanBackward0>) dev tensor(7.0214e-05, grad_fn=<SelectBackward>)
test tensor(0.1254, grad_fn=<MeanBackward0>) dev tensor(4.2378e-05, grad_fn=<SelectBackward>)
test tensor(0.1082, grad_fn=<MeanBackward0>) dev tensor(0.0001, grad_fn=<SelectBackward>)
test tensor(0.0957, grad_fn=<MeanBackward0>) dev tensor(5.6335e-05, grad_fn=<SelectBackward>)
test tensor(0.0846, grad_fn=<MeanBackward0>) dev tensor(3.1732e-05, grad_fn=<SelectBackward>)
test tensor(0.0692, grad_fn=<MeanBackward0>) dev tensor(5.4354e-05, grad_fn=<SelectBackward>)
test tensor(0.0601, grad_fn=<MeanBackward0>) dev tensor(3.4385e-05, grad_fn=<SelectBackward>)
test tensor(0.0488, grad_fn=<MeanBackward0>) dev tensor(0.0001, grad_fn=<SelectBackward>)
test tensor(0.0396, grad_fn=<MeanBackward0>) dev tensor(5.8672e-05, grad_fn=<SelectBackward>)
test tensor(0.0340, grad_fn=<MeanBackward0>) dev tensor(2.0698e-05, grad_fn=<SelectBackward>)
test tensor(0.0269, grad_fn=<MeanBackward0>) dev tensor(5.3086e-05, grad_fn=<SelectBackward>)
test tensor(0.0225, grad_fn=<MeanBackward0>) dev tensor(2.3613e-05, grad_fn=<SelectBackward>)
test tensor(0.0161, grad_fn=<MeanBackward0>) dev tensor(2.0049e-05, grad_fn=<SelectBackward>)
test tensor(0.0126, grad_fn=<MeanBackward0>) dev tensor(1.3776e-05, grad_fn=<SelectBackward>)
test tensor(0.0100, grad_fn=<MeanBackward0>) dev tensor(3.4214e-05, grad_fn=<SelectBackward>)
test tensor(0.0069, grad_fn=<MeanBackward0>) dev tensor(2.1397e-05, grad_fn=<SelectBackward>)
test tensor(0.0040, grad_fn=<MeanBackward0>) dev tensor(1.1178e-05, grad_fn=<SelectBackward>)
test tensor(0.0028, grad_fn=<MeanBackward0>) dev tensor(9.0677e-06, grad_fn=<SelectBackward>)
test tensor(0.0015, grad_fn=<MeanBackward0>) dev tensor(1.8116e-05, grad_fn=<SelectBackward>)
test tensor(0.0011, grad_fn=<MeanBackward0>) dev tensor(5.0930e-06, grad_fn=<SelectBackward>)
test tensor(0.0009, grad_fn=<MeanBackward0>) dev tensor(1.3060e-05, grad_fn=<SelectBackward>)
test tensor(0.0010, grad_fn=<MeanBackward0>) dev tensor(4.4808e-06, grad_fn=<SelectBackward>)
test tensor(0.0016, grad_fn=<MeanBackward0>) dev tensor(8.5769e-06, grad_fn=<SelectBackward>)
test tensor(0.0028, grad_fn=<MeanBackward0>) dev tensor(9.1698e-06, grad_fn=<SelectBackward>)
test tensor(0.0040, grad_fn=<MeanBackward0>) dev tensor(3.8791e-06, grad_fn=<SelectBackward>)
test tensor(0.0055, grad_fn=<MeanBackward0>) dev tensor(5.9388e-06, grad_fn=<SelectBackward>)
test tensor(0.0075, grad_fn=<MeanBackward0>) dev tensor(4.5163e-06, grad_fn=<SelectBackward>)
test tensor(0.0090, grad_fn=<MeanBackward0>) dev tensor(2.2299e-05, grad_fn=<SelectBackward>)
test tensor(0.0120, grad_fn=<MeanBackward0>) dev tensor(4.0091e-06, grad_fn=<SelectBackward>)
test tensor(0.0135, grad_fn=<MeanBackward0>) dev tensor(3.0892e-05, grad_fn=<SelectBackward>)
lr, dw 0.0001 1e-07
test tensor(0.4470, grad_fn=<MeanBackward0>) dev tensor(0.0003, grad_fn=<SelectBackward>)
test tensor(0.4227, grad_fn=<MeanBackward0>) dev tensor(0.0002, grad_fn=<SelectBackward>)
test tensor(0.4059, grad_fn=<MeanBackward0>) dev tensor(0.0001, grad_fn=<SelectBackward>)
test tensor(0.3749, grad_fn=<MeanBackward0>) dev tensor(0.0003, grad_fn=<SelectBackward>)
test tensor(0.3516, grad_fn=<MeanBackward0>) dev tensor(0.0003, grad_fn=<SelectBackward>)
test tensor(0.3320, grad_fn=<MeanBackward0>) dev tensor(0.0003, grad_fn=<SelectBackward>)
test tensor(0.3170, grad_fn=<MeanBackward0>) dev tensor(0.0002, grad_fn=<SelectBackward>)
test tensor(0.3017, grad_fn=<MeanBackward0>) dev tensor(0.0001, grad_fn=<SelectBackward>)
test tensor(0.2779, grad_fn=<MeanBackward0>) dev tensor(0.0002, grad_fn=<SelectBackward>)
test tensor(0.2616, grad_fn=<MeanBackward0>) dev tensor(0.0001, grad_fn=<SelectBackward>)
test tensor(0.2424, grad_fn=<MeanBackward0>) dev tensor(0.0002, grad_fn=<SelectBackward>)
test tensor(0.2302, grad_fn=<MeanBackward0>) dev tensor(6.6123e-05, grad_fn=<SelectBackward>)
test tensor(0.2097, grad_fn=<MeanBackward0>) dev tensor(0.0001, grad_fn=<SelectBackward>)
test tensor(0.1924, grad_fn=<MeanBackward0>) dev tensor(0.0002, grad_fn=<SelectBackward>)
test tensor(0.1782, grad_fn=<MeanBackward0>) dev tensor(0.0002, grad_fn=<SelectBackward>)
test tensor(0.1657, grad_fn=<MeanBackward0>) dev tensor(0.0001, grad_fn=<SelectBackward>)
test tensor(0.1535, grad_fn=<MeanBackward0>) dev tensor(9.1138e-05, grad_fn=<SelectBackward>)
lr, dw 0.0001 1e-07
test tensor(0.4764, grad_fn=<MeanBackward0>) dev tensor(0.0004, grad_fn=<SelectBackward>)
test tensor(0.4700, grad_fn=<MeanBackward0>) dev tensor(0.0003, grad_fn=<SelectBackward>)
test tensor(0.4580, grad_fn=<MeanBackward0>) dev tensor(0.0004, grad_fn=<SelectBackward>)
test tensor(0.4505, grad_fn=<MeanBackward0>) dev tensor(0.0002, grad_fn=<SelectBackward>)
test tensor(0.4342, grad_fn=<MeanBackward0>) dev tensor(0.0003, grad_fn=<SelectBackward>)
test tensor(0.4208, grad_fn=<MeanBackward0>) dev tensor(0.0003, grad_fn=<SelectBackward>)
test tensor(0.4029, grad_fn=<MeanBackward0>) dev tensor(0.0004, grad_fn=<SelectBackward>)
test tensor(0.3940, grad_fn=<MeanBackward0>) dev tensor(0.0003, grad_fn=<SelectBackward>)
test tensor(0.3798, grad_fn=<MeanBackward0>) dev tensor(0.0003, grad_fn=<SelectBackward>)
lr, dw 0.0001 1e-07
test tensor(0.4636, grad_fn=<MeanBackward0>) dev tensor(0.0002, grad_fn=<SelectBackward>)
test tensor(0.4299, grad_fn=<MeanBackward0>) dev tensor(0.0003, grad_fn=<SelectBackward>)
test tensor(0.4044, grad_fn=<MeanBackward0>) dev tensor(0.0002, grad_fn=<SelectBackward>)
test tensor(0.3775, grad_fn=<MeanBackward0>) dev tensor(0.0003, grad_fn=<SelectBackward>)
test tensor(0.3575, grad_fn=<MeanBackward0>) dev tensor(0.0002, grad_fn=<SelectBackward>)
test tensor(0.3275, grad_fn=<MeanBackward0>) dev tensor(0.0003, grad_fn=<SelectBackward>)
lr, dw 0.0001 1e-07
test tensor(0.3661, grad_fn=<MeanBackward0>) dev tensor(0.0003, grad_fn=<SelectBackward>)
test tensor(0.3411, grad_fn=<MeanBackward0>) dev tensor(0.0005, grad_fn=<SelectBackward>)
test tensor(0.3318, grad_fn=<MeanBackward0>) dev tensor(0.0002, grad_fn=<SelectBackward>)
test tensor(0.3132, grad_fn=<MeanBackward0>) dev tensor(0.0001, grad_fn=<SelectBackward>)
test tensor(0.2880, grad_fn=<MeanBackward0>) dev tensor(0.0002, grad_fn=<SelectBackward>)
test tensor(0.2726, grad_fn=<MeanBackward0>) dev tensor(0.0002, grad_fn=<SelectBackward>)
test tensor(0.2557, grad_fn=<MeanBackward0>) dev tensor(0.0002, grad_fn=<SelectBackward>)
test tensor(0.2375, grad_fn=<MeanBackward0>) dev tensor(0.0003, grad_fn=<SelectBackward>)
test tensor(0.2217, grad_fn=<MeanBackward0>) dev tensor(0.0001, grad_fn=<SelectBackward>)
test tensor(0.2063, grad_fn=<MeanBackward0>) dev tensor(0.0001, grad_fn=<SelectBackward>)
test tensor(0.1891, grad_fn=<MeanBackward0>) dev tensor(0.0002, grad_fn=<SelectBackward>)
test tensor(0.1764, grad_fn=<MeanBackward0>) dev tensor(9.7829e-05, grad_fn=<SelectBackward>)
test tensor(0.1626, grad_fn=<MeanBackward0>) dev tensor(0.0001, grad_fn=<SelectBackward>)
test tensor(0.1525, grad_fn=<MeanBackward0>) dev tensor(5.0728e-05, grad_fn=<SelectBackward>)
test tensor(0.1393, grad_fn=<MeanBackward0>) dev tensor(6.8552e-05, grad_fn=<SelectBackward>)
test tensor(0.1279, grad_fn=<MeanBackward0>) dev tensor(6.4150e-05, grad_fn=<SelectBackward>)
test tensor(0.1184, grad_fn=<MeanBackward0>) dev tensor(3.9952e-05, grad_fn=<SelectBackward>)
test tensor(0.1058, grad_fn=<MeanBackward0>) dev tensor(4.2918e-05, grad_fn=<SelectBackward>)
test tensor(0.0936, grad_fn=<MeanBackward0>) dev tensor(9.6679e-05, grad_fn=<SelectBackward>)
test tensor(0.0840, grad_fn=<MeanBackward0>) dev tensor(6.2997e-05, grad_fn=<SelectBackward>)
test tensor(0.0743, grad_fn=<MeanBackward0>) dev tensor(5.2642e-05, grad_fn=<SelectBackward>)
test tensor(0.0684, grad_fn=<MeanBackward0>) dev tensor(2.5939e-05, grad_fn=<SelectBackward>)
test tensor(0.0596, grad_fn=<MeanBackward0>) dev tensor(2.4251e-05, grad_fn=<SelectBackward>)
test tensor(0.0504, grad_fn=<MeanBackward0>) dev tensor(5.7883e-05, grad_fn=<SelectBackward>)
test tensor(0.0445, grad_fn=<MeanBackward0>) dev tensor(3.8182e-05, grad_fn=<SelectBackward>)
test tensor(0.0392, grad_fn=<MeanBackward0>) dev tensor(6.4209e-05, grad_fn=<SelectBackward>)
test tensor(0.0353, grad_fn=<MeanBackward0>) dev tensor(1.9002e-05, grad_fn=<SelectBackward>)
test tensor(0.0311, grad_fn=<MeanBackward0>) dev tensor(1.5560e-05, grad_fn=<SelectBackward>)
test tensor(0.0248, grad_fn=<MeanBackward0>) dev tensor(7.8876e-05, grad_fn=<SelectBackward>)
test tensor(0.0210, grad_fn=<MeanBackward0>) dev tensor(3.1728e-05, grad_fn=<SelectBackward>)
test tensor(0.0185, grad_fn=<MeanBackward0>) dev tensor(1.3639e-05, grad_fn=<SelectBackward>)
test tensor(0.0156, grad_fn=<MeanBackward0>) dev tensor(1.0635e-05, grad_fn=<SelectBackward>)
test tensor(0.0117, grad_fn=<MeanBackward0>) dev tensor(1.8676e-05, grad_fn=<SelectBackward>)
test tensor(0.0095, grad_fn=<MeanBackward0>) dev tensor(1.1320e-05, grad_fn=<SelectBackward>)
test tensor(0.0079, grad_fn=<MeanBackward0>) dev tensor(8.0516e-06, grad_fn=<SelectBackward>)
test tensor(0.0062, grad_fn=<MeanBackward0>) dev tensor(3.1453e-05, grad_fn=<SelectBackward>)
test tensor(0.0055, grad_fn=<MeanBackward0>) dev tensor(7.7059e-06, grad_fn=<SelectBackward>)
test tensor(0.0043, grad_fn=<MeanBackward0>) dev tensor(7.6252e-06, grad_fn=<SelectBackward>)
test tensor(0.0033, grad_fn=<MeanBackward0>) dev tensor(2.4441e-05, grad_fn=<SelectBackward>)
test tensor(0.0028, grad_fn=<MeanBackward0>) dev tensor(4.9747e-06, grad_fn=<SelectBackward>)
test tensor(0.0028, grad_fn=<MeanBackward0>) dev tensor(1.0374e-05, grad_fn=<SelectBackward>)
test tensor(0.0029, grad_fn=<MeanBackward0>) dev tensor(4.7657e-06, grad_fn=<SelectBackward>)
test tensor(0.0034, grad_fn=<MeanBackward0>) dev tensor(6.0410e-06, grad_fn=<SelectBackward>)
test tensor(0.0041, grad_fn=<MeanBackward0>) dev tensor(1.3173e-05, grad_fn=<SelectBackward>)
test tensor(0.0046, grad_fn=<MeanBackward0>) dev tensor(4.0043e-06, grad_fn=<SelectBackward>)
test tensor(0.0058, grad_fn=<MeanBackward0>) dev tensor(5.2422e-06, grad_fn=<SelectBackward>)
test tensor(0.0069, grad_fn=<MeanBackward0>) dev tensor(2.9758e-05, grad_fn=<SelectBackward>)
test tensor(0.0088, grad_fn=<MeanBackward0>) dev tensor(3.7724e-06, grad_fn=<SelectBackward>)
test tensor(0.0107, grad_fn=<MeanBackward0>) dev tensor(8.1646e-06, grad_fn=<SelectBackward>)
test tensor(0.0120, grad_fn=<MeanBackward0>) dev tensor(6.8634e-06, grad_fn=<SelectBackward>)
test tensor(0.0138, grad_fn=<MeanBackward0>) dev tensor(5.9312e-06, grad_fn=<SelectBackward>)
test tensor(0.0157, grad_fn=<MeanBackward0>) dev tensor(1.3568e-05, grad_fn=<SelectBackward>)
test tensor(0.0184, grad_fn=<MeanBackward0>) dev tensor(4.6062e-06, grad_fn=<SelectBackward>)
params,test_err, norm:  [ 1.02162652 -0.15943566] 0.006345794013550932 7.661972728211903 7.661972728211903
params,test_err, norm:  [ 1.43095927 -0.08548518] 0.002603564779045205 7.661972728211903 11.197891538832009
True [ 1.43095927 -0.08548518] 0.002603564779045205 7.661972728211903 59.28452981068507

