params,test_err, norm:  [1.13357356 0.87515623] 0.019897892542086827 11.936986098562931
params,test_err, norm:  [1.23802771 0.71787792] 0.01804227513828423 10.969658244306117
params,test_err, norm:  [1.36243282 0.40896822] 0.015466316305432472 10.969658244306117
params,test_err, norm:  [1.36615858 0.38841518] 0.015452036802751246 10.969658244306117
params,test_err, norm:  [1.36615858 0.38841518] 0.015452036802751246 10.969658244306117
RUNNING THE L-BFGS-B CODE

           * * *

Machine precision = 2.220D-16
 N =            2     M =           10

At X0         0 variables are exactly at the bounds

At iterate    0    f=  3.44313D-01    |proj g|=  3.35736D-02

At iterate    1    f=  3.40160D-01    |proj g|=  2.43855D-02

At iterate    2    f=  3.34578D-01    |proj g|=  1.81018D-02

At iterate    3    f=  3.27603D-01    |proj g|=  8.22735D-03

At iterate    4    f=  3.25601D-01    |proj g|=  6.76512D-03

At iterate    5    f=  3.28033D-01    |proj g|=  5.47967D-03

           * * *

Tit   = total number of iterations
Tnf   = total number of function evaluations
Tnint = total number of segments explored during Cauchy searches
Skip  = number of BFGS updates skipped
Nact  = number of active bounds at final generalized Cauchy point
Projg = norm of the final projected gradient
F     = final function value

           * * *

   N    Tit     Tnf  Tnint  Skip  Nact     Projg        F
    2      5     13      5     0     0   5.480D-03   3.280D-01
  F =  0.32803281403089329     

CONVERGENCE: REL_REDUCTION_OF_F_<=_FACTR*EPSMCH             

 Cauchy                time 0.000E+00 seconds.
 Subspace minimization time 0.000E+00 seconds.
 Line search           time 0.000E+00 seconds.

 Total User time 0.000E+00 seconds.

