params,test_err, norm:  [1.10001266 0.89998839] 0.011313487264855898 7.868923332373473
params,test_err, norm:  [1.10001266 0.89998839] 0.011313487264855898 7.868923332373473
RUNNING THE L-BFGS-B CODE

           * * *

Machine precision = 2.220D-16
 N =            2     M =           10

At X0         0 variables are exactly at the bounds

At iterate    0    f=  3.47495D-01    |proj g|=  3.02862D-02

At iterate    1    f=  3.46250D-01    |proj g|=  2.86800D-02

At iterate    2    f=  3.47550D-01    |proj g|=  2.88624D-02

           * * *

Tit   = total number of iterations
Tnf   = total number of function evaluations
Tnint = total number of segments explored during Cauchy searches
Skip  = number of BFGS updates skipped
Nact  = number of active bounds at final generalized Cauchy point
Projg = norm of the final projected gradient
F     = final function value

           * * *

   N    Tit     Tnf  Tnint  Skip  Nact     Projg        F
    2      2     12      2     0     0   2.886D-02   3.475D-01
  F =  0.34754970001983265     

CONVERGENCE: REL_REDUCTION_OF_F_<=_FACTR*EPSMCH             

 Cauchy                time 0.000E+00 seconds.
 Subspace minimization time 0.000E+00 seconds.
 Line search           time 0.000E+00 seconds.

 Total User time 0.000E+00 seconds.

