params,test_err, norm:  [1.13075259 0.87316846] 0.019936034134785993 12.001718841759871
params,test_err, norm:  [1.31301931 0.63643823] 0.01692360834289938 11.12238358440475
params,test_err, norm:  [1.45091196 0.36721354] 0.015749938572020745 11.12238358440475
params,test_err, norm:  [1.44035962 0.32024049] 0.015984323451876156 11.12238358440475
params,test_err, norm:  [1.41267951 0.31403045] 0.01579840803245943 11.12238358440475
params,test_err, norm:  [1.35459146 0.30316935] 0.015422466864016118 11.12238358440475
params,test_err, norm:  [1.35459146 0.30316935] 0.015422466864016118 11.12238358440475
params,test_err, norm:  [1.33301542 0.30058318] 0.015286603202705536 11.12238358440475
params,test_err, norm:  [1.33301542 0.30058318] 0.015286603202705536 11.12238358440475
RUNNING THE L-BFGS-B CODE

           * * *

Machine precision = 2.220D-16
 N =            2     M =           10

At X0         0 variables are exactly at the bounds

At iterate    0    f=  3.48028D-01    |proj g|=  3.07526D-02

At iterate    1    f=  3.41890D-01    |proj g|=  2.62273D-02

At iterate    2    f=  3.36592D-01    |proj g|=  1.85885D-02

At iterate    3    f=  3.33450D-01    |proj g|=  2.78057D-03

At iterate    4    f=  3.33265D-01    |proj g|=  3.92147D-03

At iterate    5    f=  3.32884D-01    |proj g|=  2.64259D-03

At iterate    6    f=  3.30599D-01    |proj g|=  2.18443D-03

At iterate    7    f=  3.29634D-01    |proj g|=  2.60605D-03
  ys=-2.370E-27  -gs= 1.492E-26 BFGS update SKIPPED

At iterate    8    f=  3.28404D-01    |proj g|=  1.29421D-03

At iterate    9    f=  3.29710D-01    |proj g|=  2.10326D-03

           * * *

Tit   = total number of iterations
Tnf   = total number of function evaluations
Tnint = total number of segments explored during Cauchy searches
Skip  = number of BFGS updates skipped
Nact  = number of active bounds at final generalized Cauchy point
Projg = norm of the final projected gradient
F     = final function value

           * * *

   N    Tit     Tnf  Tnint  Skip  Nact     Projg        F
    2      9     24      9     1     0   2.103D-03   3.297D-01
  F =  0.32970966623203812     

CONVERGENCE: REL_REDUCTION_OF_F_<=_FACTR*EPSMCH             

 Cauchy                time 0.000E+00 seconds.
 Subspace minimization time 0.000E+00 seconds.
 Line search           time 0.000E+00 seconds.

 Total User time 0.000E+00 seconds.

