params,test_err, norm:  [1.13329787 0.87260653] 0.019444416578947948 11.771792850959525
params,test_err, norm:  [1.3889772  0.58881306] 0.015948300292309564 10.511074385717507
params,test_err, norm:  [1.4540303  0.42637441] 0.015631995172224546 10.511074385717507
params,test_err, norm:  [1.45484238 0.3143904 ] 0.016298589787719725 10.511074385717507
params,test_err, norm:  [1.45484238 0.3143904 ] 0.016298589787719725 10.511074385717507
params,test_err, norm:  [1.45484238 0.3143904 ] 0.016298589787719725 10.511074385717507
RUNNING THE L-BFGS-B CODE

           * * *

Machine precision = 2.220D-16
 N =            2     M =           10

At X0         0 variables are exactly at the bounds

At iterate    0    f=  3.49486D-01    |proj g|=  3.32979D-02

At iterate    1    f=  3.44129D-01    |proj g|=  2.94202D-02

At iterate    2    f=  3.33973D-01    |proj g|=  1.39149D-02

At iterate    3    f=  3.33317D-01    |proj g|=  5.55021D-03

At iterate    4    f=  3.30952D-01    |proj g|=  4.55648D-03

At iterate    5    f=  3.28390D-01    |proj g|=  6.04448D-03
  ys=-0.000E+00  -gs= 0.000E+00 BFGS update SKIPPED

At iterate    6    f=  3.30636D-01    |proj g|=  5.27235D-03

           * * *

Tit   = total number of iterations
Tnf   = total number of function evaluations
Tnint = total number of segments explored during Cauchy searches
Skip  = number of BFGS updates skipped
Nact  = number of active bounds at final generalized Cauchy point
Projg = norm of the final projected gradient
F     = final function value

           * * *

   N    Tit     Tnf  Tnint  Skip  Nact     Projg        F
    2      6     18      6     1     0   5.272D-03   3.306D-01
  F =  0.33063640702580399     

CONVERGENCE: REL_REDUCTION_OF_F_<=_FACTR*EPSMCH             

 Cauchy                time 0.000E+00 seconds.
 Subspace minimization time 0.000E+00 seconds.
 Line search           time 0.000E+00 seconds.

 Total User time 0.000E+00 seconds.

