params,test_err, norm:  [1.12706471 0.87752665] 0.017575184259936965 10.469223525618299
params,test_err, norm:  [1.26329044 0.68328337] 0.01634446065174715 9.671869035644137
params,test_err, norm:  [1.34022615 0.45685442] 0.015035607180323889 9.671869035644137
params,test_err, norm:  [1.36214441 0.37687147] 0.014995059113151434 9.671869035644137
params,test_err, norm:  [1.36214441 0.37687147] 0.014995059113151434 9.671869035644137
RUNNING THE L-BFGS-B CODE

           * * *

Machine precision = 2.220D-16
 N =            2     M =           10

At X0         0 variables are exactly at the bounds

At iterate    0    f=  3.44736D-01    |proj g|=  2.70647D-02

At iterate    1    f=  3.39723D-01    |proj g|=  2.23452D-02

At iterate    2    f=  3.32778D-01    |proj g|=  1.55433D-02

At iterate    3    f=  3.29707D-01    |proj g|=  1.12964D-02

At iterate    4    f=  3.27886D-01    |proj g|=  4.59341D-03

At iterate    5    f=  3.27950D-01    |proj g|=  4.26290D-03

           * * *

Tit   = total number of iterations
Tnf   = total number of function evaluations
Tnint = total number of segments explored during Cauchy searches
Skip  = number of BFGS updates skipped
Nact  = number of active bounds at final generalized Cauchy point
Projg = norm of the final projected gradient
F     = final function value

           * * *

   N    Tit     Tnf  Tnint  Skip  Nact     Projg        F
    2      5     13      6     0     0   4.263D-03   3.280D-01
  F =  0.32795010719661521     

CONVERGENCE: REL_REDUCTION_OF_F_<=_FACTR*EPSMCH             

 Cauchy                time 0.000E+00 seconds.
 Subspace minimization time 0.000E+00 seconds.
 Line search           time 0.000E+00 seconds.

 Total User time 0.000E+00 seconds.

