params,test_err, norm:  [1.12939623 0.87393063] 0.019339645015195594 10.97189731625646
params,test_err, norm:  [1.12941239 0.87390559] 0.019339384115066957 10.971807788289233
params,test_err, norm:  [1.24382615 0.70871504] 0.017783923565207672 10.366073838140977
params,test_err, norm:  [1.33649528 0.45636414] 0.015643376032097638 10.366073838140977
params,test_err, norm:  [1.35729955 0.36003847] 0.015552094918987885 10.366073838140977
params,test_err, norm:  [1.3598469  0.31848137] 0.015732436964723217 10.366073838140977
params,test_err, norm:  [1.3526116  0.31503609] 0.015701142414705136 10.366073838140977
params,test_err, norm:  [1.3526116  0.31503609] 0.015701142414705136 10.366073838140977
RUNNING THE L-BFGS-B CODE

           * * *

Machine precision = 2.220D-16
 N =            2     M =           10

At X0         0 variables are exactly at the bounds

At iterate    0    f=  3.47371D-01    |proj g|=  2.93962D-02

At iterate    1    f=  3.41897D-01    |proj g|=  2.25502D-02

At iterate    2    f=  3.41390D-01    |proj g|=  2.56847D-02
  ys=-7.905E-08  -gs= 9.281E-07 BFGS update SKIPPED

At iterate    3    f=  3.39371D-01    |proj g|=  1.93392D-02

At iterate    4    f=  3.33734D-01    |proj g|=  1.36766D-02

At iterate    5    f=  3.33675D-01    |proj g|=  6.66600D-03

At iterate    6    f=  3.30400D-01    |proj g|=  2.20533D-03

At iterate    7    f=  3.29769D-01    |proj g|=  2.07430D-03

At iterate    8    f=  3.30189D-01    |proj g|=  2.02402D-03

           * * *

Tit   = total number of iterations
Tnf   = total number of function evaluations
Tnint = total number of segments explored during Cauchy searches
Skip  = number of BFGS updates skipped
Nact  = number of active bounds at final generalized Cauchy point
Projg = norm of the final projected gradient
F     = final function value

           * * *

   N    Tit     Tnf  Tnint  Skip  Nact     Projg        F
    2      8     22      9     1     0   2.024D-03   3.302D-01
  F =  0.33018945971842323     

CONVERGENCE: REL_REDUCTION_OF_F_<=_FACTR*EPSMCH             

 Cauchy                time 0.000E+00 seconds.
 Subspace minimization time 0.000E+00 seconds.
 Line search           time 0.000E+00 seconds.

 Total User time 0.000E+00 seconds.

