params,test_err, norm:  [ 0.92328883 -0.40252582] 0.010032490185027398 10.255375395911013 10.255375395911013
params,test_err, norm:  [ 1.65146528 -0.35307353] 0.001156941329086847 10.255375395911013 27.374319450448482
True [ 1.65146528 -0.35307353] 0.001156941329086847 10.255375395911013 49.554171061050084

training
lr, dw 0.0001 1e-08
test tensor(0.4775, grad_fn=<MeanBackward0>) dev tensor(0.0002, grad_fn=<SelectBackward>)
test tensor(0.4596, grad_fn=<MeanBackward0>) dev tensor(0.0002, grad_fn=<SelectBackward>)
test tensor(0.4385, grad_fn=<MeanBackward0>) dev tensor(0.0002, grad_fn=<SelectBackward>)
test tensor(0.4130, grad_fn=<MeanBackward0>) dev tensor(0.0003, grad_fn=<SelectBackward>)
test tensor(0.3860, grad_fn=<MeanBackward0>) dev tensor(0.0004, grad_fn=<SelectBackward>)
test tensor(0.3690, grad_fn=<MeanBackward0>) dev tensor(0.0003, grad_fn=<SelectBackward>)
test tensor(0.3496, grad_fn=<MeanBackward0>) dev tensor(0.0002, grad_fn=<SelectBackward>)
test tensor(0.3319, grad_fn=<MeanBackward0>) dev tensor(0.0001, grad_fn=<SelectBackward>)
test tensor(0.3109, grad_fn=<MeanBackward0>) dev tensor(0.0002, grad_fn=<SelectBackward>)
test tensor(0.2882, grad_fn=<MeanBackward0>) dev tensor(0.0002, grad_fn=<SelectBackward>)
test tensor(0.2668, grad_fn=<MeanBackward0>) dev tensor(0.0002, grad_fn=<SelectBackward>)
test tensor(0.2484, grad_fn=<MeanBackward0>) dev tensor(0.0002, grad_fn=<SelectBackward>)
test tensor(0.2343, grad_fn=<MeanBackward0>) dev tensor(8.8205e-05, grad_fn=<SelectBackward>)
test tensor(0.2170, grad_fn=<MeanBackward0>) dev tensor(7.9927e-05, grad_fn=<SelectBackward>)
test tensor(0.1971, grad_fn=<MeanBackward0>) dev tensor(0.0001, grad_fn=<SelectBackward>)
test tensor(0.1823, grad_fn=<MeanBackward0>) dev tensor(0.0001, grad_fn=<SelectBackward>)
test tensor(0.1664, grad_fn=<MeanBackward0>) dev tensor(0.0001, grad_fn=<SelectBackward>)
test tensor(0.1549, grad_fn=<MeanBackward0>) dev tensor(0.0001, grad_fn=<SelectBackward>)
test tensor(0.1430, grad_fn=<MeanBackward0>) dev tensor(9.5891e-05, grad_fn=<SelectBackward>)
lr, dw 0.0001 1e-08
test tensor(0.4175, grad_fn=<MeanBackward0>) dev tensor(0.0001, grad_fn=<SelectBackward>)
test tensor(0.3862, grad_fn=<MeanBackward0>) dev tensor(0.0003, grad_fn=<SelectBackward>)
test tensor(0.3624, grad_fn=<MeanBackward0>) dev tensor(0.0003, grad_fn=<SelectBackward>)
test tensor(0.3406, grad_fn=<MeanBackward0>) dev tensor(0.0002, grad_fn=<SelectBackward>)
test tensor(0.3218, grad_fn=<MeanBackward0>) dev tensor(0.0002, grad_fn=<SelectBackward>)
test tensor(0.2982, grad_fn=<MeanBackward0>) dev tensor(0.0003, grad_fn=<SelectBackward>)
lr, dw 0.0001 1e-08
test tensor(0.4618, grad_fn=<MeanBackward0>) dev tensor(0.0003, grad_fn=<SelectBackward>)
test tensor(0.4413, grad_fn=<MeanBackward0>) dev tensor(0.0003, grad_fn=<SelectBackward>)
test tensor(0.4297, grad_fn=<MeanBackward0>) dev tensor(0.0002, grad_fn=<SelectBackward>)
test tensor(0.3987, grad_fn=<MeanBackward0>) dev tensor(0.0003, grad_fn=<SelectBackward>)
test tensor(0.3831, grad_fn=<MeanBackward0>) dev tensor(0.0002, grad_fn=<SelectBackward>)
test tensor(0.3670, grad_fn=<MeanBackward0>) dev tensor(0.0002, grad_fn=<SelectBackward>)
test tensor(0.3387, grad_fn=<MeanBackward0>) dev tensor(0.0005, grad_fn=<SelectBackward>)
test tensor(0.3270, grad_fn=<MeanBackward0>) dev tensor(0.0003, grad_fn=<SelectBackward>)
lr, dw 0.0001 1e-08
test tensor(0.3728, grad_fn=<MeanBackward0>) dev tensor(0.0002, grad_fn=<SelectBackward>)
test tensor(0.3462, grad_fn=<MeanBackward0>) dev tensor(0.0003, grad_fn=<SelectBackward>)
test tensor(0.3250, grad_fn=<MeanBackward0>) dev tensor(0.0002, grad_fn=<SelectBackward>)
test tensor(0.3027, grad_fn=<MeanBackward0>) dev tensor(0.0002, grad_fn=<SelectBackward>)
test tensor(0.2827, grad_fn=<MeanBackward0>) dev tensor(0.0002, grad_fn=<SelectBackward>)
test tensor(0.2647, grad_fn=<MeanBackward0>) dev tensor(0.0001, grad_fn=<SelectBackward>)
test tensor(0.2460, grad_fn=<MeanBackward0>) dev tensor(0.0001, grad_fn=<SelectBackward>)
test tensor(0.2267, grad_fn=<MeanBackward0>) dev tensor(0.0002, grad_fn=<SelectBackward>)
test tensor(0.2112, grad_fn=<MeanBackward0>) dev tensor(0.0001, grad_fn=<SelectBackward>)
test tensor(0.1971, grad_fn=<MeanBackward0>) dev tensor(0.0001, grad_fn=<SelectBackward>)
test tensor(0.1815, grad_fn=<MeanBackward0>) dev tensor(7.7302e-05, grad_fn=<SelectBackward>)
test tensor(0.1671, grad_fn=<MeanBackward0>) dev tensor(0.0002, grad_fn=<SelectBackward>)
test tensor(0.1585, grad_fn=<MeanBackward0>) dev tensor(9.8341e-05, grad_fn=<SelectBackward>)
test tensor(0.1475, grad_fn=<MeanBackward0>) dev tensor(5.8142e-05, grad_fn=<SelectBackward>)
test tensor(0.1341, grad_fn=<MeanBackward0>) dev tensor(9.2939e-05, grad_fn=<SelectBackward>)
test tensor(0.1226, grad_fn=<MeanBackward0>) dev tensor(6.0880e-05, grad_fn=<SelectBackward>)
test tensor(0.1109, grad_fn=<MeanBackward0>) dev tensor(5.5923e-05, grad_fn=<SelectBackward>)
test tensor(0.0972, grad_fn=<MeanBackward0>) dev tensor(0.0003, grad_fn=<SelectBackward>)
test tensor(0.0895, grad_fn=<MeanBackward0>) dev tensor(0.0001, grad_fn=<SelectBackward>)
test tensor(0.0821, grad_fn=<MeanBackward0>) dev tensor(4.5636e-05, grad_fn=<SelectBackward>)
test tensor(0.0743, grad_fn=<MeanBackward0>) dev tensor(7.2866e-05, grad_fn=<SelectBackward>)
test tensor(0.0657, grad_fn=<MeanBackward0>) dev tensor(8.2137e-05, grad_fn=<SelectBackward>)
test tensor(0.0581, grad_fn=<MeanBackward0>) dev tensor(6.9395e-05, grad_fn=<SelectBackward>)
test tensor(0.0506, grad_fn=<MeanBackward0>) dev tensor(3.9145e-05, grad_fn=<SelectBackward>)
test tensor(0.0445, grad_fn=<MeanBackward0>) dev tensor(7.9882e-05, grad_fn=<SelectBackward>)
test tensor(0.0400, grad_fn=<MeanBackward0>) dev tensor(4.7553e-05, grad_fn=<SelectBackward>)
test tensor(0.0357, grad_fn=<MeanBackward0>) dev tensor(2.2686e-05, grad_fn=<SelectBackward>)
test tensor(0.0319, grad_fn=<MeanBackward0>) dev tensor(3.1355e-05, grad_fn=<SelectBackward>)
test tensor(0.0284, grad_fn=<MeanBackward0>) dev tensor(3.3369e-05, grad_fn=<SelectBackward>)
test tensor(0.0258, grad_fn=<MeanBackward0>) dev tensor(1.1026e-05, grad_fn=<SelectBackward>)
test tensor(0.0224, grad_fn=<MeanBackward0>) dev tensor(9.5002e-06, grad_fn=<SelectBackward>)
test tensor(0.0197, grad_fn=<MeanBackward0>) dev tensor(1.7147e-05, grad_fn=<SelectBackward>)
test tensor(0.0180, grad_fn=<MeanBackward0>) dev tensor(8.4663e-06, grad_fn=<SelectBackward>)
test tensor(0.0163, grad_fn=<MeanBackward0>) dev tensor(7.7311e-06, grad_fn=<SelectBackward>)
test tensor(0.0147, grad_fn=<MeanBackward0>) dev tensor(7.6840e-06, grad_fn=<SelectBackward>)
test tensor(0.0135, grad_fn=<MeanBackward0>) dev tensor(1.7080e-05, grad_fn=<SelectBackward>)
test tensor(0.0127, grad_fn=<MeanBackward0>) dev tensor(1.4444e-05, grad_fn=<SelectBackward>)
test tensor(0.0125, grad_fn=<MeanBackward0>) dev tensor(7.0775e-06, grad_fn=<SelectBackward>)
test tensor(0.0122, grad_fn=<MeanBackward0>) dev tensor(4.9562e-06, grad_fn=<SelectBackward>)
test tensor(0.0120, grad_fn=<MeanBackward0>) dev tensor(1.2765e-05, grad_fn=<SelectBackward>)
test tensor(0.0123, grad_fn=<MeanBackward0>) dev tensor(6.5139e-06, grad_fn=<SelectBackward>)
test tensor(0.0126, grad_fn=<MeanBackward0>) dev tensor(6.5658e-06, grad_fn=<SelectBackward>)
test tensor(0.0131, grad_fn=<MeanBackward0>) dev tensor(4.3250e-06, grad_fn=<SelectBackward>)
test tensor(0.0140, grad_fn=<MeanBackward0>) dev tensor(1.8068e-05, grad_fn=<SelectBackward>)
test tensor(0.0150, grad_fn=<MeanBackward0>) dev tensor(5.5997e-06, grad_fn=<SelectBackward>)
test tensor(0.0162, grad_fn=<MeanBackward0>) dev tensor(6.1963e-06, grad_fn=<SelectBackward>)
test tensor(0.0171, grad_fn=<MeanBackward0>) dev tensor(1.0031e-05, grad_fn=<SelectBackward>)
test tensor(0.0186, grad_fn=<MeanBackward0>) dev tensor(1.7953e-05, grad_fn=<SelectBackward>)
lr, dw 0.0001 1e-08
test tensor(0.3772, grad_fn=<MeanBackward0>) dev tensor(0.0003, grad_fn=<SelectBackward>)
test tensor(0.3512, grad_fn=<MeanBackward0>) dev tensor(0.0004, grad_fn=<SelectBackward>)
test tensor(0.3378, grad_fn=<MeanBackward0>) dev tensor(0.0001, grad_fn=<SelectBackward>)
test tensor(0.3126, grad_fn=<MeanBackward0>) dev tensor(0.0003, grad_fn=<SelectBackward>)
test tensor(0.2984, grad_fn=<MeanBackward0>) dev tensor(0.0002, grad_fn=<SelectBackward>)
test tensor(0.2814, grad_fn=<MeanBackward0>) dev tensor(0.0002, grad_fn=<SelectBackward>)
test tensor(0.2643, grad_fn=<MeanBackward0>) dev tensor(0.0002, grad_fn=<SelectBackward>)
test tensor(0.2476, grad_fn=<MeanBackward0>) dev tensor(0.0001, grad_fn=<SelectBackward>)
test tensor(0.2319, grad_fn=<MeanBackward0>) dev tensor(0.0001, grad_fn=<SelectBackward>)
test tensor(0.2154, grad_fn=<MeanBackward0>) dev tensor(0.0002, grad_fn=<SelectBackward>)
test tensor(0.1976, grad_fn=<MeanBackward0>) dev tensor(0.0002, grad_fn=<SelectBackward>)
test tensor(0.1839, grad_fn=<MeanBackward0>) dev tensor(0.0002, grad_fn=<SelectBackward>)
test tensor(0.1714, grad_fn=<MeanBackward0>) dev tensor(9.7038e-05, grad_fn=<SelectBackward>)
test tensor(0.1564, grad_fn=<MeanBackward0>) dev tensor(0.0001, grad_fn=<SelectBackward>)
test tensor(0.1467, grad_fn=<MeanBackward0>) dev tensor(4.8528e-05, grad_fn=<SelectBackward>)
test tensor(0.1321, grad_fn=<MeanBackward0>) dev tensor(6.7024e-05, grad_fn=<SelectBackward>)
test tensor(0.1188, grad_fn=<MeanBackward0>) dev tensor(5.2843e-05, grad_fn=<SelectBackward>)
test tensor(0.1096, grad_fn=<MeanBackward0>) dev tensor(3.6635e-05, grad_fn=<SelectBackward>)
test tensor(0.0994, grad_fn=<MeanBackward0>) dev tensor(3.9644e-05, grad_fn=<SelectBackward>)
test tensor(0.0890, grad_fn=<MeanBackward0>) dev tensor(5.6985e-05, grad_fn=<SelectBackward>)
test tensor(0.0818, grad_fn=<MeanBackward0>) dev tensor(2.7611e-05, grad_fn=<SelectBackward>)
test tensor(0.0722, grad_fn=<MeanBackward0>) dev tensor(4.5899e-05, grad_fn=<SelectBackward>)
test tensor(0.0623, grad_fn=<MeanBackward0>) dev tensor(0.0001, grad_fn=<SelectBackward>)
test tensor(0.0563, grad_fn=<MeanBackward0>) dev tensor(8.3111e-05, grad_fn=<SelectBackward>)
test tensor(0.0502, grad_fn=<MeanBackward0>) dev tensor(2.8638e-05, grad_fn=<SelectBackward>)
test tensor(0.0431, grad_fn=<MeanBackward0>) dev tensor(3.3054e-05, grad_fn=<SelectBackward>)
lr, dw 0.0001 1e-08
test tensor(0.4068, grad_fn=<MeanBackward0>) dev tensor(0.0004, grad_fn=<SelectBackward>)
test tensor(0.3765, grad_fn=<MeanBackward0>) dev tensor(0.0003, grad_fn=<SelectBackward>)
test tensor(0.3500, grad_fn=<MeanBackward0>) dev tensor(0.0002, grad_fn=<SelectBackward>)
test tensor(0.3187, grad_fn=<MeanBackward0>) dev tensor(0.0003, grad_fn=<SelectBackward>)
test tensor(0.3015, grad_fn=<MeanBackward0>) dev tensor(0.0001, grad_fn=<SelectBackward>)
test tensor(0.2713, grad_fn=<MeanBackward0>) dev tensor(0.0003, grad_fn=<SelectBackward>)
test tensor(0.2549, grad_fn=<MeanBackward0>) dev tensor(0.0001, grad_fn=<SelectBackward>)
test tensor(0.2356, grad_fn=<MeanBackward0>) dev tensor(0.0001, grad_fn=<SelectBackward>)
test tensor(0.2161, grad_fn=<MeanBackward0>) dev tensor(7.5062e-05, grad_fn=<SelectBackward>)
test tensor(0.1894, grad_fn=<MeanBackward0>) dev tensor(0.0002, grad_fn=<SelectBackward>)
test tensor(0.1707, grad_fn=<MeanBackward0>) dev tensor(0.0001, grad_fn=<SelectBackward>)
test tensor(0.1593, grad_fn=<MeanBackward0>) dev tensor(6.0661e-05, grad_fn=<SelectBackward>)
test tensor(0.1415, grad_fn=<MeanBackward0>) dev tensor(6.9595e-05, grad_fn=<SelectBackward>)
test tensor(0.1246, grad_fn=<MeanBackward0>) dev tensor(4.2092e-05, grad_fn=<SelectBackward>)
test tensor(0.1074, grad_fn=<MeanBackward0>) dev tensor(0.0001, grad_fn=<SelectBackward>)
test tensor(0.0949, grad_fn=<MeanBackward0>) dev tensor(5.6000e-05, grad_fn=<SelectBackward>)
test tensor(0.0838, grad_fn=<MeanBackward0>) dev tensor(3.1497e-05, grad_fn=<SelectBackward>)
test tensor(0.0685, grad_fn=<MeanBackward0>) dev tensor(5.4146e-05, grad_fn=<SelectBackward>)
test tensor(0.0596, grad_fn=<MeanBackward0>) dev tensor(3.4396e-05, grad_fn=<SelectBackward>)
test tensor(0.0484, grad_fn=<MeanBackward0>) dev tensor(0.0001, grad_fn=<SelectBackward>)
test tensor(0.0393, grad_fn=<MeanBackward0>) dev tensor(5.8369e-05, grad_fn=<SelectBackward>)
test tensor(0.0337, grad_fn=<MeanBackward0>) dev tensor(2.0587e-05, grad_fn=<SelectBackward>)
test tensor(0.0267, grad_fn=<MeanBackward0>) dev tensor(5.2746e-05, grad_fn=<SelectBackward>)
test tensor(0.0223, grad_fn=<MeanBackward0>) dev tensor(2.3346e-05, grad_fn=<SelectBackward>)
test tensor(0.0160, grad_fn=<MeanBackward0>) dev tensor(2.0048e-05, grad_fn=<SelectBackward>)
test tensor(0.0125, grad_fn=<MeanBackward0>) dev tensor(1.3738e-05, grad_fn=<SelectBackward>)
test tensor(0.0099, grad_fn=<MeanBackward0>) dev tensor(3.3723e-05, grad_fn=<SelectBackward>)
test tensor(0.0069, grad_fn=<MeanBackward0>) dev tensor(2.1000e-05, grad_fn=<SelectBackward>)
test tensor(0.0040, grad_fn=<MeanBackward0>) dev tensor(1.1296e-05, grad_fn=<SelectBackward>)
test tensor(0.0028, grad_fn=<MeanBackward0>) dev tensor(8.9758e-06, grad_fn=<SelectBackward>)
test tensor(0.0016, grad_fn=<MeanBackward0>) dev tensor(1.7551e-05, grad_fn=<SelectBackward>)
test tensor(0.0012, grad_fn=<MeanBackward0>) dev tensor(5.0464e-06, grad_fn=<SelectBackward>)
test tensor(0.0010, grad_fn=<MeanBackward0>) dev tensor(1.3060e-05, grad_fn=<SelectBackward>)
test tensor(0.0011, grad_fn=<MeanBackward0>) dev tensor(4.4672e-06, grad_fn=<SelectBackward>)
test tensor(0.0017, grad_fn=<MeanBackward0>) dev tensor(8.2996e-06, grad_fn=<SelectBackward>)
test tensor(0.0030, grad_fn=<MeanBackward0>) dev tensor(9.3504e-06, grad_fn=<SelectBackward>)
test tensor(0.0041, grad_fn=<MeanBackward0>) dev tensor(3.8765e-06, grad_fn=<SelectBackward>)
test tensor(0.0057, grad_fn=<MeanBackward0>) dev tensor(5.8660e-06, grad_fn=<SelectBackward>)
test tensor(0.0076, grad_fn=<MeanBackward0>) dev tensor(4.5481e-06, grad_fn=<SelectBackward>)
test tensor(0.0091, grad_fn=<MeanBackward0>) dev tensor(2.1807e-05, grad_fn=<SelectBackward>)
test tensor(0.0121, grad_fn=<MeanBackward0>) dev tensor(3.9763e-06, grad_fn=<SelectBackward>)
test tensor(0.0137, grad_fn=<MeanBackward0>) dev tensor(3.0292e-05, grad_fn=<SelectBackward>)
lr, dw 0.0001 1e-08
test tensor(0.4470, grad_fn=<MeanBackward0>) dev tensor(0.0003, grad_fn=<SelectBackward>)
test tensor(0.4227, grad_fn=<MeanBackward0>) dev tensor(0.0002, grad_fn=<SelectBackward>)
test tensor(0.4059, grad_fn=<MeanBackward0>) dev tensor(0.0001, grad_fn=<SelectBackward>)
test tensor(0.3749, grad_fn=<MeanBackward0>) dev tensor(0.0003, grad_fn=<SelectBackward>)
test tensor(0.3516, grad_fn=<MeanBackward0>) dev tensor(0.0003, grad_fn=<SelectBackward>)
test tensor(0.3320, grad_fn=<MeanBackward0>) dev tensor(0.0003, grad_fn=<SelectBackward>)
test tensor(0.3170, grad_fn=<MeanBackward0>) dev tensor(0.0002, grad_fn=<SelectBackward>)
test tensor(0.3017, grad_fn=<MeanBackward0>) dev tensor(0.0001, grad_fn=<SelectBackward>)
test tensor(0.2779, grad_fn=<MeanBackward0>) dev tensor(0.0002, grad_fn=<SelectBackward>)
test tensor(0.2616, grad_fn=<MeanBackward0>) dev tensor(0.0001, grad_fn=<SelectBackward>)
test tensor(0.2423, grad_fn=<MeanBackward0>) dev tensor(0.0002, grad_fn=<SelectBackward>)
test tensor(0.2302, grad_fn=<MeanBackward0>) dev tensor(6.6146e-05, grad_fn=<SelectBackward>)
test tensor(0.2097, grad_fn=<MeanBackward0>) dev tensor(0.0001, grad_fn=<SelectBackward>)
test tensor(0.1925, grad_fn=<MeanBackward0>) dev tensor(0.0002, grad_fn=<SelectBackward>)
test tensor(0.1783, grad_fn=<MeanBackward0>) dev tensor(0.0002, grad_fn=<SelectBackward>)
test tensor(0.1659, grad_fn=<MeanBackward0>) dev tensor(0.0001, grad_fn=<SelectBackward>)
test tensor(0.1537, grad_fn=<MeanBackward0>) dev tensor(9.1235e-05, grad_fn=<SelectBackward>)
lr, dw 0.0001 1e-08
test tensor(0.4764, grad_fn=<MeanBackward0>) dev tensor(0.0004, grad_fn=<SelectBackward>)
test tensor(0.4700, grad_fn=<MeanBackward0>) dev tensor(0.0003, grad_fn=<SelectBackward>)
test tensor(0.4580, grad_fn=<MeanBackward0>) dev tensor(0.0004, grad_fn=<SelectBackward>)
test tensor(0.4505, grad_fn=<MeanBackward0>) dev tensor(0.0002, grad_fn=<SelectBackward>)
test tensor(0.4341, grad_fn=<MeanBackward0>) dev tensor(0.0003, grad_fn=<SelectBackward>)
test tensor(0.4208, grad_fn=<MeanBackward0>) dev tensor(0.0003, grad_fn=<SelectBackward>)
test tensor(0.4028, grad_fn=<MeanBackward0>) dev tensor(0.0004, grad_fn=<SelectBackward>)
test tensor(0.3939, grad_fn=<MeanBackward0>) dev tensor(0.0003, grad_fn=<SelectBackward>)
test tensor(0.3797, grad_fn=<MeanBackward0>) dev tensor(0.0003, grad_fn=<SelectBackward>)
lr, dw 0.0001 1e-08
test tensor(0.4636, grad_fn=<MeanBackward0>) dev tensor(0.0002, grad_fn=<SelectBackward>)
test tensor(0.4299, grad_fn=<MeanBackward0>) dev tensor(0.0003, grad_fn=<SelectBackward>)
test tensor(0.4044, grad_fn=<MeanBackward0>) dev tensor(0.0002, grad_fn=<SelectBackward>)
test tensor(0.3774, grad_fn=<MeanBackward0>) dev tensor(0.0003, grad_fn=<SelectBackward>)
test tensor(0.3575, grad_fn=<MeanBackward0>) dev tensor(0.0002, grad_fn=<SelectBackward>)
test tensor(0.3270, grad_fn=<MeanBackward0>) dev tensor(0.0003, grad_fn=<SelectBackward>)
lr, dw 0.0001 1e-08
test tensor(0.3661, grad_fn=<MeanBackward0>) dev tensor(0.0003, grad_fn=<SelectBackward>)
test tensor(0.3412, grad_fn=<MeanBackward0>) dev tensor(0.0005, grad_fn=<SelectBackward>)
test tensor(0.3318, grad_fn=<MeanBackward0>) dev tensor(0.0002, grad_fn=<SelectBackward>)
test tensor(0.3132, grad_fn=<MeanBackward0>) dev tensor(0.0001, grad_fn=<SelectBackward>)
test tensor(0.2880, grad_fn=<MeanBackward0>) dev tensor(0.0002, grad_fn=<SelectBackward>)
test tensor(0.2726, grad_fn=<MeanBackward0>) dev tensor(0.0002, grad_fn=<SelectBackward>)
test tensor(0.2557, grad_fn=<MeanBackward0>) dev tensor(0.0002, grad_fn=<SelectBackward>)
test tensor(0.2375, grad_fn=<MeanBackward0>) dev tensor(0.0003, grad_fn=<SelectBackward>)
test tensor(0.2216, grad_fn=<MeanBackward0>) dev tensor(0.0001, grad_fn=<SelectBackward>)
test tensor(0.2062, grad_fn=<MeanBackward0>) dev tensor(0.0001, grad_fn=<SelectBackward>)
test tensor(0.1890, grad_fn=<MeanBackward0>) dev tensor(0.0002, grad_fn=<SelectBackward>)
test tensor(0.1765, grad_fn=<MeanBackward0>) dev tensor(9.7652e-05, grad_fn=<SelectBackward>)
test tensor(0.1626, grad_fn=<MeanBackward0>) dev tensor(0.0001, grad_fn=<SelectBackward>)
test tensor(0.1524, grad_fn=<MeanBackward0>) dev tensor(5.0670e-05, grad_fn=<SelectBackward>)
test tensor(0.1389, grad_fn=<MeanBackward0>) dev tensor(6.8468e-05, grad_fn=<SelectBackward>)
test tensor(0.1275, grad_fn=<MeanBackward0>) dev tensor(6.3808e-05, grad_fn=<SelectBackward>)
test tensor(0.1181, grad_fn=<MeanBackward0>) dev tensor(3.9894e-05, grad_fn=<SelectBackward>)
test tensor(0.1054, grad_fn=<MeanBackward0>) dev tensor(4.2872e-05, grad_fn=<SelectBackward>)
test tensor(0.0932, grad_fn=<MeanBackward0>) dev tensor(9.6294e-05, grad_fn=<SelectBackward>)
test tensor(0.0836, grad_fn=<MeanBackward0>) dev tensor(6.2868e-05, grad_fn=<SelectBackward>)
test tensor(0.0740, grad_fn=<MeanBackward0>) dev tensor(5.2382e-05, grad_fn=<SelectBackward>)
test tensor(0.0680, grad_fn=<MeanBackward0>) dev tensor(2.5810e-05, grad_fn=<SelectBackward>)
test tensor(0.0593, grad_fn=<MeanBackward0>) dev tensor(2.4116e-05, grad_fn=<SelectBackward>)
test tensor(0.0501, grad_fn=<MeanBackward0>) dev tensor(5.7457e-05, grad_fn=<SelectBackward>)
test tensor(0.0442, grad_fn=<MeanBackward0>) dev tensor(3.8424e-05, grad_fn=<SelectBackward>)
test tensor(0.0389, grad_fn=<MeanBackward0>) dev tensor(6.3903e-05, grad_fn=<SelectBackward>)
test tensor(0.0350, grad_fn=<MeanBackward0>) dev tensor(1.8899e-05, grad_fn=<SelectBackward>)
test tensor(0.0308, grad_fn=<MeanBackward0>) dev tensor(1.5414e-05, grad_fn=<SelectBackward>)
test tensor(0.0245, grad_fn=<MeanBackward0>) dev tensor(7.8560e-05, grad_fn=<SelectBackward>)
test tensor(0.0208, grad_fn=<MeanBackward0>) dev tensor(3.1397e-05, grad_fn=<SelectBackward>)
test tensor(0.0182, grad_fn=<MeanBackward0>) dev tensor(1.3558e-05, grad_fn=<SelectBackward>)
test tensor(0.0153, grad_fn=<MeanBackward0>) dev tensor(1.0496e-05, grad_fn=<SelectBackward>)
test tensor(0.0115, grad_fn=<MeanBackward0>) dev tensor(1.8425e-05, grad_fn=<SelectBackward>)
test tensor(0.0093, grad_fn=<MeanBackward0>) dev tensor(1.1114e-05, grad_fn=<SelectBackward>)
test tensor(0.0078, grad_fn=<MeanBackward0>) dev tensor(7.8612e-06, grad_fn=<SelectBackward>)
test tensor(0.0061, grad_fn=<MeanBackward0>) dev tensor(3.0795e-05, grad_fn=<SelectBackward>)
test tensor(0.0055, grad_fn=<MeanBackward0>) dev tensor(7.6580e-06, grad_fn=<SelectBackward>)
test tensor(0.0043, grad_fn=<MeanBackward0>) dev tensor(7.3193e-06, grad_fn=<SelectBackward>)
test tensor(0.0034, grad_fn=<MeanBackward0>) dev tensor(2.3917e-05, grad_fn=<SelectBackward>)
test tensor(0.0029, grad_fn=<MeanBackward0>) dev tensor(4.9043e-06, grad_fn=<SelectBackward>)
test tensor(0.0029, grad_fn=<MeanBackward0>) dev tensor(1.0341e-05, grad_fn=<SelectBackward>)
test tensor(0.0031, grad_fn=<MeanBackward0>) dev tensor(4.7561e-06, grad_fn=<SelectBackward>)
test tensor(0.0037, grad_fn=<MeanBackward0>) dev tensor(5.9294e-06, grad_fn=<SelectBackward>)
test tensor(0.0044, grad_fn=<MeanBackward0>) dev tensor(1.3298e-05, grad_fn=<SelectBackward>)
test tensor(0.0050, grad_fn=<MeanBackward0>) dev tensor(3.9960e-06, grad_fn=<SelectBackward>)
test tensor(0.0063, grad_fn=<MeanBackward0>) dev tensor(5.1361e-06, grad_fn=<SelectBackward>)
test tensor(0.0074, grad_fn=<MeanBackward0>) dev tensor(2.9928e-05, grad_fn=<SelectBackward>)
test tensor(0.0094, grad_fn=<MeanBackward0>) dev tensor(3.7764e-06, grad_fn=<SelectBackward>)
test tensor(0.0114, grad_fn=<MeanBackward0>) dev tensor(8.2144e-06, grad_fn=<SelectBackward>)
test tensor(0.0127, grad_fn=<MeanBackward0>) dev tensor(7.1213e-06, grad_fn=<SelectBackward>)
test tensor(0.0145, grad_fn=<MeanBackward0>) dev tensor(6.0620e-06, grad_fn=<SelectBackward>)
test tensor(0.0165, grad_fn=<MeanBackward0>) dev tensor(1.3825e-05, grad_fn=<SelectBackward>)
test tensor(0.0192, grad_fn=<MeanBackward0>) dev tensor(4.7033e-06, grad_fn=<SelectBackward>)
