params,test_err, norm:  [1.13369065 0.8716445 ] 0.021644020898319117 11.615415212174991
params,test_err, norm:  [1.29598749 0.67847111] 0.018134010268069118 11.488956476376279
params,test_err, norm:  [1.37954467 0.46425275] 0.015750027481538635 11.488956476376279
params,test_err, norm:  [1.38138344 0.45540173] 0.0157028673033506 11.488956476376279
params,test_err, norm:  [1.42216203 0.38386756] 0.0156427531782321 11.488956476376279
params,test_err, norm:  [1.42214947 0.38363541] 0.01564300470008166 11.488956476376279
RUNNING THE L-BFGS-B CODE

           * * *

Machine precision = 2.220D-16
 N =            2     M =           10

At X0         0 variables are exactly at the bounds

At iterate    0    f=  3.46615D-01    |proj g|=  3.36906D-02

At iterate    1    f=  3.44328D-01    |proj g|=  2.78240D-02

At iterate    2    f=  3.33504D-01    |proj g|=  1.90362D-02

At iterate    3    f=  3.31920D-01    |proj g|=  1.49847D-02

At iterate    4    f=  3.31869D-01    |proj g|=  1.32373D-02

At iterate    5    f=  3.31293D-01    |proj g|=  4.71823D-03

At iterate    6    f=  3.31746D-01    |proj g|=  4.44197D-03

           * * *

Tit   = total number of iterations
Tnf   = total number of function evaluations
Tnint = total number of segments explored during Cauchy searches
Skip  = number of BFGS updates skipped
Nact  = number of active bounds at final generalized Cauchy point
Projg = norm of the final projected gradient
F     = final function value

           * * *

   N    Tit     Tnf  Tnint  Skip  Nact     Projg        F
    2      6     13      7     0     0   4.442D-03   3.317D-01
  F =  0.33174580648639013     

CONVERGENCE: REL_REDUCTION_OF_F_<=_FACTR*EPSMCH             

 Cauchy                time 0.000E+00 seconds.
 Subspace minimization time 0.000E+00 seconds.
 Line search           time 0.000E+00 seconds.

 Total User time 0.000E+00 seconds.

