params,test_err, norm:  [1.12997447 0.87653557] 0.02038715121446186 11.146887621027973
params,test_err, norm:  [1.47660455 0.35032747] 0.016731787500528186 11.146887621027973
params,test_err, norm:  [1.47625332 0.35076355] 0.016725455398968473 11.146887621027973
params,test_err, norm:  [1.47623357 0.35075764] 0.016725334129321458 11.146887621027973
params,test_err, norm:  [1.47535957 0.3514345 ] 0.016712796968647206 11.146887621027973
params,test_err, norm:  [1.47535957 0.3514345 ] 0.016712796899015177 11.146887621027973
RUNNING THE L-BFGS-B CODE

           * * *

Machine precision = 2.220D-16
 N =            2     M =           10

At X0         0 variables are exactly at the bounds

At iterate    0    f=  3.44762D-01    |proj g|=  2.99745D-02

At iterate    1    f=  3.41779D-01    |proj g|=  2.71814D-02

At iterate    2    f=  3.33078D-01    |proj g|=  3.98700D-03

At iterate    3    f=  3.32963D-01    |proj g|=  3.16496D-03

At iterate    4    f=  3.32858D-01    |proj g|=  2.72635D-03

At iterate    5    f=  3.30180D-01    |proj g|=  2.97936D-03

At iterate    6    f=  3.30299D-01    |proj g|=  4.48499D-03

           * * *

Tit   = total number of iterations
Tnf   = total number of function evaluations
Tnint = total number of segments explored during Cauchy searches
Skip  = number of BFGS updates skipped
Nact  = number of active bounds at final generalized Cauchy point
Projg = norm of the final projected gradient
F     = final function value

           * * *

   N    Tit     Tnf  Tnint  Skip  Nact     Projg        F
    2      6     19      6     0     0   4.485D-03   3.303D-01
  F =  0.33029866580653727     

CONVERGENCE: REL_REDUCTION_OF_F_<=_FACTR*EPSMCH             

 Cauchy                time 0.000E+00 seconds.
 Subspace minimization time 0.000E+00 seconds.
 Line search           time 0.000E+00 seconds.

 Total User time 0.000E+00 seconds.

