params,test_err, norm:  [1.12612895 0.87393559] 0.01791894364740088 10.872594291598354
params,test_err, norm:  [1.39268182 0.59215684] 0.016006540551984184 9.671062625095109
params,test_err, norm:  [1.44535153 0.43996405] 0.015495229609496295 9.671062625095109
params,test_err, norm:  [1.44454583 0.31136098] 0.015941643219931557 9.671062625095109
params,test_err, norm:  [1.44454583 0.31136098] 0.015941643219931557 9.671062625095109
RUNNING THE L-BFGS-B CODE

           * * *

Machine precision = 2.220D-16
 N =            2     M =           10

At X0         0 variables are exactly at the bounds

At iterate    0    f=  3.41579D-01    |proj g|=  2.61289D-02

At iterate    1    f=  3.39805D-01    |proj g|=  2.38577D-02

At iterate    2    f=  3.32814D-01    |proj g|=  1.38886D-02

At iterate    3    f=  3.31880D-01    |proj g|=  6.14682D-03

At iterate    4    f=  3.26226D-01    |proj g|=  5.10801D-03

At iterate    5    f=  3.28809D-01    |proj g|=  6.75699D-03

           * * *

Tit   = total number of iterations
Tnf   = total number of function evaluations
Tnint = total number of segments explored during Cauchy searches
Skip  = number of BFGS updates skipped
Nact  = number of active bounds at final generalized Cauchy point
Projg = norm of the final projected gradient
F     = final function value

           * * *

   N    Tit     Tnf  Tnint  Skip  Nact     Projg        F
    2      5     12      5     0     0   6.757D-03   3.288D-01
  F =  0.32880860214280677     

CONVERGENCE: REL_REDUCTION_OF_F_<=_FACTR*EPSMCH             

 Cauchy                time 0.000E+00 seconds.
 Subspace minimization time 0.000E+00 seconds.
 Line search           time 0.000E+00 seconds.

 Total User time 0.000E+00 seconds.

