params,test_err, norm:  [1.1 0.9] 0.011322338746232959 7.842095668066811
params,test_err, norm:  [1.1 0.9] 0.011322338746232959 7.842095668066811
RUNNING THE L-BFGS-B CODE

           * * *

Machine precision = 2.220D-16
 N =            2     M =           10

At X0         0 variables are exactly at the bounds

At iterate    0    f=  3.47589D-01    |proj g|=  2.94320D-02

At iterate    1    f=  3.44524D-01    |proj g|=  2.85280D-02

At iterate    2    f=  3.45752D-01    |proj g|=  2.81216D-02

           * * *

Tit   = total number of iterations
Tnf   = total number of function evaluations
Tnint = total number of segments explored during Cauchy searches
Skip  = number of BFGS updates skipped
Nact  = number of active bounds at final generalized Cauchy point
Projg = norm of the final projected gradient
F     = final function value

           * * *

   N    Tit     Tnf  Tnint  Skip  Nact     Projg        F
    2      2     11      2     0     0   2.812D-02   3.458D-01
  F =  0.34575186473560798     

CONVERGENCE: REL_REDUCTION_OF_F_<=_FACTR*EPSMCH             

 Cauchy                time 0.000E+00 seconds.
 Subspace minimization time 0.000E+00 seconds.
 Line search           time 0.000E+00 seconds.

 Total User time 0.000E+00 seconds.

