params,test_err, norm:  [1.1 0.9] 0.02128549088944148 12.293282357535851
params,test_err, norm:  [1.1 0.9] 0.02128549088944148 12.293282357535851
params,test_err, norm:  [1.1 0.9] 0.021285490781531663 12.293282260535413
params,test_err, norm:  [1.1 0.9] 0.021285490781531663 12.293282260535413
RUNNING THE L-BFGS-B CODE

           * * *

Machine precision = 2.220D-16
 N =            2     M =           10

At X0         0 variables are exactly at the bounds

At iterate    0    f=  3.42687D-01    |proj g|=  3.22579D-02

At iterate    1    f=  3.41924D-01    |proj g|=  3.13079D-02

At iterate    2    f=  3.41855D-01    |proj g|=  2.98367D-02
  ys= 0.000E+00  -gs= 0.000E+00 BFGS update SKIPPED

At iterate    3    f=  3.39696D-01    |proj g|=  3.35096D-02
  ys=-4.416E-16  -gs= 3.877E-15 BFGS update SKIPPED

At iterate    4    f=  3.46768D-01    |proj g|=  3.53497D-02

           * * *

Tit   = total number of iterations
Tnf   = total number of function evaluations
Tnint = total number of segments explored during Cauchy searches
Skip  = number of BFGS updates skipped
Nact  = number of active bounds at final generalized Cauchy point
Projg = norm of the final projected gradient
F     = final function value

           * * *

   N    Tit     Tnf  Tnint  Skip  Nact     Projg        F
    2      4     20      4     2     0   3.535D-02   3.468D-01
  F =  0.34676793647886500     

CONVERGENCE: REL_REDUCTION_OF_F_<=_FACTR*EPSMCH             

 Cauchy                time 0.000E+00 seconds.
 Subspace minimization time 0.000E+00 seconds.
 Line search           time 0.000E+00 seconds.

 Total User time 0.000E+00 seconds.

