params,test_err, norm:  [1.13516042 0.86794204] 0.019553249046858033 12.03572670703
params,test_err, norm:  [1.31753603 0.63211309] 0.016743473281323754 10.573511974220148
params,test_err, norm:  [1.43202054 0.38006339] 0.015588411053426125 10.573511974220148
params,test_err, norm:  [1.43202054 0.38006339] 0.015588411053426125 10.573511974220148
RUNNING THE L-BFGS-B CODE

           * * *

Machine precision = 2.220D-16
 N =            2     M =           10

At X0         0 variables are exactly at the bounds

At iterate    0    f=  3.45953D-01    |proj g|=  3.51604D-02

At iterate    1    f=  3.44379D-01    |proj g|=  2.94141D-02

At iterate    2    f=  3.37982D-01    |proj g|=  2.28351D-02

At iterate    3    f=  3.27329D-01    |proj g|=  3.14090D-03

At iterate    4    f=  3.32998D-01    |proj g|=  1.88486D-03

           * * *

Tit   = total number of iterations
Tnf   = total number of function evaluations
Tnint = total number of segments explored during Cauchy searches
Skip  = number of BFGS updates skipped
Nact  = number of active bounds at final generalized Cauchy point
Projg = norm of the final projected gradient
F     = final function value

           * * *

   N    Tit     Tnf  Tnint  Skip  Nact     Projg        F
    2      4     10      5     0     0   1.885D-03   3.330D-01
  F =  0.33299809077947851     

CONVERGENCE: REL_REDUCTION_OF_F_<=_FACTR*EPSMCH             

 Cauchy                time 0.000E+00 seconds.
 Subspace minimization time 0.000E+00 seconds.
 Line search           time 0.000E+00 seconds.

 Total User time 0.000E+00 seconds.

