params,test_err, norm:  [1.1247371  0.87812961] 0.01859822893284765 10.436018210419142
params,test_err, norm:  [1.39695014 0.38571343] 0.01560801791466129 10.436018210419142
params,test_err, norm:  [1.40099121 0.34752515] 0.015705923745975858 10.436018210419142
params,test_err, norm:  [1.39104633 0.2959572 ] 0.015944423500426935 10.436018210419142
RUNNING THE L-BFGS-B CODE

           * * *

Machine precision = 2.220D-16
 N =            2     M =           10

At X0         0 variables are exactly at the bounds

At iterate    0    f=  3.42072D-01    |proj g|=  2.47371D-02

At iterate    1    f=  3.39738D-01    |proj g|=  2.22058D-02

At iterate    2    f=  3.32141D-01    |proj g|=  5.06642D-03

At iterate    3    f=  3.30345D-01    |proj g|=  2.83815D-03

At iterate    4    f=  3.33195D-01    |proj g|=  3.09980D-03

           * * *

Tit   = total number of iterations
Tnf   = total number of function evaluations
Tnint = total number of segments explored during Cauchy searches
Skip  = number of BFGS updates skipped
Nact  = number of active bounds at final generalized Cauchy point
Projg = norm of the final projected gradient
F     = final function value

           * * *

   N    Tit     Tnf  Tnint  Skip  Nact     Projg        F
    2      4      9      4     0     0   3.100D-03   3.332D-01
  F =  0.33319454668284920     

CONVERGENCE: REL_REDUCTION_OF_F_<=_FACTR*EPSMCH             

 Cauchy                time 0.000E+00 seconds.
 Subspace minimization time 0.000E+00 seconds.
 Line search           time 0.000E+00 seconds.

 Total User time 0.000E+00 seconds.

