params,test_err, norm:  [1.12668007 0.87105782] 0.02025799481172788 9.659027880483066
params,test_err, norm:  [1.30894322 0.61562147] 0.018007066052120265 9.659027880483066
params,test_err, norm:  [1.42507252 0.42671584] 0.016636551369369052 9.659027880483066
params,test_err, norm:  [1.42507252 0.42671584] 0.016636551369369052 9.659027880483066
params,test_err, norm:  [1.42507252 0.42671584] 0.016636551369369052 9.659027880483066
RUNNING THE L-BFGS-B CODE

           * * *

Machine precision = 2.220D-16
 N =            2     M =           10

At X0         0 variables are exactly at the bounds

At iterate    0    f=  3.46476D-01    |proj g|=  2.89422D-02

At iterate    1    f=  3.43604D-01    |proj g|=  2.59990D-02

At iterate    2    f=  3.36839D-01    |proj g|=  2.10268D-02

At iterate    3    f=  3.31300D-01    |proj g|=  8.90982D-03

At iterate    4    f=  3.28955D-01    |proj g|=  8.44436D-03
  ys= 0.000E+00  -gs= 0.000E+00 BFGS update SKIPPED

At iterate    5    f=  3.32082D-01    |proj g|=  9.07525D-03

           * * *

Tit   = total number of iterations
Tnf   = total number of function evaluations
Tnint = total number of segments explored during Cauchy searches
Skip  = number of BFGS updates skipped
Nact  = number of active bounds at final generalized Cauchy point
Projg = norm of the final projected gradient
F     = final function value

           * * *

   N    Tit     Tnf  Tnint  Skip  Nact     Projg        F
    2      5     17      6     1     0   9.075D-03   3.321D-01
  F =  0.33208183334955227     

CONVERGENCE: REL_REDUCTION_OF_F_<=_FACTR*EPSMCH             

 Cauchy                time 0.000E+00 seconds.
 Subspace minimization time 0.000E+00 seconds.
 Line search           time 0.000E+00 seconds.

 Total User time 0.000E+00 seconds.

