params,test_err, norm:  [1.13761404 0.86118696] 0.019655334563120526 10.879317592751717
params,test_err, norm:  [1.2074244  0.79901102] 0.019047533093443064 10.385965322474007
params,test_err, norm:  [1.2074244  0.79901102] 0.019047533093443064 10.385965322474007
RUNNING THE L-BFGS-B CODE

           * * *

Machine precision = 2.220D-16
 N =            2     M =           10

At X0         0 variables are exactly at the bounds

At iterate    0    f=  3.50325D-01    |proj g|=  3.88130D-02

At iterate    1    f=  3.45032D-01    |proj g|=  2.44483D-02

At iterate    2    f=  3.36277D-01    |proj g|=  2.14356D-02

At iterate    3    f=  3.37432D-01    |proj g|=  2.04319D-02

           * * *

Tit   = total number of iterations
Tnf   = total number of function evaluations
Tnint = total number of segments explored during Cauchy searches
Skip  = number of BFGS updates skipped
Nact  = number of active bounds at final generalized Cauchy point
Projg = norm of the final projected gradient
F     = final function value

           * * *

   N    Tit     Tnf  Tnint  Skip  Nact     Projg        F
    2      3     12      3     0     0   2.043D-02   3.374D-01
  F =  0.33743191087262703     

CONVERGENCE: REL_REDUCTION_OF_F_<=_FACTR*EPSMCH             

 Cauchy                time 0.000E+00 seconds.
 Subspace minimization time 0.000E+00 seconds.
 Line search           time 0.000E+00 seconds.

 Total User time 0.000E+00 seconds.

