params,test_err, norm:  [1.13019916 0.87427108] 0.019239516248142956 11.147802527936273
params,test_err, norm:  [1.35353578 0.46356062] 0.015837567585116667 11.147802527936273
params,test_err, norm:  [1.38030737 0.38683754] 0.01567858666011821 11.147802527936273
params,test_err, norm:  [1.38030737 0.38683754] 0.01567858666011821 11.147802527936273
RUNNING THE L-BFGS-B CODE

           * * *

Machine precision = 2.220D-16
 N =            2     M =           10

At X0         0 variables are exactly at the bounds

At iterate    0    f=  3.46282D-01    |proj g|=  3.01992D-02

At iterate    1    f=  3.43393D-01    |proj g|=  2.54271D-02

At iterate    2    f=  3.33975D-01    |proj g|=  1.40808D-02

At iterate    3    f=  3.28688D-01    |proj g|=  7.60623D-03

At iterate    4    f=  3.30607D-01    |proj g|=  6.13203D-03

           * * *

Tit   = total number of iterations
Tnf   = total number of function evaluations
Tnint = total number of segments explored during Cauchy searches
Skip  = number of BFGS updates skipped
Nact  = number of active bounds at final generalized Cauchy point
Projg = norm of the final projected gradient
F     = final function value

           * * *

   N    Tit     Tnf  Tnint  Skip  Nact     Projg        F
    2      4     11      5     0     0   6.132D-03   3.306D-01
  F =  0.33060740099861813     

CONVERGENCE: REL_REDUCTION_OF_F_<=_FACTR*EPSMCH             

 Cauchy                time 0.000E+00 seconds.
 Subspace minimization time 0.000E+00 seconds.
 Line search           time 0.000E+00 seconds.

 Total User time 0.000E+00 seconds.

